TN:
SF:src/App.tsx
FN:8,App
FNF:1
FNH:0
FNDA:0,App
DA:1,0
DA:9,0
DA:21,0
LF:3
LH:0
BRF:0
BRH:0
end_of_record
TN:
SF:src/__tests__/mocks/config.mock.ts
FN:6,(anonymous_0)
FN:6,(anonymous_1)
FN:6,(anonymous_2)
FNF:3
FNH:1
FNDA:0,(anonymous_0)
FNDA:0,(anonymous_1)
FNDA:10,(anonymous_2)
DA:6,15
LF:1
LH:1
BRF:0
BRH:0
end_of_record
TN:
SF:src/__tests__/mocks/env.mock.ts
FN:33,(anonymous_0)
FN:34,(anonymous_1)
FN:35,(anonymous_2)
FNF:3
FNH:0
FNDA:0,(anonymous_0)
FNDA:0,(anonymous_1)
FNDA:0,(anonymous_2)
DA:17,6
DA:28,6
DA:33,0
DA:34,0
DA:35,0
DA:42,6
LF:6
LH:3
BRF:0
BRH:0
end_of_record
TN:
SF:src/__tests__/mocks/server.ts
FN:20,(anonymous_0)
FN:23,(anonymous_1)
FN:20,(anonymous_2)
FN:23,(anonymous_3)
FN:23,(anonymous_4)
FN:23,(anonymous_5)
FN:26,(anonymous_6)
FN:30,(anonymous_7)
FN:35,(anonymous_8)
FN:40,(anonymous_9)
FNF:10
FNH:0
FNDA:0,(anonymous_0)
FNDA:0,(anonymous_1)
FNDA:0,(anonymous_2)
FNDA:0,(anonymous_3)
FNDA:0,(anonymous_4)
FNDA:0,(anonymous_5)
FNDA:0,(anonymous_6)
FNDA:0,(anonymous_7)
FNDA:0,(anonymous_8)
FNDA:0,(anonymous_9)
DA:6,26
DA:7,26
DA:8,26
DA:11,26
DA:17,26
DA:20,26
DA:23,26
DA:26,26
DA:27,0
DA:30,26
DA:31,0
DA:35,26
DA:36,0
DA:40,26
DA:42,0
DA:43,0
DA:59,0
DA:60,0
LF:18
LH:11
BRF:0
BRH:0
end_of_record
TN:
SF:src/__tests__/mocks/utils.mock.ts
FN:6,cn
FNF:1
FNH:1
FNDA:734,cn
DA:6,6
DA:7,734
LF:2
LH:2
BRF:0
BRH:0
end_of_record
TN:
SF:src/__tests__/utils/mswUtils.ts
FN:8,(anonymous_7)
FN:17,(anonymous_8)
FN:19,(anonymous_9)
FN:20,(anonymous_10)
FN:25,(anonymous_11)
FN:26,(anonymous_12)
FN:27,(anonymous_13)
FN:46,(anonymous_14)
FN:53,(anonymous_15)
FN:60,(anonymous_16)
FN:67,(anonymous_17)
FN:79,(anonymous_18)
FN:86,(anonymous_19)
FN:94,(anonymous_20)
FN:101,(anonymous_21)
FN:101,(anonymous_22)
FN:102,(anonymous_23)
FN:110,(anonymous_24)
FN:112,(anonymous_25)
FN:125,(anonymous_26)
FN:126,(anonymous_27)
FN:137,(anonymous_28)
FN:139,(anonymous_29)
FN:155,(anonymous_30)
FN:172,(anonymous_31)
FN:173,(anonymous_32)
FN:185,(anonymous_33)
FN:201,(anonymous_34)
FN:211,(anonymous_35)
FN:233,(anonymous_36)
FN:245,(anonymous_37)
FN:256,(anonymous_38)
FN:268,(anonymous_39)
FN:280,(anonymous_40)
FN:292,(anonymous_41)
FN:303,(anonymous_42)
FN:304,(anonymous_43)
FN:310,(anonymous_44)
FN:311,(anonymous_45)
FN:311,(anonymous_46)
FNF:40
FNH:0
FNDA:0,(anonymous_7)
FNDA:0,(anonymous_8)
FNDA:0,(anonymous_9)
FNDA:0,(anonymous_10)
FNDA:0,(anonymous_11)
FNDA:0,(anonymous_12)
FNDA:0,(anonymous_13)
FNDA:0,(anonymous_14)
FNDA:0,(anonymous_15)
FNDA:0,(anonymous_16)
FNDA:0,(anonymous_17)
FNDA:0,(anonymous_18)
FNDA:0,(anonymous_19)
FNDA:0,(anonymous_20)
FNDA:0,(anonymous_21)
FNDA:0,(anonymous_22)
FNDA:0,(anonymous_23)
FNDA:0,(anonymous_24)
FNDA:0,(anonymous_25)
FNDA:0,(anonymous_26)
FNDA:0,(anonymous_27)
FNDA:0,(anonymous_28)
FNDA:0,(anonymous_29)
FNDA:0,(anonymous_30)
FNDA:0,(anonymous_31)
FNDA:0,(anonymous_32)
FNDA:0,(anonymous_33)
FNDA:0,(anonymous_34)
FNDA:0,(anonymous_35)
FNDA:0,(anonymous_36)
FNDA:0,(anonymous_37)
FNDA:0,(anonymous_38)
FNDA:0,(anonymous_39)
FNDA:0,(anonymous_40)
FNDA:0,(anonymous_41)
FNDA:0,(anonymous_42)
FNDA:0,(anonymous_43)
FNDA:0,(anonymous_44)
FNDA:0,(anonymous_45)
FNDA:0,(anonymous_46)
DA:7,0
DA:8,0
DA:16,0
DA:17,0
DA:19,0
DA:20,0
DA:25,0
DA:26,0
DA:27,0
DA:34,0
DA:35,0
DA:42,0
DA:47,0
DA:54,0
DA:61,0
DA:68,0
DA:75,0
DA:85,0
DA:86,0
DA:87,0
DA:100,0
DA:101,0
DA:102,0
DA:103,0
DA:111,0
DA:112,0
DA:113,0
DA:126,0
DA:127,0
DA:138,0
DA:139,0
DA:140,0
DA:151,0
DA:155,0
DA:173,0
DA:174,0
DA:185,0
DA:201,0
DA:212,0
DA:213,0
DA:214,0
DA:215,0
DA:217,0
DA:229,0
DA:237,0
DA:250,0
DA:260,0
DA:272,0
DA:284,0
DA:296,0
DA:303,0
DA:304,0
DA:310,0
DA:311,0
DA:313,0
DA:314,0
DA:316,0
DA:317,0
DA:320,0
LF:59
LH:0
BRDA:7,0,0,0
BRDA:7,0,1,0
BRDA:16,1,0,0
BRDA:16,1,1,0
BRDA:103,2,0,0
BRDA:103,2,1,0
BRDA:155,3,0,0
BRDA:172,4,0,0
BRDA:185,5,0,0
BRDA:201,6,0,0
BRDA:211,7,0,0
BRDA:211,8,0,0
BRDA:219,9,0,0
BRDA:219,9,1,0
BRDA:220,10,0,0
BRDA:220,10,1,0
BRDA:235,11,0,0
BRDA:247,12,0,0
BRDA:248,13,0,0
BRDA:258,14,0,0
BRDA:270,15,0,0
BRDA:282,16,0,0
BRDA:294,17,0,0
BRDA:303,18,0,0
BRF:24
BRH:0
end_of_record
TN:
SF:src/components/index.ts
FN:13,(anonymous_5)
FN:14,(anonymous_6)
FN:16,(anonymous_7)
FN:17,(anonymous_8)
FN:18,(anonymous_9)
FN:19,(anonymous_10)
FN:20,(anonymous_11)
FNF:7
FNH:3
FNDA:33,(anonymous_5)
FNDA:0,(anonymous_6)
FNDA:0,(anonymous_7)
FNDA:25,(anonymous_8)
FNDA:0,(anonymous_9)
FNDA:0,(anonymous_10)
FNDA:25,(anonymous_11)
DA:7,2
DA:10,2
DA:13,35
DA:14,2
DA:16,2
DA:17,27
DA:18,2
DA:19,2
DA:20,27
LF:9
LH:9
BRF:0
BRH:0
end_of_record
TN:
SF:src/components/feature/index.ts
FN:6,(anonymous_5)
FN:7,(anonymous_6)
FN:8,(anonymous_7)
FN:9,(anonymous_8)
FN:10,(anonymous_9)
FNF:5
FNH:1
FNDA:25,(anonymous_5)
FNDA:0,(anonymous_6)
FNDA:0,(anonymous_7)
FNDA:0,(anonymous_8)
FNDA:0,(anonymous_9)
DA:6,27
DA:7,2
DA:8,2
DA:9,2
DA:10,2
DA:12,2
DA:13,2
DA:14,2
DA:15,2
DA:16,2
DA:19,2
LF:11
LH:11
BRF:0
BRH:0
end_of_record
TN:
SF:src/components/feature/Filter/Filter.tsx
FN:25,(anonymous_0)
FN:32,(anonymous_1)
FN:89,(anonymous_2)
FNF:3
FNH:3
FNDA:62,(anonymous_0)
FNDA:11,(anonymous_1)
FNDA:1,(anonymous_2)
DA:6,3
DA:7,3
DA:9,3
DA:10,3
DA:11,3
DA:25,3
DA:30,62
DA:32,62
DA:33,11
DA:36,62
DA:90,1
DA:91,1
DA:104,3
LF:13
LH:13
BRDA:28,0,0,61
BRDA:71,1,0,9
BRDA:71,1,1,53
BRDA:81,2,0,9
BRDA:81,2,1,53
BRF:5
BRH:5
end_of_record
TN:
SF:src/components/feature/Filter/index.ts
FN:1,(anonymous_1)
FN:2,(anonymous_2)
FNF:2
FNH:1
FNDA:0,(anonymous_1)
FNDA:25,(anonymous_2)
DA:1,2
DA:2,27
LF:2
LH:2
BRF:0
BRH:0
end_of_record
TN:
SF:src/components/feature/FilterButtons/FilterButtons.tsx
FN:53,(anonymous_0)
FN:70,(anonymous_1)
FN:76,(anonymous_2)
FNF:3
FNH:3
FNDA:57,(anonymous_0)
FNDA:171,(anonymous_1)
FNDA:8,(anonymous_2)
DA:23,3
DA:50,3
DA:51,3
DA:53,3
DA:59,57
DA:64,57
DA:68,57
DA:71,171
DA:73,171
DA:76,8
DA:99,3
LF:11
LH:11
BRDA:56,0,0,5
BRDA:59,1,0,51
BRDA:59,1,1,6
BRDA:64,2,0,51
BRDA:64,2,1,6
BRDA:83,3,0,57
BRDA:83,3,1,114
BRF:7
BRH:7
end_of_record
TN:
SF:src/components/feature/FilterButtons/index.ts
FN:1,(anonymous_5)
FNF:1
FNH:0
FNDA:0,(anonymous_5)
DA:1,2
DA:2,2
LF:2
LH:2
BRF:0
BRH:0
end_of_record
TN:
SF:src/components/feature/Layout/Footer.tsx
FN:13,(anonymous_0)
FNF:1
FNH:1
FNDA:7,(anonymous_0)
DA:6,1
DA:7,1
DA:8,1
DA:13,1
DA:14,7
DA:16,7
DA:152,1
LF:7
LH:7
BRF:0
BRH:0
end_of_record
TN:
SF:src/components/feature/Layout/Layout.tsx
FN:44,(anonymous_1)
FN:81,(anonymous_2)
FN:105,(anonymous_3)
FNF:3
FNH:3
FNDA:9,(anonymous_1)
FNDA:1,(anonymous_2)
FNDA:2,(anonymous_3)
DA:8,1
DA:10,1
DA:11,1
DA:12,1
DA:44,1
DA:51,9
DA:81,1
DA:88,1
DA:105,1
DA:114,2
DA:124,1
LF:11
LH:11
BRDA:47,0,0,7
BRDA:48,1,0,7
BRDA:49,2,0,7
BRDA:54,3,0,9
BRDA:54,3,1,7
BRDA:60,4,0,9
BRDA:60,4,1,7
BRDA:61,5,0,9
BRDA:61,5,1,2
BRDA:70,6,0,9
BRDA:70,6,1,7
BRDA:116,7,0,2
BRDA:116,7,1,1
BRF:13
BRH:13
end_of_record
TN:
SF:src/components/feature/Layout/NotificationSystem.tsx
FN:27,(anonymous_0)
FNF:1
FNH:1
FNDA:6,(anonymous_0)
DA:6,1
DA:27,1
DA:28,6
DA:48,1
LF:4
LH:4
BRF:0
BRH:0
end_of_record
TN:
SF:src/components/feature/LoginForm/LoginForm.tsx
FN:55,(anonymous_7)
FN:81,(anonymous_8)
FN:91,(anonymous_9)
FN:92,(anonymous_10)
FN:100,(anonymous_11)
FN:100,(anonymous_12)
FN:124,(anonymous_13)
FN:291,(anonymous_14)
FNF:8
FNH:8
FNDA:44,(anonymous_7)
FNDA:17,(anonymous_8)
FNDA:17,(anonymous_9)
FNDA:17,(anonymous_10)
FNDA:1,(anonymous_11)
FNDA:1,(anonymous_12)
FNDA:3,(anonymous_13)
FNDA:1,(anonymous_14)
DA:6,1
DA:7,1
DA:8,1
DA:9,1
DA:10,1
DA:12,1
DA:13,1
DA:14,1
DA:15,1
DA:16,1
DA:17,1
DA:19,1
DA:35,1
DA:47,1
DA:55,1
DA:59,44
DA:61,44
DA:62,44
DA:69,44
DA:81,44
DA:82,17
DA:83,0
DA:84,0
DA:91,44
DA:92,17
DA:93,17
DA:100,44
DA:101,1
DA:103,1
DA:106,1
DA:111,1
DA:113,1
DA:114,1
DA:117,0
DA:124,44
DA:125,3
DA:128,44
DA:130,44
DA:291,1
DA:304,1
LF:40
LH:37
BRDA:56,0,0,44
BRDA:82,1,0,0
BRDA:82,1,1,17
BRDA:83,2,0,0
BRDA:83,2,1,0
BRDA:83,3,0,0
BRDA:83,3,1,0
BRDA:113,4,0,1
BRDA:113,4,1,0
BRDA:128,5,0,44
BRDA:128,5,1,40
BRDA:147,6,0,44
BRDA:147,6,1,2
BRDA:173,7,0,2
BRDA:173,7,1,42
BRDA:181,8,0,44
BRDA:181,8,1,2
BRDA:204,9,0,2
BRDA:204,9,1,42
BRDA:207,10,0,3
BRDA:207,10,1,41
BRDA:220,11,0,2
BRDA:220,11,1,42
BRDA:227,12,0,44
BRDA:227,12,1,3
BRDA:262,13,0,7
BRDA:262,13,1,37
BRF:27
BRH:21
end_of_record
TN:
SF:src/components/feature/LoginForm/index.ts
FN:5,(anonymous_1)
FN:5,(anonymous_2)
FNF:2
FNH:0
FNDA:0,(anonymous_1)
FNDA:0,(anonymous_2)
DA:5,0
LF:1
LH:0
BRF:0
BRH:0
end_of_record
TN:
SF:src/components/feature/Navigation/Navigation.tsx
FN:59,(anonymous_7)
FN:61,(anonymous_8)
FN:63,(anonymous_9)
FN:85,(anonymous_10)
FN:114,(anonymous_11)
FN:119,(anonymous_12)
FN:119,(anonymous_13)
FN:135,(anonymous_14)
FN:149,(anonymous_15)
FN:166,(anonymous_16)
FN:179,(anonymous_17)
FN:198,(anonymous_18)
FN:213,(anonymous_19)
FN:235,(anonymous_20)
FN:267,(anonymous_21)
FN:273,(anonymous_22)
FN:288,(anonymous_23)
FN:330,(anonymous_24)
FN:347,(anonymous_25)
FNF:19
FNH:0
FNDA:0,(anonymous_7)
FNDA:0,(anonymous_8)
FNDA:0,(anonymous_9)
FNDA:0,(anonymous_10)
FNDA:0,(anonymous_11)
FNDA:0,(anonymous_12)
FNDA:0,(anonymous_13)
FNDA:0,(anonymous_14)
FNDA:0,(anonymous_15)
FNDA:0,(anonymous_16)
FNDA:0,(anonymous_17)
FNDA:0,(anonymous_18)
FNDA:0,(anonymous_19)
FNDA:0,(anonymous_20)
FNDA:0,(anonymous_21)
FNDA:0,(anonymous_22)
FNDA:0,(anonymous_23)
FNDA:0,(anonymous_24)
FNDA:0,(anonymous_25)
DA:6,0
DA:7,0
DA:8,0
DA:9,0
DA:10,0
DA:20,0
DA:35,0
DA:59,0
DA:60,0
DA:61,0
DA:63,0
DA:64,0
DA:71,0
DA:74,0
DA:76,0
DA:86,0
DA:87,0
DA:89,0
DA:114,0
DA:115,0
DA:116,0
DA:117,0
DA:119,0
DA:120,0
DA:121,0
DA:122,0
DA:124,0
DA:128,0
DA:130,0
DA:135,0
DA:149,0
DA:167,0
DA:168,0
DA:180,0
DA:181,0
DA:198,0
DA:207,0
DA:208,0
DA:210,0
DA:212,0
DA:213,0
DA:216,0
DA:236,0
DA:237,0
DA:239,0
DA:267,0
DA:268,0
DA:269,0
DA:270,0
DA:272,0
DA:273,0
DA:276,0
DA:289,0
DA:290,0
DA:292,0
DA:330,0
DA:347,0
DA:354,0
LF:58
LH:0
BRDA:71,0,0,0
BRDA:71,0,1,0
BRDA:74,1,0,0
BRDA:74,1,1,0
BRDA:92,2,0,0
BRDA:92,2,1,0
BRDA:128,3,0,0
BRDA:128,3,1,0
BRDA:141,4,0,0
BRDA:141,4,1,0
BRDA:144,5,0,0
BRDA:144,5,1,0
BRDA:156,6,0,0
BRDA:156,6,1,0
BRDA:210,7,0,0
BRDA:210,7,1,0
BRDA:213,8,0,0
BRDA:213,8,1,0
BRDA:246,9,0,0
BRDA:246,9,1,0
BRDA:273,10,0,0
BRDA:273,10,1,0
BRDA:298,11,0,0
BRDA:298,11,1,0
BRDA:312,12,0,0
BRDA:312,12,1,0
BRF:26
BRH:0
end_of_record
TN:
SF:src/components/feature/RegisterForm/RegisterForm.tsx
FN:33,(anonymous_0)
FN:233,(anonymous_1)
FN:312,(anonymous_2)
FN:367,(anonymous_3)
FNF:4
FNH:0
FNDA:0,(anonymous_0)
FNDA:0,(anonymous_1)
FNDA:0,(anonymous_2)
FNDA:0,(anonymous_3)
DA:7,0
DA:8,0
DA:9,0
DA:10,0
DA:13,0
DA:16,0
DA:17,0
DA:18,0
DA:19,0
DA:26,0
DA:27,0
DA:28,0
DA:33,0
DA:60,0
DA:62,0
DA:233,0
DA:312,0
DA:368,0
DA:442,0
LF:19
LH:0
BRDA:77,0,0,0
BRDA:77,0,1,0
BRDA:80,1,0,0
BRDA:80,1,1,0
BRDA:82,2,0,0
BRDA:82,2,1,0
BRDA:100,3,0,0
BRDA:100,3,1,0
BRDA:105,4,0,0
BRDA:105,4,1,0
BRDA:132,5,0,0
BRDA:132,5,1,0
BRDA:137,6,0,0
BRDA:137,6,1,0
BRDA:164,7,0,0
BRDA:164,7,1,0
BRDA:169,8,0,0
BRDA:169,8,1,0
BRDA:196,9,0,0
BRDA:196,9,1,0
BRDA:201,10,0,0
BRDA:201,10,1,0
BRDA:224,11,0,0
BRDA:224,11,1,0
BRDA:228,12,0,0
BRDA:228,12,1,0
BRDA:235,13,0,0
BRDA:235,13,1,0
BRDA:238,14,0,0
BRDA:238,14,1,0
BRDA:249,15,0,0
BRDA:249,15,1,0
BRDA:263,16,0,0
BRDA:263,16,1,0
BRDA:269,17,0,0
BRDA:269,17,1,0
BRDA:271,18,0,0
BRDA:271,18,1,0
BRDA:303,19,0,0
BRDA:303,19,1,0
BRDA:307,20,0,0
BRDA:307,20,1,0
BRDA:314,21,0,0
BRDA:314,21,1,0
BRDA:319,22,0,0
BRDA:319,22,1,0
BRDA:330,23,0,0
BRDA:330,23,1,0
BRDA:344,24,0,0
BRDA:344,24,1,0
BRDA:344,24,2,0
BRDA:349,25,0,0
BRDA:349,25,1,0
BRDA:354,26,0,0
BRDA:354,26,1,0
BRDA:372,27,0,0
BRDA:372,27,1,0
BRDA:389,28,0,0
BRDA:389,28,1,0
BRDA:418,29,0,0
BRDA:418,29,1,0
BRDA:420,30,0,0
BRDA:420,30,1,0
BRDA:420,31,0,0
BRDA:420,31,1,0
BRF:65
BRH:0
end_of_record
TN:
SF:src/components/feature/RegisterForm/index.ts
FN:6,(anonymous_1)
FN:6,(anonymous_2)
FN:8,(anonymous_3)
FNF:3
FNH:0
FNDA:0,(anonymous_1)
FNDA:0,(anonymous_2)
FNDA:0,(anonymous_3)
DA:6,0
DA:7,0
DA:8,0
LF:3
LH:0
BRF:0
BRH:0
end_of_record
TN:
SF:src/components/feature/RegisterForm/hooks/index.ts
FN:7,(anonymous_0)
FNF:1
FNH:0
FNDA:0,(anonymous_0)
DA:6,0
DA:7,0
LF:2
LH:0
BRF:0
BRH:0
end_of_record
TN:
SF:src/components/feature/RegisterForm/hooks/useRegisterForm.ts
FN:69,(anonymous_8)
FN:111,(anonymous_9)
FN:118,(anonymous_10)
FN:118,(anonymous_11)
FNF:4
FNH:0
FNDA:0,(anonymous_8)
FNDA:0,(anonymous_9)
FNDA:0,(anonymous_10)
FNDA:0,(anonymous_11)
DA:6,0
DA:7,0
DA:8,0
DA:9,0
DA:12,0
DA:16,0
DA:19,0
DA:69,0
DA:70,0
DA:76,0
DA:79,0
DA:80,0
DA:84,0
DA:100,0
DA:101,0
DA:104,0
DA:105,0
DA:108,0
DA:111,0
DA:112,0
DA:118,0
DA:119,0
DA:121,0
DA:124,0
DA:125,0
DA:126,0
DA:130,0
DA:140,0
DA:142,0
DA:144,0
DA:147,0
DA:149,0
DA:153,0
DA:157,0
DA:161,0
LF:35
LH:0
BRDA:100,0,0,0
BRDA:100,0,1,0
BRDA:101,1,0,0
BRDA:101,1,1,0
BRDA:124,2,0,0
BRDA:124,2,1,0
BRDA:142,3,0,0
BRDA:142,3,1,0
BRDA:147,4,0,0
BRDA:147,4,1,0
BRF:10
BRH:0
end_of_record
TN:
SF:src/components/feature/StatsChart/StatsChart.tsx
FN:78,(anonymous_1)
FN:91,(anonymous_2)
FN:122,(anonymous_3)
FN:132,(anonymous_4)
FN:186,(anonymous_5)
FN:281,(anonymous_6)
FN:290,(anonymous_7)
FNF:7
FNH:0
FNDA:0,(anonymous_1)
FNDA:0,(anonymous_2)
FNDA:0,(anonymous_3)
FNDA:0,(anonymous_4)
FNDA:0,(anonymous_5)
FNDA:0,(anonymous_6)
FNDA:0,(anonymous_7)
DA:15,2
DA:16,2
DA:17,2
DA:18,2
DA:56,2
DA:63,2
DA:77,2
DA:91,0
DA:92,0
DA:94,0
DA:95,0
DA:102,0
DA:103,0
DA:110,0
DA:111,0
DA:118,0
DA:122,0
DA:123,0
DA:137,0
DA:138,0
DA:186,0
DA:258,0
DA:259,0
DA:276,0
DA:280,0
DA:282,0
DA:283,0
DA:289,0
DA:291,0
DA:292,0
DA:293,0
DA:304,0
DA:305,0
DA:318,0
DA:319,0
DA:333,0
DA:334,0
DA:349,0
DA:372,2
DA:374,2
LF:40
LH:9
BRDA:80,0,0,0
BRDA:81,1,0,0
BRDA:82,2,0,0
BRDA:83,3,0,0
BRDA:84,4,0,0
BRDA:87,5,0,0
BRDA:88,6,0,0
BRDA:94,7,0,0
BRDA:94,7,1,0
BRDA:102,8,0,0
BRDA:102,8,1,0
BRDA:110,9,0,0
BRDA:110,9,1,0
BRDA:110,10,0,0
BRDA:110,10,1,0
BRDA:258,11,0,0
BRDA:258,11,1,0
BRDA:283,12,0,0
BRDA:283,12,1,0
BRDA:283,13,0,0
BRDA:283,13,1,0
BRDA:291,14,0,0
BRDA:291,14,1,0
BRDA:304,15,0,0
BRDA:304,15,1,0
BRDA:318,16,0,0
BRDA:318,16,1,0
BRDA:333,17,0,0
BRDA:333,17,1,0
BRF:29
BRH:0
end_of_record
TN:
SF:src/components/feature/StatsChart/index.ts
FN:5,(anonymous_1)
FN:5,(anonymous_2)
FNF:2
FNH:0
FNDA:0,(anonymous_1)
FNDA:0,(anonymous_2)
DA:5,2
LF:1
LH:1
BRF:0
BRH:0
end_of_record
TN:
SF:src/components/feature/StatsSection/StatsSection.tsx
FN:23,(anonymous_0)
FNF:1
FNH:1
FNDA:40,(anonymous_0)
DA:6,3
DA:7,3
DA:8,3
DA:23,3
DA:25,40
DA:29,40
DA:80,3
LF:7
LH:7
BRDA:25,0,0,14
BRDA:25,0,1,26
BRF:2
BRH:2
end_of_record
TN:
SF:src/components/feature/StatsSection/index.ts
FN:1,(anonymous_5)
FNF:1
FNH:1
FNDA:25,(anonymous_5)
DA:1,27
DA:2,2
LF:2
LH:2
BRF:0
BRH:0
end_of_record
TN:
SF:src/components/feature/TaskForm/TaskForm.tsx
FN:75,(anonymous_7)
FN:104,(anonymous_8)
FN:109,(anonymous_9)
FN:122,(anonymous_10)
FN:122,(anonymous_11)
FN:186,(anonymous_12)
FN:211,(anonymous_13)
FN:237,(anonymous_14)
FN:245,(anonymous_15)
FNF:9
FNH:9
FNDA:34,(anonymous_7)
FNDA:11,(anonymous_8)
FNDA:11,(anonymous_9)
FNDA:3,(anonymous_10)
FNDA:3,(anonymous_11)
FNDA:81,(anonymous_12)
FNDA:69,(anonymous_13)
FNDA:38,(anonymous_14)
FNDA:114,(anonymous_15)
DA:7,3
DA:8,3
DA:9,3
DA:10,3
DA:12,3
DA:13,3
DA:14,3
DA:15,3
DA:16,3
DA:23,3
DA:24,3
DA:26,3
DA:59,3
DA:75,3
DA:84,34
DA:85,34
DA:93,34
DA:104,34
DA:105,11
DA:109,34
DA:110,11
DA:111,2
DA:122,34
DA:123,3
DA:124,3
DA:125,3
DA:128,3
DA:134,3
DA:135,1
DA:137,2
DA:141,3
DA:142,0
DA:146,3
DA:147,2
DA:150,0
DA:152,3
DA:156,34
DA:187,81
DA:212,69
DA:238,38
DA:246,114
DA:290,3
LF:42
LH:40
BRDA:78,0,0,32
BRDA:79,1,0,27
BRDA:81,2,0,34
BRDA:96,3,0,34
BRDA:96,3,1,27
BRDA:96,3,2,27
BRDA:96,4,0,27
BRDA:96,4,1,7
BRDA:96,5,0,34
BRDA:96,5,1,34
BRDA:96,6,0,27
BRDA:96,6,1,0
BRDA:96,7,0,27
BRDA:96,7,1,27
BRDA:97,8,0,34
BRDA:97,8,1,27
BRDA:97,9,0,27
BRDA:97,9,1,7
BRDA:97,10,0,34
BRDA:97,10,1,34
BRDA:98,11,0,34
BRDA:98,11,1,27
BRDA:98,12,0,27
BRDA:98,12,1,7
BRDA:98,13,0,34
BRDA:98,13,1,34
BRDA:110,14,0,2
BRDA:110,14,1,9
BRDA:110,15,0,11
BRDA:110,15,1,2
BRDA:112,16,0,2
BRDA:112,16,1,0
BRDA:112,16,2,0
BRDA:113,17,0,2
BRDA:113,17,1,0
BRDA:134,18,0,1
BRDA:134,18,1,2
BRDA:134,19,0,3
BRDA:134,19,1,1
BRDA:141,20,0,0
BRDA:141,20,1,3
BRDA:146,21,0,2
BRDA:146,21,1,1
BRDA:161,22,0,7
BRDA:161,22,1,27
BRDA:167,23,0,34
BRDA:167,23,1,2
BRDA:171,24,0,2
BRDA:171,24,1,0
BRDA:191,25,0,3
BRDA:191,25,1,78
BRDA:196,26,0,34
BRDA:196,26,1,2
BRDA:217,27,0,0
BRDA:217,27,1,69
BRDA:222,28,0,34
BRDA:222,28,1,0
BRDA:240,29,0,0
BRDA:240,29,1,38
BRDA:259,30,0,34
BRDA:259,30,1,0
BRDA:270,31,0,34
BRDA:270,31,1,8
BRDA:270,31,2,8
BRDA:273,32,0,2
BRDA:273,32,1,32
BRDA:273,33,0,34
BRDA:273,33,1,34
BRDA:276,34,0,0
BRDA:276,34,1,2
BRDA:279,35,0,32
BRDA:279,35,1,32
BRDA:280,36,0,7
BRDA:280,36,1,25
BRF:74
BRH:63
end_of_record
TN:
SF:src/components/feature/TaskForm/index.ts
FNF:0
FNH:0
DA:1,2
LF:1
LH:1
BRF:0
BRH:0
end_of_record
TN:
SF:src/components/feature/TodoItem/TodoItem.tsx
FN:16,(anonymous_0)
FN:24,(anonymous_1)
FN:28,(anonymous_2)
FNF:3
FNH:3
FNDA:39,(anonymous_0)
FNDA:1,(anonymous_1)
FNDA:1,(anonymous_2)
DA:6,4
DA:8,4
DA:16,4
DA:18,39
DA:19,39
DA:21,39
DA:24,39
DA:25,1
DA:28,39
DA:29,1
DA:32,39
DA:130,4
LF:12
LH:12
BRDA:18,0,0,39
BRDA:18,0,1,0
BRDA:18,1,0,39
BRDA:18,1,1,39
BRDA:18,2,0,39
BRDA:18,2,1,0
BRDA:18,3,0,39
BRDA:18,3,1,39
BRDA:19,4,0,39
BRDA:19,4,1,0
BRDA:19,4,2,0
BRDA:21,5,0,39
BRDA:21,5,1,10
BRDA:22,6,0,0
BRDA:22,6,1,10
BRDA:25,7,0,0
BRDA:25,7,1,1
BRDA:25,8,0,1
BRDA:25,8,1,1
BRDA:29,9,0,0
BRDA:29,9,1,1
BRDA:29,10,0,1
BRDA:29,10,1,1
BRDA:37,11,0,18
BRDA:37,11,1,21
BRDA:52,12,0,18
BRDA:52,12,1,21
BRDA:58,13,0,18
BRDA:58,13,1,21
BRDA:61,14,0,39
BRDA:61,14,1,18
BRDA:72,15,0,18
BRDA:72,15,1,21
BRDA:79,16,0,39
BRDA:79,16,1,39
BRDA:83,17,0,18
BRDA:83,17,1,21
BRDA:97,18,0,18
BRDA:97,18,1,21
BRDA:103,19,0,39
BRDA:103,19,1,0
BRDA:104,20,0,0
BRDA:104,20,1,0
BRDA:108,21,0,39
BRDA:108,21,1,29
BRF:45
BRH:35
end_of_record
TN:
SF:src/components/feature/TodoItem/index.ts
FN:1,(anonymous_5)
FNF:1
FNH:0
FNDA:0,(anonymous_5)
DA:1,3
DA:2,3
LF:2
LH:2
BRF:0
BRH:0
end_of_record
TN:
SF:src/components/feature/TodoList/TodoList.tsx
FN:25,(anonymous_0)
FN:77,(anonymous_1)
FN:85,(anonymous_2)
FN:86,(anonymous_3)
FNF:4
FNH:2
FNDA:40,(anonymous_0)
FNDA:28,(anonymous_1)
FNDA:0,(anonymous_2)
FNDA:0,(anonymous_3)
DA:7,3
DA:8,3
DA:9,3
DA:10,3
DA:25,3
DA:32,40
DA:33,30
DA:73,10
DA:78,28
DA:85,0
DA:86,0
DA:95,3
LF:12
LH:10
BRDA:27,0,0,14
BRDA:32,1,0,30
BRDA:32,1,1,10
BRDA:56,2,0,30
BRDA:56,2,1,25
BRF:5
BRH:5
end_of_record
TN:
SF:src/components/feature/TodoList/index.ts
FN:1,(anonymous_5)
FNF:1
FNH:1
FNDA:25,(anonymous_5)
DA:1,27
DA:2,2
LF:2
LH:2
BRF:0
BRH:0
end_of_record
TN:
SF:src/config/index.ts
FN:6,(anonymous_0)
FN:6,(anonymous_1)
FN:6,(anonymous_2)
FNF:3
FNH:0
FNDA:0,(anonymous_0)
FNDA:0,(anonymous_1)
FNDA:0,(anonymous_2)
DA:6,0
LF:1
LH:0
BRF:0
BRH:0
end_of_record
TN:
SF:src/hooks/useForm.ts
FN:125,useForm
FN:151,(anonymous_8)
FN:160,(anonymous_9)
FN:178,(anonymous_10)
FN:182,(anonymous_11)
FN:202,(anonymous_12)
FN:212,(anonymous_13)
FN:215,(anonymous_14)
FN:215,(anonymous_15)
FN:231,(anonymous_16)
FNF:10
FNH:10
FNDA:38,useForm
FNDA:9,(anonymous_8)
FNDA:4,(anonymous_9)
FNDA:2,(anonymous_10)
FNDA:4,(anonymous_11)
FNDA:2,(anonymous_12)
FNDA:6,(anonymous_13)
FNDA:6,(anonymous_14)
FNDA:6,(anonymous_15)
FNDA:1,(anonymous_16)
DA:7,1
DA:8,1
DA:15,1
DA:125,1
DA:132,38
DA:139,38
DA:140,38
DA:141,38
DA:144,38
DA:145,38
DA:146,38
DA:151,38
DA:152,9
DA:153,9
DA:159,38
DA:161,4
DA:164,4
DA:165,2
DA:177,38
DA:179,2
DA:182,2
DA:183,4
DA:184,4
DA:192,2
DA:193,2
DA:202,38
DA:203,2
DA:204,2
DA:205,2
DA:211,38
DA:215,6
DA:216,6
DA:218,6
DA:221,6
DA:224,6
DA:227,3
DA:230,3
DA:231,2
DA:232,1
DA:237,3
DA:240,3
DA:252,3
DA:253,2
DA:256,2
DA:257,1
DA:260,1
DA:261,1
DA:268,0
DA:269,0
DA:276,0
DA:283,1
DA:284,1
DA:290,0
DA:297,3
DA:311,38
DA:348,1
LF:56
LH:52
BRDA:127,0,0,29
BRDA:128,1,0,34
BRDA:164,2,0,2
BRDA:164,2,1,2
BRDA:183,3,0,4
BRDA:183,3,1,0
BRDA:192,4,0,2
BRDA:192,4,1,0
BRDA:230,5,0,2
BRDA:230,5,1,1
BRDA:252,6,0,2
BRDA:252,6,1,1
BRDA:252,7,0,1
BRDA:252,7,1,2
BRDA:252,8,0,3
BRDA:252,8,1,3
BRDA:252,9,0,0
BRDA:252,9,1,3
BRDA:252,10,0,3
BRDA:252,10,1,3
BRDA:256,11,0,1
BRDA:256,11,1,1
BRDA:260,12,0,1
BRDA:260,12,1,0
BRDA:260,13,0,1
BRDA:260,13,1,1
BRDA:268,14,0,0
BRDA:268,14,1,0
BRDA:283,15,0,1
BRDA:283,15,1,0
BRDA:283,16,0,0
BRDA:283,16,1,1
BRDA:283,17,0,1
BRDA:283,17,1,1
BRF:34
BRH:26
end_of_record
TN:
SF:src/hooks/useTodo.ts
FN:98,(anonymous_8)
FN:117,(anonymous_9)
FN:120,(anonymous_10)
FN:158,(anonymous_11)
FN:158,(anonymous_12)
FN:192,(anonymous_13)
FN:192,(anonymous_14)
FN:225,(anonymous_15)
FN:225,(anonymous_16)
FN:258,(anonymous_17)
FN:258,(anonymous_18)
FN:263,(anonymous_19)
FN:302,(anonymous_20)
FN:302,(anonymous_21)
FN:336,(anonymous_22)
FN:345,(anonymous_23)
FN:354,(anonymous_24)
FN:366,(anonymous_25)
FN:381,(anonymous_26)
FN:386,(anonymous_27)
FNF:20
FNH:17
FNDA:85,(anonymous_8)
FNDA:29,(anonymous_9)
FNDA:29,(anonymous_10)
FNDA:2,(anonymous_11)
FNDA:2,(anonymous_12)
FNDA:2,(anonymous_13)
FNDA:2,(anonymous_14)
FNDA:2,(anonymous_15)
FNDA:2,(anonymous_16)
FNDA:2,(anonymous_17)
FNDA:2,(anonymous_18)
FNDA:2,(anonymous_19)
FNDA:0,(anonymous_20)
FNDA:0,(anonymous_21)
FNDA:7,(anonymous_22)
FNDA:1,(anonymous_23)
FNDA:1,(anonymous_24)
FNDA:0,(anonymous_25)
FNDA:1,(anonymous_26)
FNDA:26,(anonymous_27)
DA:6,3
DA:7,3
DA:8,3
DA:36,3
DA:37,3
DA:98,3
DA:99,85
DA:102,85
DA:103,85
DA:104,85
DA:105,85
DA:106,85
DA:107,85
DA:108,85
DA:109,85
DA:116,85
DA:120,29
DA:121,29
DA:122,29
DA:123,29
DA:125,20
DA:126,4
DA:133,2
DA:140,20
DA:157,85
DA:158,2
DA:159,2
DA:160,2
DA:161,2
DA:163,2
DA:164,1
DA:166,1
DA:173,0
DA:191,85
DA:192,2
DA:193,2
DA:194,2
DA:195,2
DA:197,2
DA:198,1
DA:200,1
DA:207,0
DA:224,85
DA:225,2
DA:226,2
DA:227,2
DA:228,2
DA:230,2
DA:231,1
DA:233,1
DA:240,0
DA:257,85
DA:258,2
DA:259,2
DA:261,2
DA:263,2
DA:264,2
DA:266,2
DA:270,2
DA:271,1
DA:274,1
DA:275,1
DA:283,0
DA:284,0
DA:301,85
DA:302,0
DA:303,0
DA:304,0
DA:306,0
DA:307,0
DA:309,0
DA:318,0
DA:335,85
DA:337,7
DA:345,85
DA:346,1
DA:353,85
DA:355,1
DA:365,85
DA:367,0
DA:373,0
DA:381,85
DA:382,1
DA:386,85
DA:387,26
DA:390,85
DA:423,3
LF:87
LH:73
BRDA:125,0,0,4
BRDA:125,0,1,2
BRDA:135,1,0,2
BRDA:135,1,1,0
BRDA:144,2,0,14
BRDA:144,2,1,6
BRDA:163,3,0,1
BRDA:163,3,1,1
BRDA:168,4,0,1
BRDA:168,4,1,0
BRDA:177,5,0,0
BRDA:177,5,1,0
BRDA:197,6,0,1
BRDA:197,6,1,1
BRDA:202,7,0,1
BRDA:202,7,1,0
BRDA:211,8,0,0
BRDA:211,8,1,0
BRDA:230,9,0,1
BRDA:230,9,1,1
BRDA:235,10,0,1
BRDA:235,10,1,0
BRDA:244,11,0,0
BRDA:244,11,1,0
BRDA:264,12,0,0
BRDA:264,12,1,2
BRDA:270,13,0,1
BRDA:270,13,1,1
BRDA:277,14,0,1
BRDA:277,14,1,0
BRDA:288,15,0,0
BRDA:288,15,1,0
BRDA:306,16,0,0
BRDA:306,16,1,0
BRDA:312,17,0,0
BRDA:312,17,1,0
BRDA:322,18,0,0
BRDA:322,18,1,0
BRDA:373,19,0,0
BRDA:373,19,1,0
BRF:40
BRH:18
end_of_record
TN:
SF:src/lib/utils.ts
FN:4,cn
FNF:1
FNH:0
FNDA:0,cn
DA:1,0
DA:2,0
DA:4,0
DA:5,0
LF:4
LH:0
BRF:0
BRH:0
end_of_record
TN:
SF:src/pages/index.ts
FN:6,(anonymous_0)
FN:7,(anonymous_1)
FN:8,(anonymous_2)
FN:9,(anonymous_3)
FN:10,(anonymous_4)
FNF:5
FNH:0
FNDA:0,(anonymous_0)
FNDA:0,(anonymous_1)
FNDA:0,(anonymous_2)
FNDA:0,(anonymous_3)
FNDA:0,(anonymous_4)
DA:6,0
DA:7,0
DA:8,0
DA:9,0
DA:10,0
LF:5
LH:0
BRF:0
BRH:0
end_of_record
TN:
SF:src/pages/CreateTodoPage/CreateTodoPage.tsx
FN:13,(anonymous_0)
FNF:1
FNH:1
FNDA:8,(anonymous_0)
DA:6,1
DA:7,1
DA:13,1
DA:14,8
DA:53,1
LF:5
LH:5
BRF:0
BRH:0
end_of_record
TN:
SF:src/pages/CreateTodoPage/index.ts
FN:6,(anonymous_1)
FN:7,(anonymous_2)
FNF:2
FNH:0
FNDA:0,(anonymous_1)
FNDA:0,(anonymous_2)
DA:6,0
DA:7,0
LF:2
LH:0
BRF:0
BRH:0
end_of_record
TN:
SF:src/pages/HomePage/HomePage.tsx
FN:17,(anonymous_0)
FN:22,(anonymous_1)
FN:27,(anonymous_2)
FN:90,(anonymous_3)
FNF:4
FNH:4
FNDA:15,(anonymous_0)
FNDA:1,(anonymous_1)
FNDA:1,(anonymous_2)
FNDA:1,(anonymous_3)
DA:7,1
DA:8,1
DA:9,1
DA:10,1
DA:11,1
DA:17,1
DA:18,15
DA:19,15
DA:22,15
DA:23,1
DA:27,15
DA:28,1
DA:31,15
DA:91,1
DA:153,1
LF:15
LH:15
BRDA:107,0,0,15
BRDA:107,0,1,0
BRF:2
BRH:1
end_of_record
TN:
SF:src/pages/HomePage/index.ts
FN:6,(anonymous_1)
FN:7,(anonymous_2)
FNF:2
FNH:0
FNDA:0,(anonymous_1)
FNDA:0,(anonymous_2)
DA:6,0
DA:7,0
LF:2
LH:0
BRF:0
BRH:0
end_of_record
TN:
SF:src/pages/LoginPage/LoginPage.tsx
FN:11,(anonymous_0)
FNF:1
FNH:1
FNDA:11,(anonymous_0)
DA:5,1
DA:11,1
DA:12,11
DA:24,1
LF:4
LH:4
BRF:0
BRH:0
end_of_record
TN:
SF:src/pages/LoginPage/index.ts
FNF:0
FNH:0
DA:1,0
LF:1
LH:0
BRF:0
BRH:0
end_of_record
TN:
SF:src/pages/RegisterPage/RegisterPage.tsx
FN:13,(anonymous_0)
FNF:1
FNH:1
FNDA:10,(anonymous_0)
DA:7,1
DA:13,1
DA:14,10
DA:21,1
LF:4
LH:4
BRF:0
BRH:0
end_of_record
TN:
SF:src/pages/RegisterPage/index.ts
FNF:0
FNH:0
DA:1,0
LF:1
LH:0
BRF:0
BRH:0
end_of_record
TN:
SF:src/pages/TodoPage/TodoPage.tsx
FN:18,(anonymous_0)
FN:33,(anonymous_1)
FN:41,(anonymous_2)
FN:80,(anonymous_3)
FN:81,(anonymous_4)
FNF:5
FNH:5
FNDA:35,(anonymous_0)
FNDA:8,(anonymous_1)
FNDA:1,(anonymous_2)
FNDA:1,(anonymous_3)
FNDA:1,(anonymous_4)
DA:6,2
DA:7,2
DA:8,2
DA:9,2
DA:10,2
DA:18,2
DA:26,35
DA:27,35
DA:30,35
DA:33,35
DA:34,8
DA:37,8
DA:41,35
DA:42,1
DA:45,35
DA:80,1
DA:81,1
DA:104,2
LF:18
LH:18
BRF:0
BRH:0
end_of_record
TN:
SF:src/pages/TodoPage/index.ts
FNF:0
FNH:0
DA:1,0
LF:1
LH:0
BRF:0
BRH:0
end_of_record
TN:
SF:src/routes/AppRouter.tsx
FN:94,(anonymous_0)
FNF:1
FNH:0
FNDA:0,(anonymous_0)
DA:7,0
DA:8,0
DA:15,0
DA:16,0
DA:17,0
DA:23,0
DA:94,0
DA:95,0
DA:98,0
LF:9
LH:0
BRF:0
BRH:0
end_of_record
TN:
SF:src/routes/ErrorPage.tsx
FN:12,(anonymous_0)
FNF:1
FNH:1
FNDA:8,(anonymous_0)
DA:6,1
DA:7,1
DA:12,1
DA:13,8
DA:15,8
DA:55,1
LF:6
LH:6
BRDA:35,0,0,8
BRDA:35,0,1,3
BRDA:38,1,0,3
BRDA:38,1,1,2
BRF:4
BRH:4
end_of_record
TN:
SF:src/routes/ProtectedRoute.tsx
FN:24,(anonymous_7)
FN:51,(anonymous_8)
FN:64,(anonymous_9)
FN:65,(anonymous_10)
FN:65,(anonymous_11)
FNF:5
FNH:0
FNDA:0,(anonymous_7)
FNDA:0,(anonymous_8)
FNDA:0,(anonymous_9)
FNDA:0,(anonymous_10)
FNDA:0,(anonymous_11)
DA:7,0
DA:9,0
DA:10,0
DA:24,0
DA:25,0
DA:51,0
DA:57,0
DA:58,0
DA:59,0
DA:64,0
DA:65,0
DA:66,0
DA:68,0
DA:70,0
DA:72,0
DA:75,0
DA:77,0
DA:81,0
DA:87,0
DA:88,0
DA:94,0
DA:96,0
DA:109,0
DA:111,0
DA:112,0
DA:118,0
DA:121,0
LF:27
LH:0
BRDA:53,0,0,0
BRDA:54,1,0,0
BRDA:70,2,0,0
BRDA:70,2,1,0
BRDA:87,3,0,0
BRDA:87,3,1,0
BRDA:87,4,0,0
BRDA:87,4,1,0
BRDA:94,5,0,0
BRDA:94,5,1,0
BRDA:94,6,0,0
BRDA:94,6,1,0
BRDA:109,7,0,0
BRDA:109,7,1,0
BRDA:109,8,0,0
BRDA:109,8,1,0
BRDA:111,9,0,0
BRDA:111,9,1,0
BRDA:111,10,0,0
BRDA:111,10,1,0
BRDA:111,11,0,0
BRDA:111,11,1,0
BRF:22
BRH:0
end_of_record
TN:
SF:src/routes/index.ts
FN:6,(anonymous_0)
FN:7,(anonymous_1)
FNF:2
FNH:0
FNDA:0,(anonymous_0)
FNDA:0,(anonymous_1)
DA:6,0
DA:7,0
LF:2
LH:0
BRF:0
BRH:0
end_of_record
TN:
SF:src/schemas/index.ts
FN:10,(anonymous_1)
FN:11,(anonymous_2)
FN:14,(anonymous_3)
FN:15,(anonymous_4)
FN:18,(anonymous_5)
FN:19,(anonymous_6)
FN:20,(anonymous_7)
FN:21,(anonymous_8)
FN:24,(anonymous_9)
FN:25,(anonymous_10)
FN:28,(anonymous_11)
FN:29,(anonymous_12)
FN:30,(anonymous_13)
FN:31,(anonymous_14)
FN:34,(anonymous_15)
FN:54,(anonymous_16)
FNF:16
FNH:1
FNDA:44,(anonymous_1)
FNDA:0,(anonymous_2)
FNDA:0,(anonymous_3)
FNDA:0,(anonymous_4)
FNDA:0,(anonymous_5)
FNDA:0,(anonymous_6)
FNDA:0,(anonymous_7)
FNDA:0,(anonymous_8)
FNDA:0,(anonymous_9)
FNDA:0,(anonymous_10)
FNDA:0,(anonymous_11)
FNDA:0,(anonymous_12)
FNDA:0,(anonymous_13)
FNDA:0,(anonymous_14)
FNDA:0,(anonymous_15)
FNDA:0,(anonymous_16)
DA:8,1
DA:10,45
DA:11,1
DA:14,1
DA:15,1
DA:18,1
DA:19,1
DA:20,1
DA:21,1
DA:24,1
DA:25,1
DA:28,1
DA:29,1
DA:30,1
DA:31,1
DA:34,1
DA:54,1
LF:17
LH:17
BRF:0
BRH:0
end_of_record
TN:
SF:src/services/authService.ts
FN:60,(anonymous_8)
FN:73,(anonymous_9)
FN:130,(anonymous_11)
FN:192,(anonymous_13)
FN:224,(anonymous_15)
FN:243,(anonymous_17)
FN:297,(anonymous_19)
FN:337,(anonymous_21)
FN:358,(anonymous_22)
FN:394,(anonymous_24)
FN:422,(anonymous_26)
FN:442,(anonymous_27)
FN:460,(anonymous_28)
FN:467,(anonymous_29)
FN:480,(anonymous_30)
FN:487,(anonymous_31)
FN:494,(anonymous_32)
FN:508,(anonymous_33)
FN:516,(anonymous_34)
FN:558,(anonymous_35)
FNF:20
FNH:11
FNDA:2,(anonymous_8)
FNDA:6,(anonymous_9)
FNDA:2,(anonymous_11)
FNDA:1,(anonymous_13)
FNDA:0,(anonymous_15)
FNDA:0,(anonymous_17)
FNDA:0,(anonymous_19)
FNDA:3,(anonymous_21)
FNDA:0,(anonymous_22)
FNDA:0,(anonymous_24)
FNDA:3,(anonymous_26)
FNDA:0,(anonymous_27)
FNDA:0,(anonymous_28)
FNDA:1,(anonymous_29)
FNDA:3,(anonymous_30)
FNDA:0,(anonymous_31)
FNDA:2,(anonymous_32)
FNDA:2,(anonymous_33)
FNDA:5,(anonymous_34)
FNDA:0,(anonymous_35)
DA:6,2
DA:7,2
DA:8,2
DA:61,2
DA:62,2
DA:63,2
DA:64,2
DA:76,6
DA:78,6
DA:80,6
DA:85,2
DA:86,0
DA:90,2
DA:91,2
DA:92,2
DA:94,2
DA:97,2
DA:100,2
DA:103,2
DA:110,2
DA:115,4
DA:116,4
DA:118,4
DA:133,2
DA:135,2
DA:136,1
DA:140,1
DA:143,1
DA:148,1
DA:149,0
DA:153,1
DA:154,1
DA:155,1
DA:157,1
DA:160,1
DA:163,1
DA:166,1
DA:173,1
DA:178,1
DA:179,1
DA:181,1
DA:193,1
DA:195,1
DA:196,1
DA:198,0
DA:202,1
DA:205,1
DA:207,1
DA:211,0
DA:213,0
DA:226,0
DA:227,0
DA:230,0
DA:232,0
DA:233,0
DA:234,0
DA:236,0
DA:246,0
DA:247,0
DA:249,0
DA:250,0
DA:254,0
DA:261,0
DA:262,0
DA:265,0
DA:268,0
DA:271,0
DA:275,0
DA:280,0
DA:281,0
DA:284,0
DA:286,0
DA:298,0
DA:300,0
DA:301,0
DA:302,0
DA:309,0
DA:310,0
DA:312,0
DA:313,0
DA:316,0
DA:322,0
DA:324,0
DA:326,0
DA:338,3
DA:340,3
DA:341,1
DA:345,2
DA:346,2
DA:347,1
DA:350,1
DA:361,0
DA:362,0
DA:364,0
DA:365,0
DA:369,0
DA:370,0
DA:371,0
DA:372,0
DA:375,0
DA:380,0
DA:382,0
DA:397,0
DA:399,0
DA:400,0
DA:404,0
DA:406,0
DA:410,0
DA:412,0
DA:428,3
DA:430,3
DA:431,3
DA:432,3
DA:433,3
DA:436,3
DA:447,0
DA:449,0
DA:450,0
DA:451,0
DA:454,0
DA:461,0
DA:468,1
DA:469,1
DA:470,1
DA:471,1
DA:474,1
DA:481,3
DA:488,0
DA:495,2
DA:496,2
DA:498,2
DA:499,2
DA:501,1
DA:509,2
DA:510,2
DA:517,5
DA:518,2
DA:525,3
DA:526,3
DA:532,3
DA:534,3
DA:535,3
DA:542,0
DA:548,0
DA:559,0
DA:560,0
DA:561,0
DA:563,0
DA:565,0
DA:568,0
DA:569,0
DA:573,0
DA:576,0
DA:582,2
DA:583,2
LF:155
LH:80
BRDA:85,0,0,0
BRDA:85,0,1,2
BRDA:94,1,0,2
BRDA:94,1,1,0
BRDA:135,2,0,1
BRDA:135,2,1,1
BRDA:148,3,0,0
BRDA:148,3,1,1
BRDA:157,4,0,1
BRDA:157,4,1,0
BRDA:226,5,0,0
BRDA:226,5,1,0
BRDA:249,6,0,0
BRDA:249,6,1,0
BRDA:261,7,0,0
BRDA:261,7,1,0
BRDA:301,8,0,0
BRDA:301,8,1,0
BRDA:301,9,0,0
BRDA:301,9,1,0
BRDA:309,10,0,0
BRDA:309,10,1,0
BRDA:312,11,0,0
BRDA:312,11,1,0
BRDA:340,12,0,1
BRDA:340,12,1,2
BRDA:346,13,0,1
BRDA:346,13,1,1
BRDA:346,14,0,2
BRDA:346,14,1,2
BRDA:364,15,0,0
BRDA:364,15,1,0
BRDA:370,16,0,0
BRDA:370,16,1,0
BRDA:399,17,0,0
BRDA:399,17,1,0
BRDA:496,18,0,0
BRDA:496,18,1,2
BRDA:510,19,0,2
BRDA:510,19,1,0
BRDA:517,20,0,2
BRDA:517,20,1,3
BRDA:525,21,0,3
BRDA:525,21,1,0
BRDA:525,22,0,3
BRDA:525,22,1,3
BRDA:525,22,2,3
BRDA:534,23,0,3
BRDA:534,23,1,0
BRDA:534,24,0,0
BRDA:534,24,1,3
BRDA:534,25,0,3
BRDA:534,25,1,3
BRDA:536,26,0,3
BRDA:536,26,1,0
BRDA:537,27,0,3
BRDA:537,27,1,0
BRDA:543,28,0,0
BRDA:543,28,1,0
BRDA:563,29,0,0
BRDA:563,29,1,0
BRDA:563,30,0,0
BRDA:563,30,1,0
BRDA:563,30,2,0
BRDA:563,30,3,0
BRDA:569,31,0,0
BRDA:569,31,1,0
BRF:67
BRH:26
end_of_record
TN:
SF:src/services/httpClient.ts
FN:72,(anonymous_8)
FN:93,(anonymous_9)
FN:103,(anonymous_10)
FN:115,(anonymous_11)
FN:115,(anonymous_12)
FN:209,(anonymous_13)
FN:216,(anonymous_14)
FN:223,(anonymous_15)
FN:230,(anonymous_16)
FNF:9
FNH:2
FNDA:9,(anonymous_8)
FNDA:0,(anonymous_9)
FNDA:6,(anonymous_10)
FNDA:0,(anonymous_11)
FNDA:0,(anonymous_12)
FNDA:0,(anonymous_13)
FNDA:0,(anonymous_14)
FNDA:0,(anonymous_15)
FNDA:0,(anonymous_16)
DA:6,5
DA:12,5
DA:13,5
DA:14,5
DA:54,5
DA:66,5
DA:71,5
DA:73,9
DA:74,9
DA:77,9
DA:78,0
DA:82,9
DA:83,9
DA:91,9
DA:94,0
DA:95,0
DA:102,5
DA:105,6
DA:106,6
DA:113,6
DA:115,0
DA:116,0
DA:119,0
DA:124,0
DA:126,0
DA:127,0
DA:128,0
DA:130,0
DA:132,0
DA:146,0
DA:149,0
DA:158,0
DA:159,0
DA:162,0
DA:166,0
DA:169,0
DA:170,0
DA:176,0
DA:177,0
DA:188,0
DA:189,0
DA:198,0
DA:205,5
DA:210,0
DA:217,0
DA:224,0
DA:230,0
DA:240,5
LF:48
LH:19
BRDA:77,0,0,0
BRDA:77,0,1,9
BRDA:77,1,0,9
BRDA:77,1,1,0
BRDA:82,2,0,9
BRDA:82,2,1,0
BRDA:84,3,0,0
BRDA:84,3,1,9
BRDA:84,4,0,9
BRDA:84,4,1,9
BRDA:105,5,0,6
BRDA:105,5,1,0
BRDA:119,6,0,0
BRDA:119,6,1,0
BRDA:120,7,0,0
BRDA:120,7,1,0
BRDA:120,7,2,0
BRDA:120,8,0,0
BRDA:120,8,1,0
BRDA:120,9,0,0
BRDA:120,9,1,0
BRDA:130,10,0,0
BRDA:130,10,1,0
BRDA:158,11,0,0
BRDA:158,11,1,0
BRDA:169,12,0,0
BRDA:169,12,1,0
BRDA:176,13,0,0
BRDA:176,13,1,0
BRDA:176,14,0,0
BRDA:176,14,1,0
BRDA:179,15,0,0
BRDA:179,15,1,0
BRDA:179,15,2,0
BRDA:179,16,0,0
BRDA:179,16,1,0
BRDA:179,17,0,0
BRDA:179,17,1,0
BRDA:182,18,0,0
BRDA:182,18,1,0
BRDA:182,19,0,0
BRDA:182,19,1,0
BRDA:182,20,0,0
BRDA:182,20,1,0
BRDA:183,21,0,0
BRDA:183,21,1,0
BRDA:183,22,0,0
BRDA:183,22,1,0
BRDA:184,23,0,0
BRDA:184,23,1,0
BRDA:184,24,0,0
BRDA:184,24,1,0
BRDA:188,25,0,0
BRDA:188,25,1,0
BRDA:192,26,0,0
BRDA:192,26,1,0
BRDA:192,27,0,0
BRDA:192,27,1,0
BRDA:193,28,0,0
BRDA:193,28,1,0
BRDA:193,29,0,0
BRDA:193,29,1,0
BRDA:193,30,0,0
BRDA:193,30,1,0
BRDA:193,31,0,0
BRDA:193,31,1,0
BRF:66
BRH:7
end_of_record
TN:
SF:src/services/taskService.ts
FN:59,(anonymous_8)
FN:68,(anonymous_9)
FN:143,(anonymous_11)
FN:162,(anonymous_13)
FN:206,(anonymous_15)
FN:270,(anonymous_17)
FN:291,(anonymous_19)
FN:313,(anonymous_21)
FN:341,(anonymous_23)
FN:360,(anonymous_24)
FNF:10
FNH:5
FNDA:4,(anonymous_8)
FNDA:17,(anonymous_9)
FNDA:0,(anonymous_11)
FNDA:1,(anonymous_13)
FNDA:0,(anonymous_15)
FNDA:0,(anonymous_17)
FNDA:0,(anonymous_19)
FNDA:0,(anonymous_21)
FNDA:4,(anonymous_23)
FNDA:12,(anonymous_24)
DA:6,4
DA:7,4
DA:22,4
DA:60,4
DA:72,17
DA:73,17
DA:76,17
DA:77,1
DA:78,0
DA:80,1
DA:81,0
DA:83,1
DA:84,0
DA:86,1
DA:87,0
DA:89,1
DA:90,0
DA:95,17
DA:96,1
DA:97,1
DA:99,1
DA:100,1
DA:104,17
DA:105,17
DA:111,17
DA:114,8
DA:117,2
DA:126,2
DA:134,12
DA:144,0
DA:145,0
DA:146,0
DA:150,0
DA:151,0
DA:153,0
DA:165,1
DA:167,1
DA:168,1
DA:169,0
DA:173,1
DA:179,1
DA:185,1
DA:187,1
DA:189,1
DA:196,0
DA:210,0
DA:211,0
DA:212,0
DA:215,0
DA:216,0
DA:220,0
DA:223,0
DA:224,0
DA:225,0
DA:228,0
DA:229,0
DA:232,0
DA:233,0
DA:237,0
DA:238,0
DA:239,0
DA:241,0
DA:242,0
DA:246,0
DA:252,0
DA:254,0
DA:261,0
DA:273,0
DA:274,0
DA:275,0
DA:279,0
DA:280,0
DA:282,0
DA:292,0
DA:293,0
DA:294,0
DA:298,0
DA:299,0
DA:301,0
DA:316,0
DA:317,0
DA:318,0
DA:321,0
DA:323,0
DA:342,4
DA:364,12
DA:366,11
DA:370,1
DA:378,10
DA:379,3
DA:390,3
DA:399,7
DA:400,0
DA:407,7
DA:413,1
DA:421,4
DA:422,4
LF:97
LH:44
BRDA:76,0,0,1
BRDA:76,0,1,16
BRDA:77,1,0,0
BRDA:77,1,1,1
BRDA:77,2,0,1
BRDA:77,2,1,1
BRDA:80,3,0,0
BRDA:80,3,1,1
BRDA:83,4,0,0
BRDA:83,4,1,1
BRDA:86,5,0,0
BRDA:86,5,1,1
BRDA:89,6,0,0
BRDA:89,6,1,1
BRDA:95,7,0,1
BRDA:95,7,1,16
BRDA:96,8,0,1
BRDA:96,8,1,0
BRDA:99,9,0,1
BRDA:99,9,1,0
BRDA:105,10,0,1
BRDA:105,10,1,16
BRDA:118,11,0,2
BRDA:118,11,1,1
BRDA:118,12,0,1
BRDA:118,12,1,1
BRDA:118,13,0,2
BRDA:118,13,1,2
BRDA:119,14,0,2
BRDA:119,14,1,1
BRDA:119,15,0,1
BRDA:119,15,1,1
BRDA:119,16,0,2
BRDA:119,16,1,2
BRDA:121,17,0,2
BRDA:121,17,1,1
BRDA:121,18,0,1
BRDA:121,18,1,1
BRDA:121,19,0,2
BRDA:121,19,1,2
BRDA:145,20,0,0
BRDA:145,20,1,0
BRDA:167,21,0,1
BRDA:167,21,1,0
BRDA:168,22,0,0
BRDA:168,22,1,1
BRDA:168,23,0,1
BRDA:168,23,1,1
BRDA:175,24,0,1
BRDA:175,24,1,0
BRDA:176,25,0,1
BRDA:176,25,1,1
BRDA:211,26,0,0
BRDA:211,26,1,0
BRDA:215,27,0,0
BRDA:215,27,1,0
BRDA:223,28,0,0
BRDA:223,28,1,0
BRDA:224,29,0,0
BRDA:224,29,1,0
BRDA:228,30,0,0
BRDA:228,30,1,0
BRDA:232,31,0,0
BRDA:232,31,1,0
BRDA:237,32,0,0
BRDA:237,32,1,0
BRDA:237,33,0,0
BRDA:237,33,1,0
BRDA:238,34,0,0
BRDA:238,34,1,0
BRDA:241,35,0,0
BRDA:241,35,1,0
BRDA:242,36,0,0
BRDA:242,36,1,0
BRDA:274,37,0,0
BRDA:274,37,1,0
BRDA:293,38,0,0
BRDA:293,38,1,0
BRDA:317,39,0,0
BRDA:317,39,1,0
BRDA:364,40,0,11
BRDA:364,40,1,1
BRDA:366,41,0,1
BRDA:366,41,1,10
BRDA:367,42,0,11
BRDA:367,42,1,10
BRDA:378,43,0,3
BRDA:378,43,1,7
BRDA:378,44,0,10
BRDA:378,44,1,3
BRDA:391,45,0,3
BRDA:391,45,1,1
BRDA:391,46,0,0
BRDA:391,46,1,3
BRDA:391,47,0,3
BRDA:391,47,1,3
BRDA:392,48,0,3
BRDA:392,48,1,1
BRDA:392,49,0,0
BRDA:392,49,1,3
BRDA:392,50,0,3
BRDA:392,50,1,3
BRDA:394,51,0,0
BRDA:394,51,1,3
BRDA:394,52,0,3
BRDA:394,52,1,3
BRDA:399,53,0,0
BRDA:399,53,1,7
BRDA:399,54,0,7
BRDA:399,54,1,0
BRDA:408,55,0,7
BRDA:408,55,1,0
BRF:112
BRH:66
end_of_record
TN:
SF:src/stores/hooks.ts
FN:14,(anonymous_0)
FN:26,(anonymous_1)
FN:37,(anonymous_2)
FN:37,(anonymous_3)
FNF:4
FNH:0
FNDA:0,(anonymous_0)
FNDA:0,(anonymous_1)
FNDA:0,(anonymous_2)
FNDA:0,(anonymous_3)
DA:6,0
DA:14,0
DA:20,0
DA:26,0
DA:27,0
DA:28,0
DA:30,0
DA:37,0
LF:8
LH:0
BRF:0
BRH:0
end_of_record
TN:
SF:src/stores/index.ts
FN:7,(anonymous_1)
FN:7,(anonymous_2)
FN:7,(anonymous_3)
FN:7,(anonymous_4)
FN:12,(anonymous_5)
FN:13,(anonymous_6)
FN:14,(anonymous_7)
FN:15,(anonymous_8)
FNF:8
FNH:0
FNDA:0,(anonymous_1)
FNDA:0,(anonymous_2)
FNDA:0,(anonymous_3)
FNDA:0,(anonymous_4)
FNDA:0,(anonymous_5)
FNDA:0,(anonymous_6)
FNDA:0,(anonymous_7)
FNDA:0,(anonymous_8)
DA:7,0
DA:11,0
DA:12,0
DA:13,0
DA:14,0
DA:15,0
LF:6
LH:0
BRF:0
BRH:0
end_of_record
TN:
SF:src/stores/store.ts
FN:56,(anonymous_1)
FN:86,(anonymous_2)
FN:100,(anonymous_3)
FNF:3
FNH:2
FNDA:5,(anonymous_1)
FNDA:0,(anonymous_2)
FNDA:5,(anonymous_3)
DA:6,5
DA:7,5
DA:17,5
DA:18,5
DA:21,5
DA:22,5
DA:27,5
DA:36,5
DA:49,5
DA:54,5
DA:57,5
DA:70,5
DA:86,5
DA:87,5
DA:92,5
DA:97,5
DA:100,5
DA:101,5
DA:105,5
LF:19
LH:19
BRDA:92,0,0,5
BRDA:92,0,1,0
BRF:2
BRH:1
end_of_record
TN:
SF:src/stores/slices/authSlice.ts
FN:40,(anonymous_0)
FN:45,(anonymous_1)
FN:56,(anonymous_2)
FN:67,(anonymous_3)
FN:72,(anonymous_4)
FN:83,(anonymous_5)
FN:94,(anonymous_6)
FN:105,(anonymous_7)
FN:110,(anonymous_8)
FN:115,(anonymous_9)
FN:127,(anonymous_10)
FN:141,(anonymous_11)
FN:146,(anonymous_12)
FN:171,(anonymous_13)
FN:172,(anonymous_14)
FN:173,(anonymous_15)
FN:174,(anonymous_16)
FN:176,(anonymous_17)
FN:178,(anonymous_18)
FN:179,(anonymous_19)
FN:183,(anonymous_20)
FN:188,(anonymous_21)
FNF:22
FNH:5
FNDA:1,(anonymous_0)
FNDA:1,(anonymous_1)
FNDA:1,(anonymous_2)
FNDA:0,(anonymous_3)
FNDA:0,(anonymous_4)
FNDA:0,(anonymous_5)
FNDA:1,(anonymous_6)
FNDA:1,(anonymous_7)
FNDA:0,(anonymous_8)
FNDA:0,(anonymous_9)
FNDA:0,(anonymous_10)
FNDA:0,(anonymous_11)
FNDA:0,(anonymous_12)
FNDA:0,(anonymous_13)
FNDA:0,(anonymous_14)
FNDA:0,(anonymous_15)
FNDA:0,(anonymous_16)
FNDA:0,(anonymous_17)
FNDA:0,(anonymous_18)
FNDA:0,(anonymous_19)
FNDA:0,(anonymous_20)
FNDA:0,(anonymous_21)
DA:6,7
DA:22,7
DA:35,7
DA:41,1
DA:42,1
DA:46,1
DA:47,1
DA:48,1
DA:49,1
DA:50,1
DA:51,1
DA:52,1
DA:53,1
DA:57,1
DA:58,1
DA:59,1
DA:60,1
DA:61,1
DA:62,1
DA:63,1
DA:68,0
DA:69,0
DA:73,0
DA:74,0
DA:75,0
DA:76,0
DA:77,0
DA:78,0
DA:79,0
DA:80,0
DA:84,0
DA:85,0
DA:86,0
DA:87,0
DA:88,0
DA:89,0
DA:90,0
DA:95,1
DA:96,1
DA:97,1
DA:98,1
DA:99,1
DA:100,1
DA:101,1
DA:106,1
DA:111,0
DA:112,0
DA:119,0
DA:120,0
DA:121,0
DA:122,0
DA:123,0
DA:124,0
DA:131,0
DA:132,0
DA:133,0
DA:134,0
DA:135,0
DA:136,0
DA:137,0
DA:142,0
DA:147,0
DA:148,0
DA:154,7
DA:171,7
DA:172,7
DA:173,7
DA:174,7
DA:175,0
DA:176,7
DA:177,0
DA:178,7
DA:179,7
DA:180,0
DA:183,7
DA:184,0
DA:185,0
DA:188,7
DA:189,0
DA:190,0
DA:191,0
DA:195,7
LF:82
LH:39
BRDA:185,0,0,0
BRDA:185,0,1,0
BRDA:191,1,0,0
BRDA:191,1,1,0
BRF:4
BRH:0
end_of_record
TN:
SF:src/stores/slices/todoSlice.ts
FN:55,(anonymous_0)
FN:73,(anonymous_1)
FN:83,(anonymous_2)
FN:92,(anonymous_3)
FN:97,(anonymous_4)
FN:110,(anonymous_5)
FN:119,(anonymous_6)
FN:124,(anonymous_7)
FN:130,(anonymous_8)
FN:144,(anonymous_9)
FN:153,(anonymous_10)
FN:158,(anonymous_11)
FN:167,(anonymous_12)
FN:183,(anonymous_13)
FN:192,(anonymous_14)
FN:198,(anonymous_15)
FN:209,(anonymous_16)
FN:214,(anonymous_17)
FN:218,(anonymous_18)
FN:222,(anonymous_19)
FN:228,(anonymous_20)
FN:233,(anonymous_21)
FN:258,(anonymous_22)
FN:287,(anonymous_23)
FN:288,(anonymous_24)
FN:290,(anonymous_25)
FN:292,(anonymous_26)
FN:294,(anonymous_27)
FN:296,(anonymous_28)
FN:298,(anonymous_29)
FN:302,(anonymous_30)
FN:308,(anonymous_31)
FN:317,(anonymous_32)
FN:323,(anonymous_33)
FN:330,(anonymous_34)
FN:356,(anonymous_35)
FN:359,(anonymous_36)
FN:367,(anonymous_37)
FN:372,(anonymous_38)
FNF:39
FNH:34
FNDA:30,(anonymous_0)
FNDA:5,(anonymous_1)
FNDA:23,(anonymous_2)
FNDA:2,(anonymous_3)
FNDA:2,(anonymous_4)
FNDA:1,(anonymous_5)
FNDA:2,(anonymous_6)
FNDA:4,(anonymous_7)
FNDA:3,(anonymous_8)
FNDA:2,(anonymous_9)
FNDA:2,(anonymous_10)
FNDA:4,(anonymous_11)
FNDA:5,(anonymous_12)
FNDA:1,(anonymous_13)
FNDA:8,(anonymous_14)
FNDA:2,(anonymous_15)
FNDA:1,(anonymous_16)
FNDA:1,(anonymous_17)
FNDA:0,(anonymous_18)
FNDA:0,(anonymous_19)
FNDA:5,(anonymous_20)
FNDA:5,(anonymous_21)
FNDA:0,(anonymous_22)
FNDA:0,(anonymous_23)
FNDA:119,(anonymous_24)
FNDA:119,(anonymous_25)
FNDA:119,(anonymous_26)
FNDA:119,(anonymous_27)
FNDA:119,(anonymous_28)
FNDA:119,(anonymous_29)
FNDA:123,(anonymous_30)
FNDA:3,(anonymous_31)
FNDA:0,(anonymous_32)
FNDA:2,(anonymous_33)
FNDA:3,(anonymous_34)
FNDA:121,(anonymous_35)
FNDA:20,(anonymous_36)
FNDA:3,(anonymous_37)
FNDA:5,(anonymous_38)
DA:6,7
DA:27,7
DA:50,7
DA:56,30
DA:57,30
DA:60,30
DA:61,2
DA:65,30
DA:66,2
DA:77,5
DA:78,5
DA:79,5
DA:80,5
DA:87,23
DA:88,23
DA:93,2
DA:94,2
DA:101,2
DA:102,2
DA:106,2
DA:107,2
DA:114,1
DA:115,1
DA:120,2
DA:121,2
DA:128,4
DA:129,4
DA:130,4
DA:132,4
DA:133,3
DA:137,4
DA:138,1
DA:141,4
DA:148,2
DA:149,2
DA:154,2
DA:155,2
DA:162,4
DA:163,4
DA:166,4
DA:167,5
DA:171,4
DA:175,1
DA:179,4
DA:180,4
DA:187,1
DA:188,1
DA:193,8
DA:195,8
DA:199,2
DA:205,2
DA:210,1
DA:215,1
DA:219,0
DA:223,0
DA:224,0
DA:232,5
DA:233,5
DA:235,5
DA:237,5
DA:238,5
DA:240,0
DA:245,5
DA:249,1
DA:250,1
DA:252,0
DA:258,0
DA:263,7
DA:287,7
DA:288,7
DA:289,119
DA:290,7
DA:291,119
DA:292,7
DA:293,119
DA:294,7
DA:295,119
DA:296,7
DA:297,119
DA:298,7
DA:299,119
DA:302,7
DA:303,123
DA:304,123
DA:307,123
DA:308,11
DA:310,3
DA:311,3
DA:316,123
DA:317,0
DA:321,123
DA:322,4
DA:323,4
DA:324,2
DA:325,2
DA:330,123
DA:331,3
DA:333,3
DA:336,1
DA:337,1
DA:338,1
DA:339,1
DA:343,2
DA:344,2
DA:345,2
DA:346,2
DA:350,3
DA:353,123
DA:356,7
DA:357,121
DA:358,121
DA:359,121
DA:360,20
DA:362,121
DA:364,121
DA:367,7
DA:371,3
DA:372,5
DA:377,7
LF:119
LH:112
BRDA:60,0,0,2
BRDA:60,0,1,28
BRDA:65,1,0,2
BRDA:65,1,1,28
BRDA:132,2,0,3
BRDA:132,2,1,1
BRDA:137,3,0,1
BRDA:137,3,1,3
BRDA:137,4,0,3
BRDA:137,4,1,1
BRDA:137,5,0,4
BRDA:137,5,1,1
BRDA:171,6,0,1
BRDA:171,6,1,3
BRDA:172,7,0,4
BRDA:172,7,1,1
BRDA:235,8,0,5
BRDA:235,8,1,0
BRDA:237,9,0,5
BRDA:237,9,1,0
BRDA:245,10,0,1
BRDA:245,10,1,4
BRDA:246,11,0,5
BRDA:246,11,1,1
BRDA:249,12,0,1
BRDA:249,12,1,0
BRDA:307,13,0,11
BRDA:307,13,1,112
BRDA:310,14,0,3
BRDA:310,14,1,0
BRDA:311,15,0,2
BRDA:311,15,1,1
BRDA:316,16,0,0
BRDA:316,16,1,123
BRDA:321,17,0,4
BRDA:321,17,1,119
BRDA:324,18,0,2
BRDA:324,18,1,0
BRDA:324,18,2,0
BRDA:333,19,0,0
BRDA:333,19,1,1
BRDA:333,19,2,2
BRDA:333,19,3,2
BRDA:336,20,0,1
BRDA:336,20,1,0
BRDA:336,20,2,0
BRDA:337,21,0,1
BRDA:337,21,1,0
BRDA:337,21,2,0
BRDA:343,22,0,2
BRDA:343,22,1,0
BRDA:343,22,2,0
BRDA:344,23,0,2
BRDA:344,23,1,0
BRDA:344,23,2,0
BRDA:350,24,0,1
BRDA:350,24,1,2
BRDA:360,25,0,20
BRDA:360,25,1,0
BRDA:372,26,0,3
BRDA:372,26,1,1
BRF:61
BRH:44
end_of_record
TN:
SF:src/utils/dateUtils.ts
FN:12,(anonymous_0)
FN:26,(anonymous_1)
FN:36,(anonymous_2)
FN:56,(anonymous_3)
FN:71,(anonymous_4)
FNF:5
FNH:1
FNDA:30,(anonymous_0)
FNDA:0,(anonymous_1)
FNDA:0,(anonymous_2)
FNDA:0,(anonymous_3)
FNDA:0,(anonymous_4)
DA:12,5
DA:13,30
DA:26,5
DA:27,0
DA:36,5
DA:37,0
DA:38,0
DA:39,0
DA:41,0
DA:42,0
DA:43,0
DA:44,0
DA:45,0
DA:47,0
DA:56,5
DA:57,0
DA:58,0
DA:71,5
DA:72,0
DA:73,0
DA:74,0
LF:21
LH:6
BRDA:41,0,0,0
BRDA:41,0,1,0
BRDA:42,1,0,0
BRDA:42,1,1,0
BRDA:43,2,0,0
BRDA:43,2,1,0
BRDA:44,3,0,0
BRDA:44,3,1,0
BRDA:45,4,0,0
BRDA:45,4,1,0
BRDA:59,5,0,0
BRDA:59,5,1,0
BRDA:59,5,2,0
BRDA:74,6,0,0
BRDA:74,6,1,0
BRF:15
BRH:0
end_of_record
TN:
SF:src/utils/index.ts
FN:8,(anonymous_0)
FN:9,(anonymous_1)
FN:10,(anonymous_2)
FN:11,(anonymous_3)
FN:12,(anonymous_4)
FN:17,(anonymous_5)
FN:18,(anonymous_6)
FN:19,(anonymous_7)
FN:20,(anonymous_8)
FNF:9
FNH:1
FNDA:54,(anonymous_0)
FNDA:0,(anonymous_1)
FNDA:0,(anonymous_2)
FNDA:0,(anonymous_3)
FNDA:0,(anonymous_4)
FNDA:0,(anonymous_5)
FNDA:0,(anonymous_6)
FNDA:0,(anonymous_7)
FNDA:0,(anonymous_8)
DA:7,4
DA:8,58
DA:9,4
DA:10,4
DA:11,4
DA:12,4
DA:16,4
DA:17,4
DA:18,4
DA:19,4
DA:20,4
LF:11
LH:11
BRF:0
BRH:0
end_of_record
TN:
SF:src/utils/notifications.ts
FN:16,(anonymous_16)
FN:16,(anonymous_17)
FN:17,(anonymous_18)
FN:24,(anonymous_19)
FN:24,(anonymous_20)
FN:25,(anonymous_21)
FN:32,(anonymous_22)
FN:32,(anonymous_23)
FN:33,(anonymous_24)
FN:40,(anonymous_25)
FN:40,(anonymous_26)
FN:41,(anonymous_27)
FN:48,(anonymous_28)
FN:48,(anonymous_29)
FN:49,(anonymous_30)
FN:56,(anonymous_31)
FN:56,(anonymous_32)
FN:57,(anonymous_33)
FNF:18
FNH:0
FNDA:0,(anonymous_16)
FNDA:0,(anonymous_17)
FNDA:0,(anonymous_18)
FNDA:0,(anonymous_19)
FNDA:0,(anonymous_20)
FNDA:0,(anonymous_21)
FNDA:0,(anonymous_22)
FNDA:0,(anonymous_23)
FNDA:0,(anonymous_24)
FNDA:0,(anonymous_25)
FNDA:0,(anonymous_26)
FNDA:0,(anonymous_27)
FNDA:0,(anonymous_28)
FNDA:0,(anonymous_29)
FNDA:0,(anonymous_30)
FNDA:0,(anonymous_31)
FNDA:0,(anonymous_32)
FNDA:0,(anonymous_33)
DA:12,0
DA:16,0
DA:17,0
DA:18,0
DA:24,0
DA:25,0
DA:26,0
DA:32,0
DA:33,0
DA:34,0
DA:40,0
DA:41,0
DA:42,0
DA:48,0
DA:49,0
DA:50,0
DA:56,0
DA:57,0
DA:58,0
DA:62,0
LF:20
LH:0
BRF:0
BRH:0
end_of_record
TN:
SF:src/utils/passwordUtils.ts
FN:16,(anonymous_0)
FN:42,(anonymous_1)
FN:55,(anonymous_2)
FN:67,(anonymous_3)
FNF:4
FNH:0
FNDA:0,(anonymous_0)
FNDA:0,(anonymous_1)
FNDA:0,(anonymous_2)
FNDA:0,(anonymous_3)
DA:16,4
DA:17,0
DA:20,0
DA:23,0
DA:26,0
DA:29,0
DA:32,0
DA:34,0
DA:42,4
DA:43,0
DA:44,0
DA:45,0
DA:46,0
DA:55,4
DA:59,0
DA:67,4
DA:68,0
DA:70,0
DA:71,0
DA:74,0
DA:75,0
DA:78,0
DA:79,0
DA:82,0
DA:83,0
DA:86,0
DA:87,0
DA:90,0
LF:28
LH:4
BRDA:20,0,0,0
BRDA:20,0,1,0
BRDA:23,1,0,0
BRDA:23,1,1,0
BRDA:26,2,0,0
BRDA:26,2,1,0
BRDA:29,3,0,0
BRDA:29,3,1,0
BRDA:32,4,0,0
BRDA:32,4,1,0
BRDA:43,5,0,0
BRDA:43,5,1,0
BRDA:44,6,0,0
BRDA:44,6,1,0
BRDA:45,7,0,0
BRDA:45,7,1,0
BRDA:59,8,0,0
BRDA:59,8,1,0
BRDA:59,8,2,0
BRDA:70,9,0,0
BRDA:70,9,1,0
BRDA:74,10,0,0
BRDA:74,10,1,0
BRDA:78,11,0,0
BRDA:78,11,1,0
BRDA:82,12,0,0
BRDA:82,12,1,0
BRDA:86,13,0,0
BRDA:86,13,1,0
BRF:29
BRH:0
end_of_record
