TN:
SF:src/App.tsx
FN:8,App
FNF:1
FNH:0
FNDA:0,App
DA:1,0
DA:9,0
DA:21,0
LF:3
LH:0
BRF:0
BRH:0
end_of_record
TN:
SF:src/__tests__/integration/App.test.tsx
FN:35,(anonymous_8)
FN:52,(anonymous_9)
FN:63,(anonymous_10)
FN:90,(anonymous_11)
FN:120,(anonymous_12)
FN:154,(anonymous_13)
FN:217,(anonymous_14)
FN:217,(anonymous_15)
FN:253,(anonymous_16)
FN:253,(anonymous_17)
FN:284,(anonymous_18)
FN:297,(anonymous_19)
FN:320,(anonymous_20)
FN:360,(anonymous_21)
FN:398,(anonymous_22)
FNF:15
FNH:0
FNDA:0,(anonymous_8)
FNDA:0,(anonymous_9)
FNDA:0,(anonymous_10)
FNDA:0,(anonymous_11)
FNDA:0,(anonymous_12)
FNDA:0,(anonymous_13)
FNDA:0,(anonymous_14)
FNDA:0,(anonymous_15)
FNDA:0,(anonymous_16)
FNDA:0,(anonymous_17)
FNDA:0,(anonymous_18)
FNDA:0,(anonymous_19)
FNDA:0,(anonymous_20)
FNDA:0,(anonymous_21)
FNDA:0,(anonymous_22)
DA:19,0
DA:20,0
DA:21,0
DA:22,0
DA:23,0
DA:24,0
DA:25,0
DA:26,0
DA:35,0
DA:36,0
DA:43,0
DA:52,0
DA:63,0
DA:64,0
DA:66,0
DA:67,0
DA:68,0
DA:71,0
DA:74,0
DA:75,0
DA:90,0
DA:91,0
DA:93,0
DA:96,0
DA:99,0
DA:120,0
DA:121,0
DA:124,0
DA:125,0
DA:128,0
DA:129,0
DA:130,0
DA:132,0
DA:133,0
DA:134,0
DA:137,0
DA:138,0
DA:154,0
DA:155,0
DA:158,0
DA:159,0
DA:162,0
DA:167,0
DA:168,0
DA:169,0
DA:171,0
DA:172,0
DA:173,0
DA:176,0
DA:187,0
DA:190,0
DA:196,0
DA:217,0
DA:218,0
DA:219,0
DA:222,0
DA:225,0
DA:228,0
DA:231,0
DA:232,0
DA:233,0
DA:236,0
DA:237,0
DA:238,0
DA:241,0
DA:242,0
DA:243,0
DA:253,0
DA:254,0
DA:257,0
DA:260,0
DA:263,0
DA:268,0
DA:269,0
DA:270,0
DA:273,0
DA:274,0
DA:282,0
DA:284,0
DA:285,0
DA:286,0
DA:295,0
DA:297,0
DA:298,0
DA:299,0
DA:320,0
DA:321,0
DA:324,0
DA:325,0
DA:326,0
DA:329,0
DA:332,0
DA:335,0
DA:336,0
DA:339,0
DA:340,0
DA:343,0
DA:360,0
DA:361,0
DA:364,0
DA:365,0
DA:366,0
DA:369,0
DA:370,0
DA:371,0
DA:372,0
DA:376,0
DA:377,0
DA:380,0
DA:398,0
DA:399,0
DA:402,0
DA:403,0
DA:406,0
DA:407,0
DA:413,0
DA:414,0
LF:117
LH:0
BRDA:35,0,0,0
BRDA:369,1,0,0
BRDA:369,1,1,0
BRDA:369,2,0,0
BRDA:369,2,1,0
BRDA:370,3,0,0
BRDA:370,3,1,0
BRDA:376,4,0,0
BRDA:376,4,1,0
BRDA:376,5,0,0
BRDA:376,5,1,0
BRDA:377,6,0,0
BRDA:377,6,1,0
BRDA:377,7,0,0
BRDA:377,7,1,0
BRF:15
BRH:0
end_of_record
TN:
SF:src/__tests__/mocks/config.mock.ts
FN:6,(anonymous_0)
FN:6,(anonymous_1)
FN:6,(anonymous_2)
FNF:3
FNH:1
FNDA:0,(anonymous_0)
FNDA:0,(anonymous_1)
FNDA:4,(anonymous_2)
DA:6,6
LF:1
LH:1
BRF:0
BRH:0
end_of_record
TN:
SF:src/__tests__/mocks/env.mock.ts
FN:33,(anonymous_0)
FN:34,(anonymous_1)
FN:35,(anonymous_2)
FNF:3
FNH:0
FNDA:0,(anonymous_0)
FNDA:0,(anonymous_1)
FNDA:0,(anonymous_2)
DA:17,3
DA:28,3
DA:33,0
DA:34,0
DA:35,0
DA:42,3
LF:6
LH:3
BRF:0
BRH:0
end_of_record
TN:
SF:src/__tests__/mocks/server.ts
FN:20,(anonymous_0)
FN:23,(anonymous_1)
FN:20,(anonymous_2)
FN:23,(anonymous_3)
FN:23,(anonymous_4)
FN:23,(anonymous_5)
FN:26,(anonymous_6)
FN:30,(anonymous_7)
FN:35,(anonymous_8)
FN:40,(anonymous_9)
FNF:10
FNH:0
FNDA:0,(anonymous_0)
FNDA:0,(anonymous_1)
FNDA:0,(anonymous_2)
FNDA:0,(anonymous_3)
FNDA:0,(anonymous_4)
FNDA:0,(anonymous_5)
FNDA:0,(anonymous_6)
FNDA:0,(anonymous_7)
FNDA:0,(anonymous_8)
FNDA:0,(anonymous_9)
DA:6,19
DA:7,19
DA:8,19
DA:11,19
DA:17,19
DA:20,19
DA:23,19
DA:26,19
DA:27,0
DA:30,19
DA:31,0
DA:35,19
DA:36,0
DA:40,19
DA:42,0
DA:43,0
DA:59,0
DA:60,0
LF:18
LH:11
BRF:0
BRH:0
end_of_record
TN:
SF:src/__tests__/mocks/utils.mock.ts
FN:6,cn
FNF:1
FNH:1
FNDA:1219,cn
DA:6,5
DA:7,1219
LF:2
LH:2
BRF:0
BRH:0
end_of_record
TN:
SF:src/__tests__/mocks/validationSchemas.mock.ts
FNF:0
FNH:0
DA:6,0
DA:9,0
DA:18,0
DA:26,0
DA:40,0
LF:5
LH:0
BRF:0
BRH:0
end_of_record
TN:
SF:src/__tests__/mocks/handlers/authHandlers.ts
FN:52,(anonymous_7)
FN:56,(anonymous_8)
FN:62,(anonymous_9)
FN:68,(anonymous_10)
FN:71,(anonymous_11)
FN:76,(anonymous_12)
FN:77,(anonymous_13)
FN:80,(anonymous_14)
FN:81,(anonymous_15)
FN:84,(anonymous_16)
FN:89,(anonymous_17)
FN:92,(anonymous_18)
FN:97,(anonymous_19)
FN:100,(anonymous_20)
FN:128,(anonymous_21)
FN:138,(anonymous_22)
FN:138,(anonymous_23)
FN:183,(anonymous_24)
FN:183,(anonymous_25)
FN:268,(anonymous_26)
FN:268,(anonymous_27)
FN:309,(anonymous_28)
FN:353,(anonymous_29)
FN:363,(anonymous_30)
FN:380,(anonymous_31)
FN:422,(anonymous_32)
FN:422,(anonymous_33)
FN:459,(anonymous_34)
FN:511,(anonymous_35)
FN:511,(anonymous_36)
FNF:30
FNH:0
FNDA:0,(anonymous_7)
FNDA:0,(anonymous_8)
FNDA:0,(anonymous_9)
FNDA:0,(anonymous_10)
FNDA:0,(anonymous_11)
FNDA:0,(anonymous_12)
FNDA:0,(anonymous_13)
FNDA:0,(anonymous_14)
FNDA:0,(anonymous_15)
FNDA:0,(anonymous_16)
FNDA:0,(anonymous_17)
FNDA:0,(anonymous_18)
FNDA:0,(anonymous_19)
FNDA:0,(anonymous_20)
FNDA:0,(anonymous_21)
FNDA:0,(anonymous_22)
FNDA:0,(anonymous_23)
FNDA:0,(anonymous_24)
FNDA:0,(anonymous_25)
FNDA:0,(anonymous_26)
FNDA:0,(anonymous_27)
FNDA:0,(anonymous_28)
FNDA:0,(anonymous_29)
FNDA:0,(anonymous_30)
FNDA:0,(anonymous_31)
FNDA:0,(anonymous_32)
FNDA:0,(anonymous_33)
FNDA:0,(anonymous_34)
FNDA:0,(anonymous_35)
FNDA:0,(anonymous_36)
DA:6,19
DA:19,19
DA:45,19
DA:46,19
DA:52,19
DA:53,0
DA:56,19
DA:57,0
DA:62,19
DA:67,0
DA:68,0
DA:70,0
DA:71,0
DA:73,0
DA:76,19
DA:77,0
DA:80,19
DA:81,0
DA:84,19
DA:85,0
DA:86,0
DA:87,0
DA:89,0
DA:92,19
DA:93,0
DA:94,0
DA:95,0
DA:97,0
DA:100,19
DA:101,0
DA:102,0
DA:103,0
DA:104,0
DA:107,0
DA:112,0
DA:117,0
DA:128,19
DA:129,0
DA:130,0
DA:131,0
DA:133,0
DA:136,19
DA:138,0
DA:139,0
DA:140,0
DA:143,0
DA:144,0
DA:152,0
DA:154,0
DA:155,0
DA:165,0
DA:166,0
DA:168,0
DA:183,0
DA:184,0
DA:185,0
DA:188,0
DA:190,0
DA:191,0
DA:192,0
DA:193,0
DA:196,0
DA:197,0
DA:198,0
DA:199,0
DA:202,0
DA:203,0
DA:206,0
DA:207,0
DA:210,0
DA:211,0
DA:214,0
DA:215,0
DA:218,0
DA:219,0
DA:234,0
DA:247,0
DA:249,0
DA:251,0
DA:253,0
DA:268,0
DA:269,0
DA:270,0
DA:272,0
DA:273,0
DA:286,0
DA:288,0
DA:289,0
DA:303,0
DA:304,0
DA:305,0
DA:306,0
DA:309,0
DA:310,0
DA:311,0
DA:315,0
DA:318,0
DA:323,0
DA:328,0
DA:338,0
DA:354,0
DA:356,0
DA:358,0
DA:359,0
DA:360,0
DA:363,0
DA:364,0
DA:365,0
DA:371,0
DA:381,0
DA:383,0
DA:384,0
DA:397,0
DA:399,0
DA:400,0
DA:413,0
DA:422,0
DA:423,0
DA:425,0
DA:426,0
DA:439,0
DA:441,0
DA:442,0
DA:455,0
DA:456,0
DA:459,0
DA:460,0
DA:461,0
DA:472,0
DA:474,0
DA:482,0
DA:494,0
DA:511,0
DA:512,0
DA:514,0
DA:515,0
DA:528,0
DA:530,0
DA:531,0
DA:544,0
DA:545,0
DA:548,0
DA:550,0
DA:551,0
DA:554,0
DA:555,0
DA:560,0
DA:564,0
DA:567,0
DA:568,0
DA:585,0
DA:592,0
DA:609,19
LF:153
LH:15
BRDA:67,0,0,0
BRDA:67,0,1,0
BRDA:67,1,0,0
BRDA:67,1,1,0
BRDA:68,2,0,0
BRDA:68,2,1,0
BRDA:70,3,0,0
BRDA:70,3,1,0
BRDA:70,4,0,0
BRDA:70,4,1,0
BRDA:71,5,0,0
BRDA:71,5,1,0
BRDA:77,6,0,0
BRDA:77,6,1,0
BRDA:81,7,0,0
BRDA:81,7,1,0
BRDA:86,8,0,0
BRDA:86,8,1,0
BRDA:86,9,0,0
BRDA:86,9,1,0
BRDA:89,10,0,0
BRDA:89,10,1,0
BRDA:94,11,0,0
BRDA:94,11,1,0
BRDA:94,12,0,0
BRDA:94,12,1,0
BRDA:97,13,0,0
BRDA:97,13,1,0
BRDA:130,14,0,0
BRDA:130,14,1,0
BRDA:130,15,0,0
BRDA:130,15,1,0
BRDA:143,16,0,0
BRDA:143,16,1,0
BRDA:143,17,0,0
BRDA:143,17,1,0
BRDA:154,18,0,0
BRDA:154,18,1,0
BRDA:190,19,0,0
BRDA:190,19,1,0
BRDA:190,20,0,0
BRDA:190,20,1,0
BRDA:192,21,0,0
BRDA:192,21,1,0
BRDA:196,22,0,0
BRDA:196,22,1,0
BRDA:196,23,0,0
BRDA:196,23,1,0
BRDA:198,24,0,0
BRDA:198,24,1,0
BRDA:202,25,0,0
BRDA:202,25,1,0
BRDA:202,26,0,0
BRDA:202,26,1,0
BRDA:206,27,0,0
BRDA:206,27,1,0
BRDA:206,28,0,0
BRDA:206,28,1,0
BRDA:210,29,0,0
BRDA:210,29,1,0
BRDA:210,30,0,0
BRDA:210,30,1,0
BRDA:214,31,0,0
BRDA:214,31,1,0
BRDA:214,32,0,0
BRDA:214,32,1,0
BRDA:218,33,0,0
BRDA:218,33,1,0
BRDA:272,34,0,0
BRDA:272,34,1,0
BRDA:288,35,0,0
BRDA:288,35,1,0
BRDA:310,36,0,0
BRDA:310,36,1,0
BRDA:356,37,0,0
BRDA:356,37,1,0
BRDA:359,38,0,0
BRDA:359,38,1,0
BRDA:364,39,0,0
BRDA:364,39,1,0
BRDA:383,40,0,0
BRDA:383,40,1,0
BRDA:399,41,0,0
BRDA:399,41,1,0
BRDA:425,42,0,0
BRDA:425,42,1,0
BRDA:441,43,0,0
BRDA:441,43,1,0
BRDA:460,44,0,0
BRDA:460,44,1,0
BRDA:463,45,0,0
BRDA:463,45,1,0
BRDA:464,46,0,0
BRDA:464,46,1,0
BRDA:466,47,0,0
BRDA:466,47,1,0
BRDA:514,48,0,0
BRDA:514,48,1,0
BRDA:530,49,0,0
BRDA:530,49,1,0
BRDA:550,50,0,0
BRDA:550,50,1,0
BRDA:554,51,0,0
BRDA:554,51,1,0
BRDA:554,52,0,0
BRDA:554,52,1,0
BRDA:560,53,0,0
BRDA:560,53,1,0
BRDA:561,54,0,0
BRDA:561,54,1,0
BRDA:567,55,0,0
BRDA:567,55,1,0
BRF:112
BRH:0
end_of_record
TN:
SF:src/__tests__/mocks/handlers/taskHandlers.ts
FN:55,(anonymous_7)
FN:68,(anonymous_8)
FN:73,(anonymous_9)
FN:92,(anonymous_10)
FN:96,(anonymous_11)
FN:120,(anonymous_12)
FN:134,(anonymous_13)
FN:155,(anonymous_14)
FN:158,(anonymous_15)
FN:183,(anonymous_16)
FN:183,(anonymous_17)
FN:251,(anonymous_18)
FN:251,(anonymous_19)
FN:257,(anonymous_20)
FN:322,(anonymous_21)
FN:325,(anonymous_22)
FN:354,(anonymous_23)
FN:357,(anonymous_24)
FNF:18
FNH:0
FNDA:0,(anonymous_7)
FNDA:0,(anonymous_8)
FNDA:0,(anonymous_9)
FNDA:0,(anonymous_10)
FNDA:0,(anonymous_11)
FNDA:0,(anonymous_12)
FNDA:0,(anonymous_13)
FNDA:0,(anonymous_14)
FNDA:0,(anonymous_15)
FNDA:0,(anonymous_16)
FNDA:0,(anonymous_17)
FNDA:0,(anonymous_18)
FNDA:0,(anonymous_19)
FNDA:0,(anonymous_20)
FNDA:0,(anonymous_21)
FNDA:0,(anonymous_22)
FNDA:0,(anonymous_23)
FNDA:0,(anonymous_24)
DA:6,19
DA:18,19
DA:55,19
DA:68,19
DA:69,0
DA:73,19
DA:77,0
DA:78,0
DA:82,0
DA:87,0
DA:88,0
DA:89,0
DA:92,0
DA:96,19
DA:101,0
DA:102,0
DA:103,0
DA:105,0
DA:118,19
DA:121,0
DA:122,0
DA:123,0
DA:124,0
DA:125,0
DA:126,0
DA:127,0
DA:129,0
DA:132,0
DA:133,0
DA:135,0
DA:140,0
DA:143,0
DA:151,0
DA:156,0
DA:157,0
DA:158,0
DA:160,0
DA:161,0
DA:174,0
DA:183,0
DA:184,0
DA:185,0
DA:188,0
DA:189,0
DA:203,0
DA:222,0
DA:224,0
DA:234,0
DA:251,0
DA:252,0
DA:253,0
DA:254,0
DA:255,0
DA:257,0
DA:259,0
DA:260,0
DA:274,0
DA:275,0
DA:297,0
DA:299,0
DA:306,0
DA:323,0
DA:324,0
DA:325,0
DA:327,0
DA:328,0
DA:342,0
DA:344,0
DA:355,0
DA:356,0
DA:357,0
DA:359,0
DA:360,0
DA:374,0
DA:376,0
DA:377,0
DA:379,0
DA:387,0
DA:389,0
DA:399,19
LF:80
LH:8
BRDA:77,0,0,0
BRDA:77,0,1,0
BRDA:77,1,0,0
BRDA:77,1,1,0
BRDA:88,2,0,0
BRDA:88,2,1,0
BRDA:98,3,0,0
BRDA:99,4,0,0
BRDA:125,5,0,0
BRDA:125,5,1,0
BRDA:126,6,0,0
BRDA:126,6,1,0
BRDA:129,7,0,0
BRDA:129,7,1,0
BRDA:132,8,0,0
BRDA:132,8,1,0
BRDA:135,9,0,0
BRDA:135,9,1,0
BRDA:157,10,0,0
BRDA:157,10,1,0
BRDA:160,11,0,0
BRDA:160,11,1,0
BRDA:188,12,0,0
BRDA:188,12,1,0
BRDA:188,13,0,0
BRDA:188,13,1,0
BRDA:206,14,0,0
BRDA:206,14,1,0
BRDA:207,15,0,0
BRDA:207,15,1,0
BRDA:209,16,0,0
BRDA:209,16,1,0
BRDA:211,17,0,0
BRDA:211,17,1,0
BRDA:218,18,0,0
BRDA:218,18,1,0
BRDA:255,19,0,0
BRDA:255,19,1,0
BRDA:259,20,0,0
BRDA:259,20,1,0
BRDA:278,21,0,0
BRDA:278,21,1,0
BRDA:279,22,0,0
BRDA:279,22,1,0
BRDA:281,23,0,0
BRDA:281,23,1,0
BRDA:286,24,0,0
BRDA:286,24,1,0
BRDA:286,24,2,0
BRDA:290,25,0,0
BRDA:290,25,1,0
BRDA:290,26,0,0
BRDA:290,26,1,0
BRDA:292,27,0,0
BRDA:292,27,1,0
BRDA:292,28,0,0
BRDA:292,28,1,0
BRDA:324,29,0,0
BRDA:324,29,1,0
BRDA:327,30,0,0
BRDA:327,30,1,0
BRDA:356,31,0,0
BRDA:356,31,1,0
BRDA:359,32,0,0
BRDA:359,32,1,0
BRDA:376,33,0,0
BRDA:376,33,1,0
BRDA:382,34,0,0
BRDA:382,34,1,0
BRDA:384,35,0,0
BRDA:384,35,1,0
BRF:71
BRH:0
end_of_record
TN:
SF:src/__tests__/utils/mswUtils.ts
FN:8,(anonymous_7)
FN:17,(anonymous_8)
FN:19,(anonymous_9)
FN:20,(anonymous_10)
FN:25,(anonymous_11)
FN:26,(anonymous_12)
FN:27,(anonymous_13)
FN:46,(anonymous_14)
FN:53,(anonymous_15)
FN:60,(anonymous_16)
FN:67,(anonymous_17)
FN:79,(anonymous_18)
FN:86,(anonymous_19)
FN:94,(anonymous_20)
FN:101,(anonymous_21)
FN:101,(anonymous_22)
FN:102,(anonymous_23)
FN:110,(anonymous_24)
FN:112,(anonymous_25)
FN:125,(anonymous_26)
FN:126,(anonymous_27)
FN:137,(anonymous_28)
FN:139,(anonymous_29)
FN:155,(anonymous_30)
FN:172,(anonymous_31)
FN:173,(anonymous_32)
FN:185,(anonymous_33)
FN:201,(anonymous_34)
FN:211,(anonymous_35)
FN:233,(anonymous_36)
FN:245,(anonymous_37)
FN:256,(anonymous_38)
FN:268,(anonymous_39)
FN:280,(anonymous_40)
FN:292,(anonymous_41)
FN:303,(anonymous_42)
FN:304,(anonymous_43)
FN:310,(anonymous_44)
FN:311,(anonymous_45)
FN:311,(anonymous_46)
FNF:40
FNH:0
FNDA:0,(anonymous_7)
FNDA:0,(anonymous_8)
FNDA:0,(anonymous_9)
FNDA:0,(anonymous_10)
FNDA:0,(anonymous_11)
FNDA:0,(anonymous_12)
FNDA:0,(anonymous_13)
FNDA:0,(anonymous_14)
FNDA:0,(anonymous_15)
FNDA:0,(anonymous_16)
FNDA:0,(anonymous_17)
FNDA:0,(anonymous_18)
FNDA:0,(anonymous_19)
FNDA:0,(anonymous_20)
FNDA:0,(anonymous_21)
FNDA:0,(anonymous_22)
FNDA:0,(anonymous_23)
FNDA:0,(anonymous_24)
FNDA:0,(anonymous_25)
FNDA:0,(anonymous_26)
FNDA:0,(anonymous_27)
FNDA:0,(anonymous_28)
FNDA:0,(anonymous_29)
FNDA:0,(anonymous_30)
FNDA:0,(anonymous_31)
FNDA:0,(anonymous_32)
FNDA:0,(anonymous_33)
FNDA:0,(anonymous_34)
FNDA:0,(anonymous_35)
FNDA:0,(anonymous_36)
FNDA:0,(anonymous_37)
FNDA:0,(anonymous_38)
FNDA:0,(anonymous_39)
FNDA:0,(anonymous_40)
FNDA:0,(anonymous_41)
FNDA:0,(anonymous_42)
FNDA:0,(anonymous_43)
FNDA:0,(anonymous_44)
FNDA:0,(anonymous_45)
FNDA:0,(anonymous_46)
DA:7,0
DA:8,0
DA:16,0
DA:17,0
DA:19,0
DA:20,0
DA:25,0
DA:26,0
DA:27,0
DA:34,0
DA:35,0
DA:42,0
DA:47,0
DA:54,0
DA:61,0
DA:68,0
DA:75,0
DA:85,0
DA:86,0
DA:87,0
DA:100,0
DA:101,0
DA:102,0
DA:103,0
DA:111,0
DA:112,0
DA:113,0
DA:126,0
DA:127,0
DA:138,0
DA:139,0
DA:140,0
DA:151,0
DA:155,0
DA:173,0
DA:174,0
DA:185,0
DA:201,0
DA:212,0
DA:213,0
DA:214,0
DA:215,0
DA:217,0
DA:229,0
DA:237,0
DA:250,0
DA:260,0
DA:272,0
DA:284,0
DA:296,0
DA:303,0
DA:304,0
DA:310,0
DA:311,0
DA:313,0
DA:314,0
DA:316,0
DA:317,0
DA:320,0
LF:59
LH:0
BRDA:7,0,0,0
BRDA:7,0,1,0
BRDA:16,1,0,0
BRDA:16,1,1,0
BRDA:103,2,0,0
BRDA:103,2,1,0
BRDA:155,3,0,0
BRDA:172,4,0,0
BRDA:185,5,0,0
BRDA:201,6,0,0
BRDA:211,7,0,0
BRDA:211,8,0,0
BRDA:219,9,0,0
BRDA:219,9,1,0
BRDA:220,10,0,0
BRDA:220,10,1,0
BRDA:235,11,0,0
BRDA:247,12,0,0
BRDA:248,13,0,0
BRDA:258,14,0,0
BRDA:270,15,0,0
BRDA:282,16,0,0
BRDA:294,17,0,0
BRDA:303,18,0,0
BRF:24
BRH:0
end_of_record
TN:
SF:src/components/TaskForm.tsx
FN:55,(anonymous_7)
FN:72,(anonymous_8)
FN:72,(anonymous_9)
FN:118,(anonymous_10)
FN:136,(anonymous_11)
FN:154,(anonymous_12)
FNF:6
FNH:6
FNDA:34,(anonymous_7)
FNDA:3,(anonymous_8)
FNDA:3,(anonymous_9)
FNDA:65,(anonymous_10)
FNDA:50,(anonymous_11)
FNDA:34,(anonymous_12)
DA:2,1
DA:3,1
DA:4,1
DA:5,1
DA:6,1
DA:7,1
DA:14,1
DA:22,1
DA:26,1
DA:55,1
DA:61,34
DA:63,34
DA:72,34
DA:73,3
DA:74,3
DA:76,0
DA:81,0
DA:84,3
DA:89,3
DA:92,2
DA:93,2
DA:95,0
DA:99,34
DA:119,65
DA:137,50
DA:155,34
DA:205,1
LF:27
LH:24
BRDA:59,0,0,25
BRDA:66,1,0,34
BRDA:66,1,1,28
BRDA:66,2,0,28
BRDA:66,2,1,6
BRDA:66,3,0,34
BRDA:66,3,1,34
BRDA:67,4,0,34
BRDA:67,4,1,28
BRDA:67,5,0,28
BRDA:67,5,1,6
BRDA:67,6,0,34
BRDA:67,6,1,34
BRDA:68,7,0,34
BRDA:68,7,1,28
BRDA:68,8,0,28
BRDA:68,8,1,6
BRDA:68,9,0,34
BRDA:68,9,1,34
BRDA:74,10,0,0
BRDA:74,10,1,3
BRDA:74,11,0,3
BRDA:74,11,1,0
BRDA:74,12,0,0
BRDA:74,12,1,0
BRDA:74,13,0,0
BRDA:74,13,1,0
BRDA:86,14,0,3
BRDA:86,14,1,2
BRDA:93,15,0,1
BRDA:93,15,1,1
BRDA:93,16,0,2
BRDA:93,16,1,2
BRDA:103,17,0,9
BRDA:103,17,1,25
BRDA:106,18,0,9
BRDA:106,18,1,25
BRDA:180,19,0,12
BRDA:180,19,1,22
BRDA:181,20,0,3
BRDA:181,20,1,9
BRDA:184,21,0,6
BRDA:184,21,1,16
BRDA:188,22,0,34
BRDA:188,22,1,6
BRF:45
BRH:39
end_of_record
TN:
SF:src/components/index.ts
FN:13,(anonymous_5)
FN:14,(anonymous_6)
FN:16,(anonymous_7)
FN:17,(anonymous_8)
FN:18,(anonymous_9)
FN:19,(anonymous_10)
FN:20,(anonymous_11)
FNF:7
FNH:0
FNDA:0,(anonymous_5)
FNDA:0,(anonymous_6)
FNDA:0,(anonymous_7)
FNDA:0,(anonymous_8)
FNDA:0,(anonymous_9)
FNDA:0,(anonymous_10)
FNDA:0,(anonymous_11)
DA:7,0
DA:10,0
DA:13,0
DA:14,0
DA:16,0
DA:17,0
DA:18,0
DA:19,0
DA:20,0
LF:9
LH:0
BRF:0
BRH:0
end_of_record
TN:
SF:src/components/feature/index.ts
FN:6,(anonymous_5)
FN:7,(anonymous_6)
FN:8,(anonymous_7)
FN:9,(anonymous_8)
FN:10,(anonymous_9)
FNF:5
FNH:0
FNDA:0,(anonymous_5)
FNDA:0,(anonymous_6)
FNDA:0,(anonymous_7)
FNDA:0,(anonymous_8)
FNDA:0,(anonymous_9)
DA:6,0
DA:7,0
DA:8,0
DA:9,0
DA:10,0
DA:12,0
DA:13,0
DA:14,0
DA:15,0
DA:16,0
DA:19,0
LF:11
LH:0
BRF:0
BRH:0
end_of_record
TN:
SF:src/components/feature/Filter/Filter.tsx
FN:25,(anonymous_0)
FN:32,(anonymous_1)
FN:89,(anonymous_2)
FNF:3
FNH:3
FNDA:37,(anonymous_0)
FNDA:11,(anonymous_1)
FNDA:1,(anonymous_2)
DA:6,1
DA:7,1
DA:9,1
DA:10,1
DA:11,1
DA:25,1
DA:30,37
DA:32,37
DA:33,11
DA:36,37
DA:90,1
DA:91,1
DA:104,1
LF:13
LH:13
BRDA:28,0,0,36
BRDA:71,1,0,9
BRDA:71,1,1,28
BRDA:81,2,0,9
BRDA:81,2,1,28
BRF:5
BRH:5
end_of_record
TN:
SF:src/components/feature/Filter/index.ts
FN:1,(anonymous_1)
FN:2,(anonymous_2)
FNF:2
FNH:0
FNDA:0,(anonymous_1)
FNDA:0,(anonymous_2)
DA:1,0
DA:2,0
LF:2
LH:0
BRF:0
BRH:0
end_of_record
TN:
SF:src/components/feature/FilterButtons/FilterButtons.tsx
FN:53,(anonymous_0)
FN:70,(anonymous_1)
FN:76,(anonymous_2)
FNF:3
FNH:3
FNDA:7,(anonymous_0)
FNDA:21,(anonymous_1)
FNDA:3,(anonymous_2)
DA:23,1
DA:50,1
DA:51,1
DA:53,1
DA:59,7
DA:64,7
DA:68,7
DA:71,21
DA:73,21
DA:76,3
DA:99,1
LF:11
LH:11
BRDA:56,0,0,5
BRDA:59,1,0,1
BRDA:59,1,1,6
BRDA:64,2,0,1
BRDA:64,2,1,6
BRDA:83,3,0,7
BRDA:83,3,1,14
BRF:7
BRH:7
end_of_record
TN:
SF:src/components/feature/FilterButtons/index.ts
FN:1,(anonymous_5)
FNF:1
FNH:0
FNDA:0,(anonymous_5)
DA:1,0
DA:2,0
LF:2
LH:0
BRF:0
BRH:0
end_of_record
TN:
SF:src/components/feature/Layout/Footer.tsx
FN:13,(anonymous_0)
FNF:1
FNH:1
FNDA:7,(anonymous_0)
DA:6,1
DA:7,1
DA:8,1
DA:13,1
DA:14,7
DA:16,7
DA:152,1
LF:7
LH:7
BRF:0
BRH:0
end_of_record
TN:
SF:src/components/feature/Layout/Layout.tsx
FN:44,(anonymous_1)
FN:81,(anonymous_2)
FN:105,(anonymous_3)
FNF:3
FNH:3
FNDA:9,(anonymous_1)
FNDA:1,(anonymous_2)
FNDA:2,(anonymous_3)
DA:8,1
DA:10,1
DA:11,1
DA:12,1
DA:44,1
DA:51,9
DA:81,1
DA:88,1
DA:105,1
DA:114,2
DA:124,1
LF:11
LH:11
BRDA:47,0,0,7
BRDA:48,1,0,7
BRDA:49,2,0,7
BRDA:54,3,0,9
BRDA:54,3,1,7
BRDA:60,4,0,9
BRDA:60,4,1,7
BRDA:61,5,0,9
BRDA:61,5,1,2
BRDA:70,6,0,9
BRDA:70,6,1,7
BRDA:116,7,0,2
BRDA:116,7,1,1
BRF:13
BRH:13
end_of_record
TN:
SF:src/components/feature/Layout/NotificationSystem.tsx
FN:27,(anonymous_0)
FNF:1
FNH:1
FNDA:6,(anonymous_0)
DA:6,1
DA:27,1
DA:28,6
DA:48,1
LF:4
LH:4
BRF:0
BRH:0
end_of_record
TN:
SF:src/components/feature/LoginForm/LoginForm.tsx
FN:55,(anonymous_7)
FN:81,(anonymous_8)
FN:91,(anonymous_9)
FN:92,(anonymous_10)
FN:100,(anonymous_11)
FN:100,(anonymous_12)
FN:124,(anonymous_13)
FN:291,(anonymous_14)
FNF:8
FNH:8
FNDA:44,(anonymous_7)
FNDA:17,(anonymous_8)
FNDA:17,(anonymous_9)
FNDA:17,(anonymous_10)
FNDA:1,(anonymous_11)
FNDA:1,(anonymous_12)
FNDA:3,(anonymous_13)
FNDA:1,(anonymous_14)
DA:6,1
DA:7,1
DA:8,1
DA:9,1
DA:10,1
DA:12,1
DA:13,1
DA:14,1
DA:15,1
DA:16,1
DA:17,1
DA:19,1
DA:35,1
DA:47,1
DA:55,1
DA:59,44
DA:61,44
DA:62,44
DA:69,44
DA:81,44
DA:82,17
DA:83,0
DA:84,0
DA:91,44
DA:92,17
DA:93,17
DA:100,44
DA:101,1
DA:103,1
DA:106,1
DA:111,1
DA:113,1
DA:114,1
DA:117,0
DA:124,44
DA:125,3
DA:128,44
DA:130,44
DA:291,1
DA:304,1
LF:40
LH:37
BRDA:56,0,0,44
BRDA:82,1,0,0
BRDA:82,1,1,17
BRDA:83,2,0,0
BRDA:83,2,1,0
BRDA:83,3,0,0
BRDA:83,3,1,0
BRDA:113,4,0,1
BRDA:113,4,1,0
BRDA:128,5,0,44
BRDA:128,5,1,40
BRDA:147,6,0,44
BRDA:147,6,1,2
BRDA:173,7,0,2
BRDA:173,7,1,42
BRDA:181,8,0,44
BRDA:181,8,1,2
BRDA:204,9,0,2
BRDA:204,9,1,42
BRDA:207,10,0,3
BRDA:207,10,1,41
BRDA:220,11,0,2
BRDA:220,11,1,42
BRDA:227,12,0,44
BRDA:227,12,1,3
BRDA:262,13,0,7
BRDA:262,13,1,37
BRF:27
BRH:21
end_of_record
TN:
SF:src/components/feature/LoginForm/index.ts
FN:5,(anonymous_1)
FN:5,(anonymous_2)
FNF:2
FNH:0
FNDA:0,(anonymous_1)
FNDA:0,(anonymous_2)
DA:5,0
LF:1
LH:0
BRF:0
BRH:0
end_of_record
TN:
SF:src/components/feature/Navigation/Navigation.tsx
FN:59,(anonymous_7)
FN:61,(anonymous_8)
FN:63,(anonymous_9)
FN:85,(anonymous_10)
FN:114,(anonymous_11)
FN:119,(anonymous_12)
FN:119,(anonymous_13)
FN:135,(anonymous_14)
FN:149,(anonymous_15)
FN:166,(anonymous_16)
FN:179,(anonymous_17)
FN:198,(anonymous_18)
FN:213,(anonymous_19)
FN:235,(anonymous_20)
FN:267,(anonymous_21)
FN:273,(anonymous_22)
FN:288,(anonymous_23)
FN:330,(anonymous_24)
FN:347,(anonymous_25)
FNF:19
FNH:0
FNDA:0,(anonymous_7)
FNDA:0,(anonymous_8)
FNDA:0,(anonymous_9)
FNDA:0,(anonymous_10)
FNDA:0,(anonymous_11)
FNDA:0,(anonymous_12)
FNDA:0,(anonymous_13)
FNDA:0,(anonymous_14)
FNDA:0,(anonymous_15)
FNDA:0,(anonymous_16)
FNDA:0,(anonymous_17)
FNDA:0,(anonymous_18)
FNDA:0,(anonymous_19)
FNDA:0,(anonymous_20)
FNDA:0,(anonymous_21)
FNDA:0,(anonymous_22)
FNDA:0,(anonymous_23)
FNDA:0,(anonymous_24)
FNDA:0,(anonymous_25)
DA:6,0
DA:7,0
DA:8,0
DA:9,0
DA:10,0
DA:20,0
DA:35,0
DA:59,0
DA:60,0
DA:61,0
DA:63,0
DA:64,0
DA:71,0
DA:74,0
DA:76,0
DA:86,0
DA:87,0
DA:89,0
DA:114,0
DA:115,0
DA:116,0
DA:117,0
DA:119,0
DA:120,0
DA:121,0
DA:122,0
DA:124,0
DA:128,0
DA:130,0
DA:135,0
DA:149,0
DA:167,0
DA:168,0
DA:180,0
DA:181,0
DA:198,0
DA:207,0
DA:208,0
DA:210,0
DA:212,0
DA:213,0
DA:216,0
DA:236,0
DA:237,0
DA:239,0
DA:267,0
DA:268,0
DA:269,0
DA:270,0
DA:272,0
DA:273,0
DA:276,0
DA:289,0
DA:290,0
DA:292,0
DA:330,0
DA:347,0
DA:354,0
LF:58
LH:0
BRDA:71,0,0,0
BRDA:71,0,1,0
BRDA:74,1,0,0
BRDA:74,1,1,0
BRDA:92,2,0,0
BRDA:92,2,1,0
BRDA:128,3,0,0
BRDA:128,3,1,0
BRDA:141,4,0,0
BRDA:141,4,1,0
BRDA:144,5,0,0
BRDA:144,5,1,0
BRDA:156,6,0,0
BRDA:156,6,1,0
BRDA:210,7,0,0
BRDA:210,7,1,0
BRDA:213,8,0,0
BRDA:213,8,1,0
BRDA:246,9,0,0
BRDA:246,9,1,0
BRDA:273,10,0,0
BRDA:273,10,1,0
BRDA:298,11,0,0
BRDA:298,11,1,0
BRDA:312,12,0,0
BRDA:312,12,1,0
BRF:26
BRH:0
end_of_record
TN:
SF:src/components/feature/RegisterForm/RegisterForm.tsx
FN:33,(anonymous_0)
FN:233,(anonymous_1)
FN:312,(anonymous_2)
FN:367,(anonymous_3)
FNF:4
FNH:0
FNDA:0,(anonymous_0)
FNDA:0,(anonymous_1)
FNDA:0,(anonymous_2)
FNDA:0,(anonymous_3)
DA:7,0
DA:8,0
DA:9,0
DA:10,0
DA:13,0
DA:16,0
DA:17,0
DA:18,0
DA:19,0
DA:26,0
DA:27,0
DA:28,0
DA:33,0
DA:60,0
DA:62,0
DA:233,0
DA:312,0
DA:368,0
DA:442,0
LF:19
LH:0
BRDA:77,0,0,0
BRDA:77,0,1,0
BRDA:80,1,0,0
BRDA:80,1,1,0
BRDA:82,2,0,0
BRDA:82,2,1,0
BRDA:100,3,0,0
BRDA:100,3,1,0
BRDA:105,4,0,0
BRDA:105,4,1,0
BRDA:132,5,0,0
BRDA:132,5,1,0
BRDA:137,6,0,0
BRDA:137,6,1,0
BRDA:164,7,0,0
BRDA:164,7,1,0
BRDA:169,8,0,0
BRDA:169,8,1,0
BRDA:196,9,0,0
BRDA:196,9,1,0
BRDA:201,10,0,0
BRDA:201,10,1,0
BRDA:224,11,0,0
BRDA:224,11,1,0
BRDA:228,12,0,0
BRDA:228,12,1,0
BRDA:235,13,0,0
BRDA:235,13,1,0
BRDA:238,14,0,0
BRDA:238,14,1,0
BRDA:249,15,0,0
BRDA:249,15,1,0
BRDA:263,16,0,0
BRDA:263,16,1,0
BRDA:269,17,0,0
BRDA:269,17,1,0
BRDA:271,18,0,0
BRDA:271,18,1,0
BRDA:303,19,0,0
BRDA:303,19,1,0
BRDA:307,20,0,0
BRDA:307,20,1,0
BRDA:314,21,0,0
BRDA:314,21,1,0
BRDA:319,22,0,0
BRDA:319,22,1,0
BRDA:330,23,0,0
BRDA:330,23,1,0
BRDA:344,24,0,0
BRDA:344,24,1,0
BRDA:344,24,2,0
BRDA:349,25,0,0
BRDA:349,25,1,0
BRDA:354,26,0,0
BRDA:354,26,1,0
BRDA:372,27,0,0
BRDA:372,27,1,0
BRDA:389,28,0,0
BRDA:389,28,1,0
BRDA:418,29,0,0
BRDA:418,29,1,0
BRDA:420,30,0,0
BRDA:420,30,1,0
BRDA:420,31,0,0
BRDA:420,31,1,0
BRF:65
BRH:0
end_of_record
TN:
SF:src/components/feature/RegisterForm/index.ts
FN:6,(anonymous_1)
FN:6,(anonymous_2)
FN:8,(anonymous_3)
FNF:3
FNH:0
FNDA:0,(anonymous_1)
FNDA:0,(anonymous_2)
FNDA:0,(anonymous_3)
DA:6,0
DA:7,0
DA:8,0
LF:3
LH:0
BRF:0
BRH:0
end_of_record
TN:
SF:src/components/feature/RegisterForm/hooks/index.ts
FN:7,(anonymous_0)
FNF:1
FNH:0
FNDA:0,(anonymous_0)
DA:6,0
DA:7,0
LF:2
LH:0
BRF:0
BRH:0
end_of_record
TN:
SF:src/components/feature/RegisterForm/hooks/useRegisterForm.ts
FN:69,(anonymous_8)
FN:111,(anonymous_9)
FN:118,(anonymous_10)
FN:118,(anonymous_11)
FNF:4
FNH:0
FNDA:0,(anonymous_8)
FNDA:0,(anonymous_9)
FNDA:0,(anonymous_10)
FNDA:0,(anonymous_11)
DA:6,0
DA:7,0
DA:8,0
DA:9,0
DA:12,0
DA:16,0
DA:19,0
DA:69,0
DA:70,0
DA:76,0
DA:79,0
DA:80,0
DA:84,0
DA:100,0
DA:101,0
DA:104,0
DA:105,0
DA:108,0
DA:111,0
DA:112,0
DA:118,0
DA:119,0
DA:121,0
DA:124,0
DA:125,0
DA:126,0
DA:130,0
DA:140,0
DA:142,0
DA:144,0
DA:147,0
DA:149,0
DA:153,0
DA:157,0
DA:161,0
LF:35
LH:0
BRDA:100,0,0,0
BRDA:100,0,1,0
BRDA:101,1,0,0
BRDA:101,1,1,0
BRDA:124,2,0,0
BRDA:124,2,1,0
BRDA:142,3,0,0
BRDA:142,3,1,0
BRDA:147,4,0,0
BRDA:147,4,1,0
BRF:10
BRH:0
end_of_record
TN:
SF:src/components/feature/StatsChart/StatsChart.tsx
FN:78,(anonymous_1)
FN:91,(anonymous_2)
FN:122,(anonymous_3)
FN:132,(anonymous_4)
FN:186,(anonymous_5)
FN:281,(anonymous_6)
FN:290,(anonymous_7)
FNF:7
FNH:0
FNDA:0,(anonymous_1)
FNDA:0,(anonymous_2)
FNDA:0,(anonymous_3)
FNDA:0,(anonymous_4)
FNDA:0,(anonymous_5)
FNDA:0,(anonymous_6)
FNDA:0,(anonymous_7)
DA:15,0
DA:16,0
DA:17,0
DA:18,0
DA:56,0
DA:63,0
DA:77,0
DA:91,0
DA:92,0
DA:94,0
DA:95,0
DA:102,0
DA:103,0
DA:110,0
DA:111,0
DA:118,0
DA:122,0
DA:123,0
DA:137,0
DA:138,0
DA:186,0
DA:258,0
DA:259,0
DA:276,0
DA:280,0
DA:282,0
DA:283,0
DA:289,0
DA:291,0
DA:292,0
DA:293,0
DA:304,0
DA:305,0
DA:318,0
DA:319,0
DA:333,0
DA:334,0
DA:349,0
DA:372,0
DA:374,0
LF:40
LH:0
BRDA:80,0,0,0
BRDA:81,1,0,0
BRDA:82,2,0,0
BRDA:83,3,0,0
BRDA:84,4,0,0
BRDA:87,5,0,0
BRDA:88,6,0,0
BRDA:94,7,0,0
BRDA:94,7,1,0
BRDA:102,8,0,0
BRDA:102,8,1,0
BRDA:110,9,0,0
BRDA:110,9,1,0
BRDA:110,10,0,0
BRDA:110,10,1,0
BRDA:258,11,0,0
BRDA:258,11,1,0
BRDA:283,12,0,0
BRDA:283,12,1,0
BRDA:283,13,0,0
BRDA:283,13,1,0
BRDA:291,14,0,0
BRDA:291,14,1,0
BRDA:304,15,0,0
BRDA:304,15,1,0
BRDA:318,16,0,0
BRDA:318,16,1,0
BRDA:333,17,0,0
BRDA:333,17,1,0
BRF:29
BRH:0
end_of_record
TN:
SF:src/components/feature/StatsChart/index.ts
FN:5,(anonymous_1)
FN:5,(anonymous_2)
FNF:2
FNH:0
FNDA:0,(anonymous_1)
FNDA:0,(anonymous_2)
DA:5,0
LF:1
LH:0
BRF:0
BRH:0
end_of_record
TN:
SF:src/components/feature/StatsSection/StatsSection.tsx
FN:23,(anonymous_0)
FNF:1
FNH:1
FNDA:15,(anonymous_0)
DA:6,1
DA:7,1
DA:8,1
DA:23,1
DA:25,15
DA:29,15
DA:80,1
LF:7
LH:7
BRDA:25,0,0,14
BRDA:25,0,1,1
BRF:2
BRH:2
end_of_record
TN:
SF:src/components/feature/StatsSection/index.ts
FN:1,(anonymous_5)
FNF:1
FNH:0
FNDA:0,(anonymous_5)
DA:1,0
DA:2,0
LF:2
LH:0
BRF:0
BRH:0
end_of_record
TN:
SF:src/components/feature/TaskForm/TaskForm.tsx
FN:75,(anonymous_7)
FN:104,(anonymous_8)
FN:109,(anonymous_9)
FN:122,(anonymous_10)
FN:122,(anonymous_11)
FN:186,(anonymous_12)
FN:211,(anonymous_13)
FN:237,(anonymous_14)
FN:245,(anonymous_15)
FNF:9
FNH:0
FNDA:0,(anonymous_7)
FNDA:0,(anonymous_8)
FNDA:0,(anonymous_9)
FNDA:0,(anonymous_10)
FNDA:0,(anonymous_11)
FNDA:0,(anonymous_12)
FNDA:0,(anonymous_13)
FNDA:0,(anonymous_14)
FNDA:0,(anonymous_15)
DA:7,0
DA:8,0
DA:9,0
DA:10,0
DA:12,0
DA:13,0
DA:14,0
DA:15,0
DA:16,0
DA:23,0
DA:24,0
DA:26,0
DA:59,0
DA:75,0
DA:84,0
DA:85,0
DA:93,0
DA:104,0
DA:105,0
DA:109,0
DA:110,0
DA:111,0
DA:122,0
DA:123,0
DA:124,0
DA:125,0
DA:128,0
DA:134,0
DA:135,0
DA:137,0
DA:141,0
DA:142,0
DA:146,0
DA:147,0
DA:150,0
DA:152,0
DA:156,0
DA:187,0
DA:212,0
DA:238,0
DA:246,0
DA:290,0
LF:42
LH:0
BRDA:78,0,0,0
BRDA:79,1,0,0
BRDA:81,2,0,0
BRDA:96,3,0,0
BRDA:96,3,1,0
BRDA:96,3,2,0
BRDA:96,4,0,0
BRDA:96,4,1,0
BRDA:96,5,0,0
BRDA:96,5,1,0
BRDA:96,6,0,0
BRDA:96,6,1,0
BRDA:96,7,0,0
BRDA:96,7,1,0
BRDA:97,8,0,0
BRDA:97,8,1,0
BRDA:97,9,0,0
BRDA:97,9,1,0
BRDA:97,10,0,0
BRDA:97,10,1,0
BRDA:98,11,0,0
BRDA:98,11,1,0
BRDA:98,12,0,0
BRDA:98,12,1,0
BRDA:98,13,0,0
BRDA:98,13,1,0
BRDA:110,14,0,0
BRDA:110,14,1,0
BRDA:110,15,0,0
BRDA:110,15,1,0
BRDA:112,16,0,0
BRDA:112,16,1,0
BRDA:112,16,2,0
BRDA:113,17,0,0
BRDA:113,17,1,0
BRDA:134,18,0,0
BRDA:134,18,1,0
BRDA:134,19,0,0
BRDA:134,19,1,0
BRDA:141,20,0,0
BRDA:141,20,1,0
BRDA:146,21,0,0
BRDA:146,21,1,0
BRDA:161,22,0,0
BRDA:161,22,1,0
BRDA:167,23,0,0
BRDA:167,23,1,0
BRDA:171,24,0,0
BRDA:171,24,1,0
BRDA:191,25,0,0
BRDA:191,25,1,0
BRDA:196,26,0,0
BRDA:196,26,1,0
BRDA:217,27,0,0
BRDA:217,27,1,0
BRDA:222,28,0,0
BRDA:222,28,1,0
BRDA:240,29,0,0
BRDA:240,29,1,0
BRDA:259,30,0,0
BRDA:259,30,1,0
BRDA:270,31,0,0
BRDA:270,31,1,0
BRDA:270,31,2,0
BRDA:273,32,0,0
BRDA:273,32,1,0
BRDA:273,33,0,0
BRDA:273,33,1,0
BRDA:276,34,0,0
BRDA:276,34,1,0
BRDA:279,35,0,0
BRDA:279,35,1,0
BRDA:280,36,0,0
BRDA:280,36,1,0
BRF:74
BRH:0
end_of_record
TN:
SF:src/components/feature/TaskForm/index.ts
FNF:0
FNH:0
DA:1,0
LF:1
LH:0
BRF:0
BRH:0
end_of_record
TN:
SF:src/components/feature/TodoItem/TodoItem.tsx
FN:16,(anonymous_0)
FN:24,(anonymous_1)
FN:28,(anonymous_2)
FNF:3
FNH:3
FNDA:39,(anonymous_0)
FNDA:1,(anonymous_1)
FNDA:1,(anonymous_2)
DA:6,2
DA:8,2
DA:16,2
DA:18,39
DA:19,39
DA:21,39
DA:24,39
DA:25,1
DA:28,39
DA:29,1
DA:32,39
DA:130,2
LF:12
LH:12
BRDA:18,0,0,39
BRDA:18,0,1,0
BRDA:18,1,0,39
BRDA:18,1,1,39
BRDA:18,2,0,39
BRDA:18,2,1,0
BRDA:18,3,0,39
BRDA:18,3,1,39
BRDA:19,4,0,39
BRDA:19,4,1,0
BRDA:19,4,2,0
BRDA:21,5,0,39
BRDA:21,5,1,10
BRDA:22,6,0,0
BRDA:22,6,1,10
BRDA:25,7,0,0
BRDA:25,7,1,1
BRDA:25,8,0,1
BRDA:25,8,1,1
BRDA:29,9,0,0
BRDA:29,9,1,1
BRDA:29,10,0,1
BRDA:29,10,1,1
BRDA:37,11,0,18
BRDA:37,11,1,21
BRDA:52,12,0,18
BRDA:52,12,1,21
BRDA:58,13,0,18
BRDA:58,13,1,21
BRDA:61,14,0,39
BRDA:61,14,1,18
BRDA:72,15,0,18
BRDA:72,15,1,21
BRDA:79,16,0,39
BRDA:79,16,1,39
BRDA:83,17,0,18
BRDA:83,17,1,21
BRDA:97,18,0,18
BRDA:97,18,1,21
BRDA:103,19,0,39
BRDA:103,19,1,0
BRDA:104,20,0,0
BRDA:104,20,1,0
BRDA:108,21,0,39
BRDA:108,21,1,29
BRF:45
BRH:35
end_of_record
TN:
SF:src/components/feature/TodoItem/index.ts
FN:1,(anonymous_5)
FNF:1
FNH:0
FNDA:0,(anonymous_5)
DA:1,1
DA:2,1
LF:2
LH:2
BRF:0
BRH:0
end_of_record
TN:
SF:src/components/feature/TodoList/TodoList.tsx
FN:25,(anonymous_0)
FN:77,(anonymous_1)
FN:85,(anonymous_2)
FN:86,(anonymous_3)
FNF:4
FNH:2
FNDA:15,(anonymous_0)
FNDA:28,(anonymous_1)
FNDA:0,(anonymous_2)
FNDA:0,(anonymous_3)
DA:7,1
DA:8,1
DA:9,1
DA:10,1
DA:25,1
DA:32,15
DA:33,5
DA:73,10
DA:78,28
DA:85,0
DA:86,0
DA:95,1
LF:12
LH:10
BRDA:27,0,0,14
BRDA:32,1,0,5
BRDA:32,1,1,10
BRDA:56,2,0,5
BRDA:56,2,1,0
BRF:5
BRH:4
end_of_record
TN:
SF:src/components/feature/TodoList/index.ts
FN:1,(anonymous_5)
FNF:1
FNH:0
FNDA:0,(anonymous_5)
DA:1,0
DA:2,0
LF:2
LH:0
BRF:0
BRH:0
end_of_record
TN:
SF:src/components/ui/alert.tsx
FN:51,(anonymous_10)
FN:71,(anonymous_11)
FN:92,(anonymous_12)
FNF:3
FNH:0
FNDA:0,(anonymous_10)
FNDA:0,(anonymous_11)
FNDA:0,(anonymous_12)
DA:6,0
DA:7,0
DA:8,0
DA:13,0
DA:50,0
DA:51,0
DA:60,0
DA:70,0
DA:71,0
DA:79,0
DA:89,0
DA:92,0
DA:99,0
DA:101,0
LF:14
LH:0
BRF:0
BRH:0
end_of_record
TN:
SF:src/components/ui/badge.tsx
FN:34,Badge
FNF:1
FNH:0
FNDA:0,Badge
DA:7,0
DA:8,0
DA:10,0
DA:34,0
DA:35,0
DA:40,0
LF:6
LH:0
BRF:0
BRH:0
end_of_record
TN:
SF:src/components/ui/button.tsx
FN:38,Button
FNF:1
FNH:1
FNDA:105,Button
DA:2,4
DA:3,4
DA:5,4
DA:7,4
DA:42,105
DA:43,105
DA:48,105
DA:50,105
DA:59,4
LF:9
LH:9
BRDA:42,0,0,84
BRDA:48,1,0,21
BRDA:48,1,1,84
BRF:3
BRH:3
end_of_record
TN:
SF:src/components/ui/card.tsx
FN:5,Card
FN:18,CardHeader
FN:31,CardTitle
FN:41,CardDescription
FN:51,CardAction
FN:64,CardContent
FN:74,CardFooter
FNF:7
FNH:4
FNDA:64,Card
FNDA:15,CardHeader
FNDA:15,CardTitle
FNDA:0,CardDescription
FNDA:0,CardAction
FNDA:5,CardContent
FNDA:0,CardFooter
DA:3,3
DA:5,64
DA:6,64
DA:18,15
DA:19,15
DA:31,15
DA:32,15
DA:41,0
DA:42,0
DA:51,0
DA:52,0
DA:64,5
DA:65,5
DA:74,0
DA:75,0
DA:85,3
DA:86,3
DA:87,3
DA:88,3
DA:89,3
DA:90,3
DA:91,3
LF:22
LH:16
BRF:0
BRH:0
end_of_record
TN:
SF:src/components/ui/checkbox.tsx
FN:7,Checkbox
FNF:1
FNH:0
FNDA:0,Checkbox
DA:2,0
DA:3,0
DA:5,0
DA:8,0
DA:9,0
DA:11,0
DA:30,0
LF:7
LH:0
BRF:0
BRH:0
end_of_record
TN:
SF:src/components/ui/dialog.tsx
FN:7,Dialog
FN:13,DialogTrigger
FN:19,DialogPortal
FN:25,DialogClose
FN:31,DialogOverlay
FN:47,DialogContent
FN:81,DialogHeader
FN:91,DialogFooter
FN:104,DialogTitle
FN:117,DialogDescription
FNF:10
FNH:0
FNDA:0,Dialog
FNDA:0,DialogTrigger
FNDA:0,DialogPortal
FNDA:0,DialogClose
FNDA:0,DialogOverlay
FNDA:0,DialogContent
FNDA:0,DialogHeader
FNDA:0,DialogFooter
FNDA:0,DialogTitle
FNDA:0,DialogDescription
DA:2,0
DA:3,0
DA:5,0
DA:8,0
DA:10,0
DA:14,0
DA:16,0
DA:20,0
DA:22,0
DA:26,0
DA:28,0
DA:32,0
DA:33,0
DA:35,0
DA:50,0
DA:51,0
DA:55,0
DA:81,0
DA:82,0
DA:91,0
DA:92,0
DA:105,0
DA:106,0
DA:108,0
DA:118,0
DA:119,0
DA:121,0
DA:131,0
DA:132,0
DA:133,0
DA:134,0
DA:135,0
DA:136,0
DA:137,0
DA:138,0
DA:139,0
DA:140,0
LF:37
LH:0
BRDA:50,0,0,0
BRDA:67,1,0,0
BRDA:67,1,1,0
BRF:3
BRH:0
end_of_record
TN:
SF:src/components/ui/form.tsx
FN:30,(anonymous_10)
FN:43,(anonymous_11)
FN:74,FormItem
FN:88,FormLabel
FN:105,FormControl
FN:124,FormDescription
FN:137,FormMessage
FNF:7
FNH:6
FNDA:102,(anonymous_10)
FNDA:456,(anonymous_11)
FNDA:145,FormItem
FNDA:152,FormLabel
FNDA:152,FormControl
FNDA:0,FormDescription
FNDA:152,FormMessage
DA:1,1
DA:3,1
DA:4,1
DA:14,1
DA:15,1
DA:17,1
DA:26,1
DA:30,1
DA:34,102
DA:36,102
DA:43,1
DA:44,456
DA:45,456
DA:46,456
DA:47,456
DA:48,456
DA:50,456
DA:51,0
DA:54,456
DA:56,456
DA:70,1
DA:74,145
DA:75,145
DA:77,145
DA:89,152
DA:90,152
DA:92,152
DA:94,152
DA:105,152
DA:107,152
DA:109,152
DA:124,0
DA:125,0
DA:127,0
DA:137,152
DA:138,152
DA:139,152
DA:141,152
DA:142,151
DA:145,1
DA:158,1
DA:159,1
DA:160,1
DA:161,1
DA:162,1
DA:163,1
DA:164,1
LF:47
LH:43
BRDA:50,0,0,0
BRDA:50,0,1,456
BRDA:114,1,0,151
BRDA:114,1,1,1
BRDA:139,2,0,1
BRDA:139,2,1,151
BRDA:139,3,0,1
BRDA:139,3,1,0
BRDA:139,4,0,1
BRDA:139,4,1,1
BRDA:139,5,0,0
BRDA:139,5,1,1
BRDA:139,6,0,1
BRDA:139,6,1,1
BRDA:141,7,0,151
BRDA:141,7,1,1
BRF:16
BRH:13
end_of_record
TN:
SF:src/components/ui/index.ts
FN:8,(anonymous_5)
FN:9,(anonymous_6)
FNF:2
FNH:0
FNDA:0,(anonymous_5)
FNDA:0,(anonymous_6)
DA:8,0
DA:9,0
DA:11,0
DA:12,0
LF:4
LH:0
BRF:0
BRH:0
end_of_record
TN:
SF:src/components/ui/input.tsx
FN:5,Input
FNF:1
FNH:1
FNDA:205,Input
DA:3,2
DA:5,205
DA:6,205
DA:21,2
LF:4
LH:4
BRF:0
BRH:0
end_of_record
TN:
SF:src/components/ui/label.tsx
FN:8,Label
FNF:1
FNH:1
FNDA:284,Label
DA:4,2
DA:6,2
DA:9,284
DA:10,284
DA:12,284
DA:24,2
LF:6
LH:6
BRF:0
BRH:0
end_of_record
TN:
SF:src/components/ui/loading.tsx
FN:19,(anonymous_0)
FN:36,(anonymous_1)
FNF:2
FNH:0
FNDA:0,(anonymous_0)
FNDA:0,(anonymous_1)
DA:13,0
DA:19,0
DA:23,0
DA:36,0
DA:37,0
DA:42,0
LF:6
LH:0
BRDA:20,0,0,0
BRDA:21,1,0,0
BRF:2
BRH:0
end_of_record
TN:
SF:src/components/ui/progress.tsx
FN:35,(anonymous_10)
FN:40,(anonymous_11)
FNF:2
FNH:0
FNDA:0,(anonymous_10)
FNDA:0,(anonymous_11)
DA:6,0
DA:7,0
DA:34,0
DA:35,0
DA:37,0
DA:40,0
DA:41,0
DA:43,0
DA:45,0
DA:47,0
DA:49,0
DA:53,0
DA:78,0
DA:80,0
DA:81,0
LF:15
LH:0
BRDA:35,0,0,0
BRDA:35,1,0,0
BRDA:35,2,0,0
BRDA:41,3,0,0
BRDA:41,3,1,0
BRDA:41,3,2,0
BRDA:41,3,3,0
BRF:7
BRH:0
end_of_record
TN:
SF:src/components/ui/select.tsx
FN:7,Select
FN:13,SelectGroup
FN:19,SelectValue
FN:25,SelectTrigger
FN:51,SelectContent
FN:86,SelectLabel
FN:99,SelectItem
FN:123,SelectSeparator
FN:136,SelectScrollUpButton
FN:154,SelectScrollDownButton
FNF:10
FNH:7
FNDA:34,Select
FNDA:0,SelectGroup
FNDA:34,SelectValue
FNDA:35,SelectTrigger
FNDA:34,SelectContent
FNDA:0,SelectLabel
FNDA:75,SelectItem
FNDA:0,SelectSeparator
FNDA:25,SelectScrollUpButton
FNDA:25,SelectScrollDownButton
DA:2,1
DA:3,1
DA:5,1
DA:8,34
DA:10,34
DA:14,0
DA:16,0
DA:20,34
DA:22,34
DA:28,35
DA:29,35
DA:33,35
DA:54,34
DA:55,34
DA:57,34
DA:87,0
DA:88,0
DA:90,0
DA:101,75
DA:102,75
DA:104,75
DA:124,0
DA:125,0
DA:127,0
DA:137,25
DA:138,25
DA:140,25
DA:155,25
DA:156,25
DA:158,25
DA:173,1
DA:174,1
DA:175,1
DA:176,1
DA:177,1
DA:178,1
DA:179,1
DA:180,1
DA:181,1
DA:182,1
LF:40
LH:32
BRDA:27,0,0,35
BRDA:54,1,0,34
BRDA:63,2,0,34
BRDA:63,2,1,34
BRDA:74,3,0,34
BRDA:74,3,1,34
BRF:6
BRH:6
end_of_record
TN:
SF:src/components/ui/sonner.tsx
FN:3,(anonymous_1)
FNF:1
FNH:0
FNDA:0,(anonymous_1)
DA:1,0
DA:3,0
DA:4,0
DA:20,0
LF:4
LH:0
BRF:0
BRH:0
end_of_record
TN:
SF:src/components/ui/Header/Header.tsx
FN:59,(anonymous_0)
FNF:1
FNH:1
FNDA:15,(anonymous_0)
DA:59,1
DA:60,15
DA:76,1
LF:3
LH:3
BRF:0
BRH:0
end_of_record
TN:
SF:src/components/ui/Header/index.ts
FN:1,(anonymous_5)
FNF:1
FNH:0
FNDA:0,(anonymous_5)
DA:1,0
DA:2,0
LF:2
LH:0
BRF:0
BRH:0
end_of_record
TN:
SF:src/components/ui/Sidebar/Sidebar.tsx
FN:17,(anonymous_0)
FN:20,(anonymous_1)
FN:156,(anonymous_2)
FNF:3
FNH:0
FNDA:0,(anonymous_0)
FNDA:0,(anonymous_1)
FNDA:0,(anonymous_2)
DA:7,0
DA:8,0
DA:9,0
DA:17,0
DA:18,0
DA:20,0
DA:21,0
DA:24,0
DA:157,0
DA:158,0
DA:170,0
LF:11
LH:0
BRDA:93,0,0,0
BRDA:93,0,1,0
BRDA:110,1,0,0
BRDA:110,1,1,0
BRDA:120,2,0,0
BRDA:120,2,1,0
BRF:6
BRH:0
end_of_record
TN:
SF:src/components/ui/Sidebar/index.ts
FN:5,(anonymous_1)
FN:6,(anonymous_2)
FNF:2
FNH:0
FNDA:0,(anonymous_1)
FNDA:0,(anonymous_2)
DA:5,0
DA:6,0
LF:2
LH:0
BRF:0
BRH:0
end_of_record
TN:
SF:src/components/ui/StatsCard/StatsCard.tsx
FN:104,(anonymous_0)
FNF:1
FNH:1
FNDA:71,(anonymous_0)
DA:41,2
DA:104,2
DA:105,71
DA:107,71
DA:139,2
LF:5
LH:5
BRF:0
BRH:0
end_of_record
TN:
SF:src/components/ui/StatsCard/index.ts
FN:1,(anonymous_5)
FNF:1
FNH:0
FNDA:0,(anonymous_5)
DA:1,1
DA:2,1
LF:2
LH:2
BRF:0
BRH:0
end_of_record
TN:
SF:src/config/index.ts
FN:6,(anonymous_0)
FN:6,(anonymous_1)
FN:6,(anonymous_2)
FNF:3
FNH:0
FNDA:0,(anonymous_0)
FNDA:0,(anonymous_1)
FNDA:0,(anonymous_2)
DA:6,0
LF:1
LH:0
BRF:0
BRH:0
end_of_record
TN:
SF:src/hooks/useForm.ts
FN:125,useForm
FN:151,(anonymous_8)
FN:160,(anonymous_9)
FN:178,(anonymous_10)
FN:182,(anonymous_11)
FN:202,(anonymous_12)
FN:212,(anonymous_13)
FN:215,(anonymous_14)
FN:215,(anonymous_15)
FN:231,(anonymous_16)
FNF:10
FNH:0
FNDA:0,useForm
FNDA:0,(anonymous_8)
FNDA:0,(anonymous_9)
FNDA:0,(anonymous_10)
FNDA:0,(anonymous_11)
FNDA:0,(anonymous_12)
FNDA:0,(anonymous_13)
FNDA:0,(anonymous_14)
FNDA:0,(anonymous_15)
FNDA:0,(anonymous_16)
DA:7,0
DA:8,0
DA:15,0
DA:125,0
DA:132,0
DA:139,0
DA:140,0
DA:141,0
DA:144,0
DA:145,0
DA:146,0
DA:151,0
DA:152,0
DA:153,0
DA:159,0
DA:161,0
DA:164,0
DA:165,0
DA:177,0
DA:179,0
DA:182,0
DA:183,0
DA:184,0
DA:192,0
DA:193,0
DA:202,0
DA:203,0
DA:204,0
DA:205,0
DA:211,0
DA:215,0
DA:216,0
DA:218,0
DA:221,0
DA:224,0
DA:227,0
DA:230,0
DA:231,0
DA:232,0
DA:237,0
DA:240,0
DA:252,0
DA:253,0
DA:256,0
DA:257,0
DA:260,0
DA:261,0
DA:268,0
DA:269,0
DA:276,0
DA:283,0
DA:284,0
DA:290,0
DA:297,0
DA:311,0
DA:348,0
LF:56
LH:0
BRDA:127,0,0,0
BRDA:128,1,0,0
BRDA:164,2,0,0
BRDA:164,2,1,0
BRDA:183,3,0,0
BRDA:183,3,1,0
BRDA:192,4,0,0
BRDA:192,4,1,0
BRDA:230,5,0,0
BRDA:230,5,1,0
BRDA:252,6,0,0
BRDA:252,6,1,0
BRDA:252,7,0,0
BRDA:252,7,1,0
BRDA:252,8,0,0
BRDA:252,8,1,0
BRDA:252,9,0,0
BRDA:252,9,1,0
BRDA:252,10,0,0
BRDA:252,10,1,0
BRDA:256,11,0,0
BRDA:256,11,1,0
BRDA:260,12,0,0
BRDA:260,12,1,0
BRDA:260,13,0,0
BRDA:260,13,1,0
BRDA:268,14,0,0
BRDA:268,14,1,0
BRDA:283,15,0,0
BRDA:283,15,1,0
BRDA:283,16,0,0
BRDA:283,16,1,0
BRDA:283,17,0,0
BRDA:283,17,1,0
BRF:34
BRH:0
end_of_record
TN:
SF:src/hooks/useTodo.ts
FN:98,(anonymous_8)
FN:117,(anonymous_9)
FN:120,(anonymous_10)
FN:158,(anonymous_11)
FN:158,(anonymous_12)
FN:192,(anonymous_13)
FN:192,(anonymous_14)
FN:225,(anonymous_15)
FN:225,(anonymous_16)
FN:258,(anonymous_17)
FN:258,(anonymous_18)
FN:263,(anonymous_19)
FN:302,(anonymous_20)
FN:302,(anonymous_21)
FN:336,(anonymous_22)
FN:345,(anonymous_23)
FN:354,(anonymous_24)
FN:366,(anonymous_25)
FN:381,(anonymous_26)
FN:386,(anonymous_27)
FNF:20
FNH:6
FNDA:34,(anonymous_8)
FNDA:9,(anonymous_9)
FNDA:9,(anonymous_10)
FNDA:3,(anonymous_11)
FNDA:3,(anonymous_12)
FNDA:0,(anonymous_13)
FNDA:0,(anonymous_14)
FNDA:0,(anonymous_15)
FNDA:0,(anonymous_16)
FNDA:0,(anonymous_17)
FNDA:0,(anonymous_18)
FNDA:0,(anonymous_19)
FNDA:0,(anonymous_20)
FNDA:0,(anonymous_21)
FNDA:0,(anonymous_22)
FNDA:0,(anonymous_23)
FNDA:0,(anonymous_24)
FNDA:0,(anonymous_25)
FNDA:0,(anonymous_26)
FNDA:9,(anonymous_27)
DA:6,1
DA:7,1
DA:8,1
DA:36,1
DA:37,1
DA:98,1
DA:99,34
DA:102,34
DA:103,34
DA:104,34
DA:105,34
DA:106,34
DA:107,34
DA:108,34
DA:109,34
DA:116,34
DA:120,9
DA:121,9
DA:122,9
DA:123,9
DA:125,9
DA:126,0
DA:133,0
DA:140,9
DA:157,34
DA:158,3
DA:159,3
DA:160,3
DA:161,3
DA:163,2
DA:164,1
DA:166,0
DA:173,1
DA:191,34
DA:192,0
DA:193,0
DA:194,0
DA:195,0
DA:197,0
DA:198,0
DA:200,0
DA:207,0
DA:224,34
DA:225,0
DA:226,0
DA:227,0
DA:228,0
DA:230,0
DA:231,0
DA:233,0
DA:240,0
DA:257,34
DA:258,0
DA:259,0
DA:261,0
DA:263,0
DA:264,0
DA:266,0
DA:270,0
DA:271,0
DA:274,0
DA:275,0
DA:283,0
DA:284,0
DA:301,34
DA:302,0
DA:303,0
DA:304,0
DA:306,0
DA:307,0
DA:309,0
DA:318,0
DA:335,34
DA:337,0
DA:345,34
DA:346,0
DA:353,34
DA:355,0
DA:365,34
DA:367,0
DA:373,0
DA:381,34
DA:382,0
DA:386,34
DA:387,9
DA:390,34
DA:423,1
LF:87
LH:43
BRDA:125,0,0,0
BRDA:125,0,1,0
BRDA:135,1,0,0
BRDA:135,1,1,0
BRDA:144,2,0,9
BRDA:144,2,1,0
BRDA:163,3,0,1
BRDA:163,3,1,0
BRDA:168,4,0,0
BRDA:168,4,1,0
BRDA:177,5,0,1
BRDA:177,5,1,0
BRDA:197,6,0,0
BRDA:197,6,1,0
BRDA:202,7,0,0
BRDA:202,7,1,0
BRDA:211,8,0,0
BRDA:211,8,1,0
BRDA:230,9,0,0
BRDA:230,9,1,0
BRDA:235,10,0,0
BRDA:235,10,1,0
BRDA:244,11,0,0
BRDA:244,11,1,0
BRDA:264,12,0,0
BRDA:264,12,1,0
BRDA:270,13,0,0
BRDA:270,13,1,0
BRDA:277,14,0,0
BRDA:277,14,1,0
BRDA:288,15,0,0
BRDA:288,15,1,0
BRDA:306,16,0,0
BRDA:306,16,1,0
BRDA:312,17,0,0
BRDA:312,17,1,0
BRDA:322,18,0,0
BRDA:322,18,1,0
BRDA:373,19,0,0
BRDA:373,19,1,0
BRF:40
BRH:3
end_of_record
TN:
SF:src/lib/utils.ts
FN:4,cn
FNF:1
FNH:0
FNDA:0,cn
DA:1,0
DA:2,0
DA:4,0
DA:5,0
LF:4
LH:0
BRF:0
BRH:0
end_of_record
TN:
SF:src/pages/index.ts
FN:6,(anonymous_0)
FN:7,(anonymous_1)
FN:8,(anonymous_2)
FN:9,(anonymous_3)
FN:10,(anonymous_4)
FNF:5
FNH:0
FNDA:0,(anonymous_0)
FNDA:0,(anonymous_1)
FNDA:0,(anonymous_2)
FNDA:0,(anonymous_3)
FNDA:0,(anonymous_4)
DA:6,0
DA:7,0
DA:8,0
DA:9,0
DA:10,0
LF:5
LH:0
BRF:0
BRH:0
end_of_record
TN:
SF:src/pages/CreateTodoPage/CreateTodoPage.tsx
FN:13,(anonymous_0)
FNF:1
FNH:1
FNDA:8,(anonymous_0)
DA:6,1
DA:7,1
DA:13,1
DA:14,8
DA:53,1
LF:5
LH:5
BRF:0
BRH:0
end_of_record
TN:
SF:src/pages/CreateTodoPage/index.ts
FN:6,(anonymous_1)
FN:7,(anonymous_2)
FNF:2
FNH:0
FNDA:0,(anonymous_1)
FNDA:0,(anonymous_2)
DA:6,0
DA:7,0
LF:2
LH:0
BRF:0
BRH:0
end_of_record
TN:
SF:src/pages/HomePage/HomePage.tsx
FN:17,(anonymous_0)
FN:22,(anonymous_1)
FN:27,(anonymous_2)
FN:90,(anonymous_3)
FNF:4
FNH:4
FNDA:15,(anonymous_0)
FNDA:1,(anonymous_1)
FNDA:1,(anonymous_2)
FNDA:1,(anonymous_3)
DA:7,1
DA:8,1
DA:9,1
DA:10,1
DA:11,1
DA:17,1
DA:18,15
DA:19,15
DA:22,15
DA:23,1
DA:27,15
DA:28,1
DA:31,15
DA:91,1
DA:153,1
LF:15
LH:15
BRDA:107,0,0,15
BRDA:107,0,1,0
BRF:2
BRH:1
end_of_record
TN:
SF:src/pages/HomePage/index.ts
FN:6,(anonymous_1)
FN:7,(anonymous_2)
FNF:2
FNH:0
FNDA:0,(anonymous_1)
FNDA:0,(anonymous_2)
DA:6,0
DA:7,0
LF:2
LH:0
BRF:0
BRH:0
end_of_record
TN:
SF:src/pages/LoginPage/LoginPage.tsx
FN:11,(anonymous_0)
FNF:1
FNH:0
FNDA:0,(anonymous_0)
DA:5,0
DA:11,0
DA:12,0
DA:24,0
LF:4
LH:0
BRF:0
BRH:0
end_of_record
TN:
SF:src/pages/LoginPage/index.ts
FNF:0
FNH:0
DA:1,0
LF:1
LH:0
BRF:0
BRH:0
end_of_record
TN:
SF:src/pages/RegisterPage/RegisterPage.tsx
FN:13,(anonymous_0)
FNF:1
FNH:0
FNDA:0,(anonymous_0)
DA:7,0
DA:13,0
DA:14,0
DA:21,0
LF:4
LH:0
BRF:0
BRH:0
end_of_record
TN:
SF:src/pages/RegisterPage/index.ts
FNF:0
FNH:0
DA:1,0
LF:1
LH:0
BRF:0
BRH:0
end_of_record
TN:
SF:src/pages/TodoPage/TodoPage.tsx
FN:18,(anonymous_0)
FN:33,(anonymous_1)
FN:41,(anonymous_2)
FN:80,(anonymous_3)
FN:81,(anonymous_4)
FNF:5
FNH:0
FNDA:0,(anonymous_0)
FNDA:0,(anonymous_1)
FNDA:0,(anonymous_2)
FNDA:0,(anonymous_3)
FNDA:0,(anonymous_4)
DA:6,0
DA:7,0
DA:8,0
DA:9,0
DA:10,0
DA:18,0
DA:26,0
DA:27,0
DA:30,0
DA:33,0
DA:34,0
DA:37,0
DA:41,0
DA:42,0
DA:45,0
DA:80,0
DA:81,0
DA:104,0
LF:18
LH:0
BRF:0
BRH:0
end_of_record
TN:
SF:src/pages/TodoPage/index.ts
FNF:0
FNH:0
DA:1,0
LF:1
LH:0
BRF:0
BRH:0
end_of_record
TN:
SF:src/routes/AppRouter.tsx
FN:94,(anonymous_0)
FNF:1
FNH:0
FNDA:0,(anonymous_0)
DA:7,0
DA:8,0
DA:15,0
DA:16,0
DA:17,0
DA:23,0
DA:94,0
DA:95,0
DA:98,0
LF:9
LH:0
BRF:0
BRH:0
end_of_record
TN:
SF:src/routes/ErrorPage.tsx
FN:12,(anonymous_0)
FNF:1
FNH:1
FNDA:8,(anonymous_0)
DA:6,1
DA:7,1
DA:12,1
DA:13,8
DA:15,8
DA:55,1
LF:6
LH:6
BRDA:35,0,0,8
BRDA:35,0,1,3
BRDA:38,1,0,3
BRDA:38,1,1,2
BRF:4
BRH:4
end_of_record
TN:
SF:src/routes/ProtectedRoute.tsx
FN:24,(anonymous_7)
FN:51,(anonymous_8)
FN:64,(anonymous_9)
FN:65,(anonymous_10)
FN:65,(anonymous_11)
FNF:5
FNH:0
FNDA:0,(anonymous_7)
FNDA:0,(anonymous_8)
FNDA:0,(anonymous_9)
FNDA:0,(anonymous_10)
FNDA:0,(anonymous_11)
DA:7,0
DA:9,0
DA:10,0
DA:24,0
DA:25,0
DA:51,0
DA:57,0
DA:58,0
DA:59,0
DA:64,0
DA:65,0
DA:66,0
DA:68,0
DA:70,0
DA:72,0
DA:75,0
DA:77,0
DA:81,0
DA:87,0
DA:88,0
DA:94,0
DA:96,0
DA:109,0
DA:111,0
DA:112,0
DA:118,0
DA:121,0
LF:27
LH:0
BRDA:53,0,0,0
BRDA:54,1,0,0
BRDA:70,2,0,0
BRDA:70,2,1,0
BRDA:87,3,0,0
BRDA:87,3,1,0
BRDA:87,4,0,0
BRDA:87,4,1,0
BRDA:94,5,0,0
BRDA:94,5,1,0
BRDA:94,6,0,0
BRDA:94,6,1,0
BRDA:109,7,0,0
BRDA:109,7,1,0
BRDA:109,8,0,0
BRDA:109,8,1,0
BRDA:111,9,0,0
BRDA:111,9,1,0
BRDA:111,10,0,0
BRDA:111,10,1,0
BRDA:111,11,0,0
BRDA:111,11,1,0
BRF:22
BRH:0
end_of_record
TN:
SF:src/routes/index.ts
FN:6,(anonymous_0)
FN:7,(anonymous_1)
FNF:2
FNH:0
FNDA:0,(anonymous_0)
FNDA:0,(anonymous_1)
DA:6,0
DA:7,0
LF:2
LH:0
BRF:0
BRH:0
end_of_record
TN:
SF:src/schemas/index.ts
FN:10,(anonymous_1)
FN:11,(anonymous_2)
FN:14,(anonymous_3)
FN:15,(anonymous_4)
FN:18,(anonymous_5)
FN:19,(anonymous_6)
FN:20,(anonymous_7)
FN:21,(anonymous_8)
FN:24,(anonymous_9)
FN:25,(anonymous_10)
FN:28,(anonymous_11)
FN:29,(anonymous_12)
FN:30,(anonymous_13)
FN:31,(anonymous_14)
FN:34,(anonymous_15)
FN:54,(anonymous_16)
FNF:16
FNH:1
FNDA:44,(anonymous_1)
FNDA:0,(anonymous_2)
FNDA:0,(anonymous_3)
FNDA:0,(anonymous_4)
FNDA:0,(anonymous_5)
FNDA:0,(anonymous_6)
FNDA:0,(anonymous_7)
FNDA:0,(anonymous_8)
FNDA:0,(anonymous_9)
FNDA:0,(anonymous_10)
FNDA:0,(anonymous_11)
FNDA:0,(anonymous_12)
FNDA:0,(anonymous_13)
FNDA:0,(anonymous_14)
FNDA:0,(anonymous_15)
FNDA:0,(anonymous_16)
DA:8,1
DA:10,45
DA:11,1
DA:14,1
DA:15,1
DA:18,1
DA:19,1
DA:20,1
DA:21,1
DA:24,1
DA:25,1
DA:28,1
DA:29,1
DA:30,1
DA:31,1
DA:34,1
DA:54,1
LF:17
LH:17
BRF:0
BRH:0
end_of_record
TN:
SF:src/schemas/validationSchemas.ts
FN:96,(anonymous_0)
FN:102,(anonymous_1)
FN:138,(anonymous_2)
FN:284,(anonymous_3)
FN:288,(anonymous_4)
FN:329,(anonymous_5)
FN:389,(anonymous_6)
FN:405,(anonymous_7)
FN:408,(anonymous_8)
FN:421,(anonymous_9)
FN:422,(anonymous_10)
FN:437,(anonymous_11)
FN:458,(anonymous_12)
FN:461,(anonymous_13)
FN:472,(anonymous_14)
FN:477,(anonymous_15)
FNF:16
FNH:0
FNDA:0,(anonymous_0)
FNDA:0,(anonymous_1)
FNDA:0,(anonymous_2)
FNDA:0,(anonymous_3)
FNDA:0,(anonymous_4)
FNDA:0,(anonymous_5)
FNDA:0,(anonymous_6)
FNDA:0,(anonymous_7)
FNDA:0,(anonymous_8)
FNDA:0,(anonymous_9)
FNDA:0,(anonymous_10)
FNDA:0,(anonymous_11)
FNDA:0,(anonymous_12)
FNDA:0,(anonymous_13)
FNDA:0,(anonymous_14)
FNDA:0,(anonymous_15)
DA:6,1
DA:11,1
DA:13,1
DA:18,1
DA:41,1
DA:56,1
DA:96,0
DA:102,0
DA:110,1
DA:139,0
DA:140,0
DA:141,0
DA:142,0
DA:143,0
DA:164,1
DA:187,1
DA:213,1
DA:263,1
DA:284,0
DA:288,0
DA:296,1
DA:308,1
DA:329,0
DA:337,1
DA:359,1
DA:389,1
DA:393,0
DA:395,0
DA:396,0
DA:399,0
DA:405,1
DA:406,0
DA:408,0
DA:409,0
DA:410,0
DA:411,0
DA:415,0
DA:421,1
DA:422,0
DA:423,0
DA:424,0
DA:425,0
DA:430,0
DA:437,1
DA:443,0
DA:445,0
DA:446,0
DA:449,0
DA:458,1
DA:459,0
DA:461,0
DA:462,0
DA:463,0
DA:466,0
DA:472,1
DA:473,0
DA:474,0
DA:477,0
DA:478,0
DA:483,1
DA:494,1
LF:61
LH:23
BRDA:139,0,0,0
BRDA:139,0,1,0
BRDA:395,1,0,0
BRDA:395,1,1,0
BRDA:410,2,0,0
BRDA:410,2,1,0
BRDA:424,3,0,0
BRDA:424,3,1,0
BRDA:445,4,0,0
BRDA:445,4,1,0
BRDA:473,5,0,0
BRDA:473,5,1,0
BRDA:478,6,0,0
BRDA:478,6,1,0
BRF:14
BRH:0
end_of_record
TN:
SF:src/services/authService.ts
FN:60,(anonymous_8)
FN:73,(anonymous_9)
FN:130,(anonymous_11)
FN:192,(anonymous_13)
FN:224,(anonymous_15)
FN:243,(anonymous_17)
FN:297,(anonymous_19)
FN:337,(anonymous_21)
FN:358,(anonymous_22)
FN:394,(anonymous_24)
FN:422,(anonymous_26)
FN:442,(anonymous_27)
FN:460,(anonymous_28)
FN:467,(anonymous_29)
FN:480,(anonymous_30)
FN:487,(anonymous_31)
FN:494,(anonymous_32)
FN:508,(anonymous_33)
FN:516,(anonymous_34)
FN:558,(anonymous_35)
FNF:20
FNH:11
FNDA:1,(anonymous_8)
FNDA:6,(anonymous_9)
FNDA:2,(anonymous_11)
FNDA:1,(anonymous_13)
FNDA:0,(anonymous_15)
FNDA:0,(anonymous_17)
FNDA:0,(anonymous_19)
FNDA:3,(anonymous_21)
FNDA:0,(anonymous_22)
FNDA:0,(anonymous_24)
FNDA:3,(anonymous_26)
FNDA:0,(anonymous_27)
FNDA:0,(anonymous_28)
FNDA:1,(anonymous_29)
FNDA:3,(anonymous_30)
FNDA:0,(anonymous_31)
FNDA:2,(anonymous_32)
FNDA:2,(anonymous_33)
FNDA:5,(anonymous_34)
FNDA:0,(anonymous_35)
DA:6,1
DA:7,1
DA:8,1
DA:61,1
DA:62,1
DA:63,1
DA:64,1
DA:76,6
DA:78,6
DA:80,6
DA:85,2
DA:86,0
DA:90,2
DA:91,2
DA:92,2
DA:94,2
DA:97,2
DA:100,2
DA:103,2
DA:110,2
DA:115,4
DA:116,4
DA:118,4
DA:133,2
DA:135,2
DA:136,1
DA:140,1
DA:143,1
DA:148,1
DA:149,0
DA:153,1
DA:154,1
DA:155,1
DA:157,1
DA:160,1
DA:163,1
DA:166,1
DA:173,1
DA:178,1
DA:179,1
DA:181,1
DA:193,1
DA:195,1
DA:196,1
DA:198,0
DA:202,1
DA:205,1
DA:207,1
DA:211,0
DA:213,0
DA:226,0
DA:227,0
DA:230,0
DA:232,0
DA:233,0
DA:234,0
DA:236,0
DA:246,0
DA:247,0
DA:249,0
DA:250,0
DA:254,0
DA:261,0
DA:262,0
DA:265,0
DA:268,0
DA:271,0
DA:275,0
DA:280,0
DA:281,0
DA:284,0
DA:286,0
DA:298,0
DA:300,0
DA:301,0
DA:302,0
DA:309,0
DA:310,0
DA:312,0
DA:313,0
DA:316,0
DA:322,0
DA:324,0
DA:326,0
DA:338,3
DA:340,3
DA:341,1
DA:345,2
DA:346,2
DA:347,1
DA:350,1
DA:361,0
DA:362,0
DA:364,0
DA:365,0
DA:369,0
DA:370,0
DA:371,0
DA:372,0
DA:375,0
DA:380,0
DA:382,0
DA:397,0
DA:399,0
DA:400,0
DA:404,0
DA:406,0
DA:410,0
DA:412,0
DA:428,3
DA:430,3
DA:431,3
DA:432,3
DA:433,3
DA:436,3
DA:447,0
DA:449,0
DA:450,0
DA:451,0
DA:454,0
DA:461,0
DA:468,1
DA:469,1
DA:470,1
DA:471,1
DA:474,1
DA:481,3
DA:488,0
DA:495,2
DA:496,2
DA:498,2
DA:499,2
DA:501,1
DA:509,2
DA:510,2
DA:517,5
DA:518,2
DA:525,3
DA:526,3
DA:532,3
DA:534,3
DA:535,3
DA:542,0
DA:548,0
DA:559,0
DA:560,0
DA:561,0
DA:563,0
DA:565,0
DA:568,0
DA:569,0
DA:573,0
DA:576,0
DA:582,1
DA:583,1
LF:155
LH:80
BRDA:85,0,0,0
BRDA:85,0,1,2
BRDA:94,1,0,2
BRDA:94,1,1,0
BRDA:135,2,0,1
BRDA:135,2,1,1
BRDA:148,3,0,0
BRDA:148,3,1,1
BRDA:157,4,0,1
BRDA:157,4,1,0
BRDA:226,5,0,0
BRDA:226,5,1,0
BRDA:249,6,0,0
BRDA:249,6,1,0
BRDA:261,7,0,0
BRDA:261,7,1,0
BRDA:301,8,0,0
BRDA:301,8,1,0
BRDA:301,9,0,0
BRDA:301,9,1,0
BRDA:309,10,0,0
BRDA:309,10,1,0
BRDA:312,11,0,0
BRDA:312,11,1,0
BRDA:340,12,0,1
BRDA:340,12,1,2
BRDA:346,13,0,1
BRDA:346,13,1,1
BRDA:346,14,0,2
BRDA:346,14,1,2
BRDA:364,15,0,0
BRDA:364,15,1,0
BRDA:370,16,0,0
BRDA:370,16,1,0
BRDA:399,17,0,0
BRDA:399,17,1,0
BRDA:496,18,0,0
BRDA:496,18,1,2
BRDA:510,19,0,2
BRDA:510,19,1,0
BRDA:517,20,0,2
BRDA:517,20,1,3
BRDA:525,21,0,3
BRDA:525,21,1,0
BRDA:525,22,0,3
BRDA:525,22,1,3
BRDA:525,22,2,3
BRDA:534,23,0,3
BRDA:534,23,1,0
BRDA:534,24,0,0
BRDA:534,24,1,3
BRDA:534,25,0,3
BRDA:534,25,1,3
BRDA:536,26,0,3
BRDA:536,26,1,0
BRDA:537,27,0,3
BRDA:537,27,1,0
BRDA:543,28,0,0
BRDA:543,28,1,0
BRDA:563,29,0,0
BRDA:563,29,1,0
BRDA:563,30,0,0
BRDA:563,30,1,0
BRDA:563,30,2,0
BRDA:563,30,3,0
BRDA:569,31,0,0
BRDA:569,31,1,0
BRF:67
BRH:26
end_of_record
TN:
SF:src/services/httpClient.ts
FN:72,(anonymous_8)
FN:93,(anonymous_9)
FN:103,(anonymous_10)
FN:115,(anonymous_11)
FN:115,(anonymous_12)
FN:209,(anonymous_13)
FN:216,(anonymous_14)
FN:223,(anonymous_15)
FN:230,(anonymous_16)
FNF:9
FNH:0
FNDA:0,(anonymous_8)
FNDA:0,(anonymous_9)
FNDA:0,(anonymous_10)
FNDA:0,(anonymous_11)
FNDA:0,(anonymous_12)
FNDA:0,(anonymous_13)
FNDA:0,(anonymous_14)
FNDA:0,(anonymous_15)
FNDA:0,(anonymous_16)
DA:6,2
DA:12,2
DA:13,2
DA:14,2
DA:54,2
DA:66,2
DA:71,2
DA:73,0
DA:74,0
DA:77,0
DA:78,0
DA:82,0
DA:83,0
DA:91,0
DA:94,0
DA:95,0
DA:102,2
DA:105,0
DA:106,0
DA:113,0
DA:115,0
DA:116,0
DA:119,0
DA:124,0
DA:126,0
DA:127,0
DA:128,0
DA:130,0
DA:132,0
DA:146,0
DA:149,0
DA:158,0
DA:159,0
DA:162,0
DA:166,0
DA:169,0
DA:170,0
DA:176,0
DA:177,0
DA:188,0
DA:189,0
DA:198,0
DA:205,2
DA:210,0
DA:217,0
DA:224,0
DA:230,0
DA:240,2
LF:48
LH:10
BRDA:77,0,0,0
BRDA:77,0,1,0
BRDA:77,1,0,0
BRDA:77,1,1,0
BRDA:82,2,0,0
BRDA:82,2,1,0
BRDA:84,3,0,0
BRDA:84,3,1,0
BRDA:84,4,0,0
BRDA:84,4,1,0
BRDA:105,5,0,0
BRDA:105,5,1,0
BRDA:119,6,0,0
BRDA:119,6,1,0
BRDA:120,7,0,0
BRDA:120,7,1,0
BRDA:120,7,2,0
BRDA:120,8,0,0
BRDA:120,8,1,0
BRDA:120,9,0,0
BRDA:120,9,1,0
BRDA:130,10,0,0
BRDA:130,10,1,0
BRDA:158,11,0,0
BRDA:158,11,1,0
BRDA:169,12,0,0
BRDA:169,12,1,0
BRDA:176,13,0,0
BRDA:176,13,1,0
BRDA:176,14,0,0
BRDA:176,14,1,0
BRDA:179,15,0,0
BRDA:179,15,1,0
BRDA:179,15,2,0
BRDA:179,16,0,0
BRDA:179,16,1,0
BRDA:179,17,0,0
BRDA:179,17,1,0
BRDA:182,18,0,0
BRDA:182,18,1,0
BRDA:182,19,0,0
BRDA:182,19,1,0
BRDA:182,20,0,0
BRDA:182,20,1,0
BRDA:183,21,0,0
BRDA:183,21,1,0
BRDA:183,22,0,0
BRDA:183,22,1,0
BRDA:184,23,0,0
BRDA:184,23,1,0
BRDA:184,24,0,0
BRDA:184,24,1,0
BRDA:188,25,0,0
BRDA:188,25,1,0
BRDA:192,26,0,0
BRDA:192,26,1,0
BRDA:192,27,0,0
BRDA:192,27,1,0
BRDA:193,28,0,0
BRDA:193,28,1,0
BRDA:193,29,0,0
BRDA:193,29,1,0
BRDA:193,30,0,0
BRDA:193,30,1,0
BRDA:193,31,0,0
BRDA:193,31,1,0
BRF:66
BRH:0
end_of_record
TN:
SF:src/services/taskService.ts
FN:59,(anonymous_8)
FN:68,(anonymous_9)
FN:143,(anonymous_11)
FN:162,(anonymous_13)
FN:206,(anonymous_15)
FN:270,(anonymous_17)
FN:291,(anonymous_19)
FN:313,(anonymous_21)
FN:341,(anonymous_23)
FN:360,(anonymous_24)
FNF:10
FNH:5
FNDA:2,(anonymous_8)
FNDA:8,(anonymous_9)
FNDA:0,(anonymous_11)
FNDA:1,(anonymous_13)
FNDA:0,(anonymous_15)
FNDA:0,(anonymous_17)
FNDA:0,(anonymous_19)
FNDA:0,(anonymous_21)
FNDA:4,(anonymous_23)
FNDA:6,(anonymous_24)
DA:6,2
DA:7,2
DA:22,2
DA:60,2
DA:72,8
DA:73,8
DA:76,8
DA:77,1
DA:78,0
DA:80,1
DA:81,0
DA:83,1
DA:84,0
DA:86,1
DA:87,0
DA:89,1
DA:90,0
DA:95,8
DA:96,1
DA:97,1
DA:99,1
DA:100,1
DA:104,8
DA:105,8
DA:111,8
DA:114,2
DA:117,2
DA:126,2
DA:134,6
DA:144,0
DA:145,0
DA:146,0
DA:150,0
DA:151,0
DA:153,0
DA:165,1
DA:167,1
DA:168,1
DA:169,0
DA:173,1
DA:179,1
DA:185,1
DA:187,1
DA:189,1
DA:196,0
DA:210,0
DA:211,0
DA:212,0
DA:215,0
DA:216,0
DA:220,0
DA:223,0
DA:224,0
DA:225,0
DA:228,0
DA:229,0
DA:232,0
DA:233,0
DA:237,0
DA:238,0
DA:239,0
DA:241,0
DA:242,0
DA:246,0
DA:252,0
DA:254,0
DA:261,0
DA:273,0
DA:274,0
DA:275,0
DA:279,0
DA:280,0
DA:282,0
DA:292,0
DA:293,0
DA:294,0
DA:298,0
DA:299,0
DA:301,0
DA:316,0
DA:317,0
DA:318,0
DA:321,0
DA:323,0
DA:342,4
DA:364,6
DA:366,5
DA:370,1
DA:378,4
DA:379,3
DA:390,3
DA:399,1
DA:400,0
DA:407,1
DA:413,1
DA:421,2
DA:422,2
LF:97
LH:44
BRDA:76,0,0,1
BRDA:76,0,1,7
BRDA:77,1,0,0
BRDA:77,1,1,1
BRDA:77,2,0,1
BRDA:77,2,1,1
BRDA:80,3,0,0
BRDA:80,3,1,1
BRDA:83,4,0,0
BRDA:83,4,1,1
BRDA:86,5,0,0
BRDA:86,5,1,1
BRDA:89,6,0,0
BRDA:89,6,1,1
BRDA:95,7,0,1
BRDA:95,7,1,7
BRDA:96,8,0,1
BRDA:96,8,1,0
BRDA:99,9,0,1
BRDA:99,9,1,0
BRDA:105,10,0,1
BRDA:105,10,1,7
BRDA:118,11,0,2
BRDA:118,11,1,1
BRDA:118,12,0,1
BRDA:118,12,1,1
BRDA:118,13,0,2
BRDA:118,13,1,2
BRDA:119,14,0,2
BRDA:119,14,1,1
BRDA:119,15,0,1
BRDA:119,15,1,1
BRDA:119,16,0,2
BRDA:119,16,1,2
BRDA:121,17,0,2
BRDA:121,17,1,1
BRDA:121,18,0,1
BRDA:121,18,1,1
BRDA:121,19,0,2
BRDA:121,19,1,2
BRDA:145,20,0,0
BRDA:145,20,1,0
BRDA:167,21,0,1
BRDA:167,21,1,0
BRDA:168,22,0,0
BRDA:168,22,1,1
BRDA:168,23,0,1
BRDA:168,23,1,1
BRDA:175,24,0,1
BRDA:175,24,1,0
BRDA:176,25,0,1
BRDA:176,25,1,1
BRDA:211,26,0,0
BRDA:211,26,1,0
BRDA:215,27,0,0
BRDA:215,27,1,0
BRDA:223,28,0,0
BRDA:223,28,1,0
BRDA:224,29,0,0
BRDA:224,29,1,0
BRDA:228,30,0,0
BRDA:228,30,1,0
BRDA:232,31,0,0
BRDA:232,31,1,0
BRDA:237,32,0,0
BRDA:237,32,1,0
BRDA:237,33,0,0
BRDA:237,33,1,0
BRDA:238,34,0,0
BRDA:238,34,1,0
BRDA:241,35,0,0
BRDA:241,35,1,0
BRDA:242,36,0,0
BRDA:242,36,1,0
BRDA:274,37,0,0
BRDA:274,37,1,0
BRDA:293,38,0,0
BRDA:293,38,1,0
BRDA:317,39,0,0
BRDA:317,39,1,0
BRDA:364,40,0,5
BRDA:364,40,1,1
BRDA:366,41,0,1
BRDA:366,41,1,4
BRDA:367,42,0,5
BRDA:367,42,1,4
BRDA:378,43,0,3
BRDA:378,43,1,1
BRDA:378,44,0,4
BRDA:378,44,1,3
BRDA:391,45,0,3
BRDA:391,45,1,1
BRDA:391,46,0,0
BRDA:391,46,1,3
BRDA:391,47,0,3
BRDA:391,47,1,3
BRDA:392,48,0,3
BRDA:392,48,1,1
BRDA:392,49,0,0
BRDA:392,49,1,3
BRDA:392,50,0,3
BRDA:392,50,1,3
BRDA:394,51,0,0
BRDA:394,51,1,3
BRDA:394,52,0,3
BRDA:394,52,1,3
BRDA:399,53,0,0
BRDA:399,53,1,1
BRDA:399,54,0,1
BRDA:399,54,1,0
BRDA:408,55,0,1
BRDA:408,55,1,0
BRF:112
BRH:66
end_of_record
TN:
SF:src/stores/hooks.ts
FN:14,(anonymous_0)
FN:26,(anonymous_1)
FN:37,(anonymous_2)
FN:37,(anonymous_3)
FNF:4
FNH:0
FNDA:0,(anonymous_0)
FNDA:0,(anonymous_1)
FNDA:0,(anonymous_2)
FNDA:0,(anonymous_3)
DA:6,0
DA:14,0
DA:20,0
DA:26,0
DA:27,0
DA:28,0
DA:30,0
DA:37,0
LF:8
LH:0
BRF:0
BRH:0
end_of_record
TN:
SF:src/stores/index.ts
FN:7,(anonymous_1)
FN:7,(anonymous_2)
FN:7,(anonymous_3)
FN:7,(anonymous_4)
FN:12,(anonymous_5)
FN:13,(anonymous_6)
FN:14,(anonymous_7)
FN:15,(anonymous_8)
FNF:8
FNH:0
FNDA:0,(anonymous_1)
FNDA:0,(anonymous_2)
FNDA:0,(anonymous_3)
FNDA:0,(anonymous_4)
FNDA:0,(anonymous_5)
FNDA:0,(anonymous_6)
FNDA:0,(anonymous_7)
FNDA:0,(anonymous_8)
DA:7,0
DA:11,0
DA:12,0
DA:13,0
DA:14,0
DA:15,0
LF:6
LH:0
BRF:0
BRH:0
end_of_record
TN:
SF:src/stores/store.ts
FN:56,(anonymous_1)
FN:86,(anonymous_2)
FN:100,(anonymous_3)
FNF:3
FNH:2
FNDA:2,(anonymous_1)
FNDA:0,(anonymous_2)
FNDA:2,(anonymous_3)
DA:6,2
DA:7,2
DA:17,2
DA:18,2
DA:21,2
DA:22,2
DA:27,2
DA:36,2
DA:49,2
DA:54,2
DA:57,2
DA:70,2
DA:86,2
DA:87,2
DA:92,2
DA:97,2
DA:100,2
DA:101,2
DA:105,2
LF:19
LH:19
BRDA:92,0,0,2
BRDA:92,0,1,0
BRF:2
BRH:1
end_of_record
TN:
SF:src/stores/slices/authSlice.ts
FN:40,(anonymous_0)
FN:45,(anonymous_1)
FN:56,(anonymous_2)
FN:67,(anonymous_3)
FN:72,(anonymous_4)
FN:83,(anonymous_5)
FN:94,(anonymous_6)
FN:105,(anonymous_7)
FN:110,(anonymous_8)
FN:115,(anonymous_9)
FN:127,(anonymous_10)
FN:141,(anonymous_11)
FN:146,(anonymous_12)
FN:171,(anonymous_13)
FN:172,(anonymous_14)
FN:173,(anonymous_15)
FN:174,(anonymous_16)
FN:176,(anonymous_17)
FN:178,(anonymous_18)
FN:179,(anonymous_19)
FN:183,(anonymous_20)
FN:188,(anonymous_21)
FNF:22
FNH:0
FNDA:0,(anonymous_0)
FNDA:0,(anonymous_1)
FNDA:0,(anonymous_2)
FNDA:0,(anonymous_3)
FNDA:0,(anonymous_4)
FNDA:0,(anonymous_5)
FNDA:0,(anonymous_6)
FNDA:0,(anonymous_7)
FNDA:0,(anonymous_8)
FNDA:0,(anonymous_9)
FNDA:0,(anonymous_10)
FNDA:0,(anonymous_11)
FNDA:0,(anonymous_12)
FNDA:0,(anonymous_13)
FNDA:0,(anonymous_14)
FNDA:0,(anonymous_15)
FNDA:0,(anonymous_16)
FNDA:0,(anonymous_17)
FNDA:0,(anonymous_18)
FNDA:0,(anonymous_19)
FNDA:0,(anonymous_20)
FNDA:0,(anonymous_21)
DA:6,3
DA:22,3
DA:35,3
DA:41,0
DA:42,0
DA:46,0
DA:47,0
DA:48,0
DA:49,0
DA:50,0
DA:51,0
DA:52,0
DA:53,0
DA:57,0
DA:58,0
DA:59,0
DA:60,0
DA:61,0
DA:62,0
DA:63,0
DA:68,0
DA:69,0
DA:73,0
DA:74,0
DA:75,0
DA:76,0
DA:77,0
DA:78,0
DA:79,0
DA:80,0
DA:84,0
DA:85,0
DA:86,0
DA:87,0
DA:88,0
DA:89,0
DA:90,0
DA:95,0
DA:96,0
DA:97,0
DA:98,0
DA:99,0
DA:100,0
DA:101,0
DA:106,0
DA:111,0
DA:112,0
DA:119,0
DA:120,0
DA:121,0
DA:122,0
DA:123,0
DA:124,0
DA:131,0
DA:132,0
DA:133,0
DA:134,0
DA:135,0
DA:136,0
DA:137,0
DA:142,0
DA:147,0
DA:148,0
DA:154,3
DA:171,3
DA:172,3
DA:173,3
DA:174,3
DA:175,0
DA:176,3
DA:177,0
DA:178,3
DA:179,3
DA:180,0
DA:183,3
DA:184,0
DA:185,0
DA:188,3
DA:189,0
DA:190,0
DA:191,0
DA:195,3
LF:82
LH:14
BRDA:185,0,0,0
BRDA:185,0,1,0
BRDA:191,1,0,0
BRDA:191,1,1,0
BRF:4
BRH:0
end_of_record
TN:
SF:src/stores/slices/todoSlice.ts
FN:55,(anonymous_0)
FN:73,(anonymous_1)
FN:83,(anonymous_2)
FN:92,(anonymous_3)
FN:97,(anonymous_4)
FN:110,(anonymous_5)
FN:119,(anonymous_6)
FN:124,(anonymous_7)
FN:130,(anonymous_8)
FN:144,(anonymous_9)
FN:153,(anonymous_10)
FN:158,(anonymous_11)
FN:167,(anonymous_12)
FN:183,(anonymous_13)
FN:192,(anonymous_14)
FN:198,(anonymous_15)
FN:209,(anonymous_16)
FN:214,(anonymous_17)
FN:218,(anonymous_18)
FN:222,(anonymous_19)
FN:228,(anonymous_20)
FN:233,(anonymous_21)
FN:258,(anonymous_22)
FN:287,(anonymous_23)
FN:288,(anonymous_24)
FN:290,(anonymous_25)
FN:292,(anonymous_26)
FN:294,(anonymous_27)
FN:296,(anonymous_28)
FN:298,(anonymous_29)
FN:302,(anonymous_30)
FN:308,(anonymous_31)
FN:317,(anonymous_32)
FN:323,(anonymous_33)
FN:330,(anonymous_34)
FN:356,(anonymous_35)
FN:359,(anonymous_36)
FN:367,(anonymous_37)
FN:372,(anonymous_38)
FNF:39
FNH:28
FNDA:10,(anonymous_0)
FNDA:1,(anonymous_1)
FNDA:10,(anonymous_2)
FNDA:3,(anonymous_3)
FNDA:2,(anonymous_4)
FNDA:1,(anonymous_5)
FNDA:0,(anonymous_6)
FNDA:2,(anonymous_7)
FNDA:2,(anonymous_8)
FNDA:0,(anonymous_9)
FNDA:0,(anonymous_10)
FNDA:3,(anonymous_11)
FNDA:5,(anonymous_12)
FNDA:0,(anonymous_13)
FNDA:1,(anonymous_14)
FNDA:1,(anonymous_15)
FNDA:0,(anonymous_16)
FNDA:0,(anonymous_17)
FNDA:0,(anonymous_18)
FNDA:0,(anonymous_19)
FNDA:2,(anonymous_20)
FNDA:2,(anonymous_21)
FNDA:0,(anonymous_22)
FNDA:0,(anonymous_23)
FNDA:41,(anonymous_24)
FNDA:41,(anonymous_25)
FNDA:41,(anonymous_26)
FNDA:41,(anonymous_27)
FNDA:41,(anonymous_28)
FNDA:41,(anonymous_29)
FNDA:45,(anonymous_30)
FNDA:2,(anonymous_31)
FNDA:0,(anonymous_32)
FNDA:2,(anonymous_33)
FNDA:2,(anonymous_34)
FNDA:43,(anonymous_35)
FNDA:4,(anonymous_36)
FNDA:3,(anonymous_37)
FNDA:5,(anonymous_38)
DA:6,4
DA:27,4
DA:50,4
DA:56,10
DA:57,10
DA:60,10
DA:61,1
DA:65,10
DA:66,1
DA:77,1
DA:78,1
DA:79,1
DA:80,1
DA:87,10
DA:88,10
DA:93,3
DA:94,3
DA:101,2
DA:102,2
DA:106,2
DA:107,2
DA:114,1
DA:115,1
DA:120,0
DA:121,0
DA:128,2
DA:129,2
DA:130,2
DA:132,2
DA:133,2
DA:137,2
DA:138,1
DA:141,2
DA:148,0
DA:149,0
DA:154,0
DA:155,0
DA:162,3
DA:163,3
DA:166,3
DA:167,5
DA:171,3
DA:175,1
DA:179,3
DA:180,3
DA:187,0
DA:188,0
DA:193,1
DA:195,1
DA:199,1
DA:205,1
DA:210,0
DA:215,0
DA:219,0
DA:223,0
DA:224,0
DA:232,2
DA:233,2
DA:235,2
DA:237,2
DA:238,2
DA:240,0
DA:245,2
DA:249,1
DA:250,1
DA:252,0
DA:258,0
DA:263,4
DA:287,4
DA:288,4
DA:289,41
DA:290,4
DA:291,41
DA:292,4
DA:293,41
DA:294,4
DA:295,41
DA:296,4
DA:297,41
DA:298,4
DA:299,41
DA:302,4
DA:303,45
DA:304,45
DA:307,45
DA:308,1
DA:310,2
DA:311,2
DA:316,45
DA:317,0
DA:321,45
DA:322,1
DA:323,1
DA:324,2
DA:325,2
DA:330,45
DA:331,2
DA:333,2
DA:336,1
DA:337,1
DA:338,1
DA:339,1
DA:343,1
DA:344,1
DA:345,1
DA:346,1
DA:350,2
DA:353,45
DA:356,4
DA:357,43
DA:358,43
DA:359,43
DA:360,4
DA:362,43
DA:364,43
DA:367,4
DA:371,3
DA:372,5
DA:377,4
LF:119
LH:102
BRDA:60,0,0,1
BRDA:60,0,1,9
BRDA:65,1,0,1
BRDA:65,1,1,9
BRDA:132,2,0,2
BRDA:132,2,1,0
BRDA:137,3,0,1
BRDA:137,3,1,1
BRDA:137,4,0,1
BRDA:137,4,1,1
BRDA:137,5,0,2
BRDA:137,5,1,1
BRDA:171,6,0,1
BRDA:171,6,1,2
BRDA:172,7,0,3
BRDA:172,7,1,1
BRDA:235,8,0,2
BRDA:235,8,1,0
BRDA:237,9,0,2
BRDA:237,9,1,0
BRDA:245,10,0,1
BRDA:245,10,1,1
BRDA:246,11,0,2
BRDA:246,11,1,1
BRDA:249,12,0,1
BRDA:249,12,1,0
BRDA:307,13,0,1
BRDA:307,13,1,44
BRDA:310,14,0,2
BRDA:310,14,1,0
BRDA:311,15,0,2
BRDA:311,15,1,0
BRDA:316,16,0,0
BRDA:316,16,1,45
BRDA:321,17,0,1
BRDA:321,17,1,44
BRDA:324,18,0,2
BRDA:324,18,1,0
BRDA:324,18,2,0
BRDA:333,19,0,0
BRDA:333,19,1,1
BRDA:333,19,2,1
BRDA:333,19,3,1
BRDA:336,20,0,1
BRDA:336,20,1,0
BRDA:336,20,2,0
BRDA:337,21,0,1
BRDA:337,21,1,0
BRDA:337,21,2,0
BRDA:343,22,0,1
BRDA:343,22,1,0
BRDA:343,22,2,0
BRDA:344,23,0,1
BRDA:344,23,1,0
BRDA:344,23,2,0
BRDA:350,24,0,0
BRDA:350,24,1,2
BRDA:360,25,0,4
BRDA:360,25,1,0
BRDA:372,26,0,3
BRDA:372,26,1,1
BRF:61
BRH:41
end_of_record
TN:
SF:src/utils/dateUtils.ts
FN:12,(anonymous_0)
FN:26,(anonymous_1)
FN:36,(anonymous_2)
FN:56,(anonymous_3)
FN:71,(anonymous_4)
FNF:5
FNH:1
FNDA:29,(anonymous_0)
FNDA:0,(anonymous_1)
FNDA:0,(anonymous_2)
FNDA:0,(anonymous_3)
FNDA:0,(anonymous_4)
DA:12,3
DA:13,29
DA:26,3
DA:27,0
DA:36,3
DA:37,0
DA:38,0
DA:39,0
DA:41,0
DA:42,0
DA:43,0
DA:44,0
DA:45,0
DA:47,0
DA:56,3
DA:57,0
DA:58,0
DA:71,3
DA:72,0
DA:73,0
DA:74,0
LF:21
LH:6
BRDA:41,0,0,0
BRDA:41,0,1,0
BRDA:42,1,0,0
BRDA:42,1,1,0
BRDA:43,2,0,0
BRDA:43,2,1,0
BRDA:44,3,0,0
BRDA:44,3,1,0
BRDA:45,4,0,0
BRDA:45,4,1,0
BRDA:59,5,0,0
BRDA:59,5,1,0
BRDA:59,5,2,0
BRDA:74,6,0,0
BRDA:74,6,1,0
BRF:15
BRH:0
end_of_record
TN:
SF:src/utils/index.ts
FN:8,(anonymous_0)
FN:9,(anonymous_1)
FN:10,(anonymous_2)
FN:11,(anonymous_3)
FN:12,(anonymous_4)
FN:17,(anonymous_5)
FN:18,(anonymous_6)
FN:19,(anonymous_7)
FN:20,(anonymous_8)
FNF:9
FNH:1
FNDA:63,(anonymous_0)
FNDA:0,(anonymous_1)
FNDA:0,(anonymous_2)
FNDA:0,(anonymous_3)
FNDA:0,(anonymous_4)
FNDA:0,(anonymous_5)
FNDA:0,(anonymous_6)
FNDA:0,(anonymous_7)
FNDA:0,(anonymous_8)
DA:7,3
DA:8,66
DA:9,3
DA:10,3
DA:11,3
DA:12,3
DA:16,3
DA:17,3
DA:18,3
DA:19,3
DA:20,3
LF:11
LH:11
BRF:0
BRH:0
end_of_record
TN:
SF:src/utils/notifications.ts
FN:16,(anonymous_16)
FN:16,(anonymous_17)
FN:17,(anonymous_18)
FN:24,(anonymous_19)
FN:24,(anonymous_20)
FN:25,(anonymous_21)
FN:32,(anonymous_22)
FN:32,(anonymous_23)
FN:33,(anonymous_24)
FN:40,(anonymous_25)
FN:40,(anonymous_26)
FN:41,(anonymous_27)
FN:48,(anonymous_28)
FN:48,(anonymous_29)
FN:49,(anonymous_30)
FN:56,(anonymous_31)
FN:56,(anonymous_32)
FN:57,(anonymous_33)
FNF:18
FNH:0
FNDA:0,(anonymous_16)
FNDA:0,(anonymous_17)
FNDA:0,(anonymous_18)
FNDA:0,(anonymous_19)
FNDA:0,(anonymous_20)
FNDA:0,(anonymous_21)
FNDA:0,(anonymous_22)
FNDA:0,(anonymous_23)
FNDA:0,(anonymous_24)
FNDA:0,(anonymous_25)
FNDA:0,(anonymous_26)
FNDA:0,(anonymous_27)
FNDA:0,(anonymous_28)
FNDA:0,(anonymous_29)
FNDA:0,(anonymous_30)
FNDA:0,(anonymous_31)
FNDA:0,(anonymous_32)
FNDA:0,(anonymous_33)
DA:12,0
DA:16,0
DA:17,0
DA:18,0
DA:24,0
DA:25,0
DA:26,0
DA:32,0
DA:33,0
DA:34,0
DA:40,0
DA:41,0
DA:42,0
DA:48,0
DA:49,0
DA:50,0
DA:56,0
DA:57,0
DA:58,0
DA:62,0
LF:20
LH:0
BRF:0
BRH:0
end_of_record
TN:
SF:src/utils/passwordUtils.ts
FN:16,(anonymous_0)
FN:42,(anonymous_1)
FN:55,(anonymous_2)
FN:67,(anonymous_3)
FNF:4
FNH:0
FNDA:0,(anonymous_0)
FNDA:0,(anonymous_1)
FNDA:0,(anonymous_2)
FNDA:0,(anonymous_3)
DA:16,3
DA:17,0
DA:20,0
DA:23,0
DA:26,0
DA:29,0
DA:32,0
DA:34,0
DA:42,3
DA:43,0
DA:44,0
DA:45,0
DA:46,0
DA:55,3
DA:59,0
DA:67,3
DA:68,0
DA:70,0
DA:71,0
DA:74,0
DA:75,0
DA:78,0
DA:79,0
DA:82,0
DA:83,0
DA:86,0
DA:87,0
DA:90,0
LF:28
LH:4
BRDA:20,0,0,0
BRDA:20,0,1,0
BRDA:23,1,0,0
BRDA:23,1,1,0
BRDA:26,2,0,0
BRDA:26,2,1,0
BRDA:29,3,0,0
BRDA:29,3,1,0
BRDA:32,4,0,0
BRDA:32,4,1,0
BRDA:43,5,0,0
BRDA:43,5,1,0
BRDA:44,6,0,0
BRDA:44,6,1,0
BRDA:45,7,0,0
BRDA:45,7,1,0
BRDA:59,8,0,0
BRDA:59,8,1,0
BRDA:59,8,2,0
BRDA:70,9,0,0
BRDA:70,9,1,0
BRDA:74,10,0,0
BRDA:74,10,1,0
BRDA:78,11,0,0
BRDA:78,11,1,0
BRDA:82,12,0,0
BRDA:82,12,1,0
BRDA:86,13,0,0
BRDA:86,13,1,0
BRF:29
BRH:0
end_of_record
